#
# There is insufficient memory for the Java Runtime Environment to continue.
# Native memory allocation (mmap) failed to map 381681664 bytes. Error detail: G1 virtual space
# Possible reasons:
#   The system is out of physical RAM or swap space
#   This process is running with CompressedOops enabled, and the Java Heap may be blocking the growth of the native heap
# Possible solutions:
#   Reduce memory load on the system
#   Increase physical memory or swap space
#   Check if swap backing store is full
#   Decrease Java heap size (-Xmx/-Xms)
#   Decrease number of Java threads
#   Decrease Java thread stack sizes (-Xss)
#   Set larger code cache with -XX:ReservedCodeCacheSize=
#   JVM is running with Zero Based Compressed Oops mode in which the Java heap is
#     placed in the first 32GB address space. The Java Heap base address is the
#     maximum limit for the native heap growth. Please use -XX:HeapBaseMinAddress
#     to set the Java Heap base and to place the Java Heap above 32GB virtual address.
# This output file may be truncated or incomplete.
#
#  Out of Memory Error (os_windows.cpp:3618), pid=9384, tid=9280
#
# JRE version: OpenJDK Runtime Environment Temurin-17.0.15+6 (17.0.15+6) (build 17.0.15+6)
# Java VM: OpenJDK 64-Bit Server VM Temurin-17.0.15+6 (17.0.15+6, mixed mode, sharing, tiered, compressed oops, compressed class ptrs, g1 gc, windows-amd64)
# No core dump will be written. Minidumps are not enabled by default on client versions of Windows
#

---------------  S U M M A R Y ------------

Command Line: --add-opens=java.base/java.util=ALL-UNNAMED --add-opens=java.base/java.lang=ALL-UNNAMED --add-opens=java.base/java.lang.invoke=ALL-UNNAMED --add-opens=java.base/java.util=ALL-UNNAMED --add-opens=java.prefs/java.util.prefs=ALL-UNNAMED --add-opens=java.prefs/java.util.prefs=ALL-UNNAMED --add-opens=java.base/java.nio.charset=ALL-UNNAMED --add-opens=java.base/java.net=ALL-UNNAMED --add-opens=java.base/java.util.concurrent.atomic=ALL-UNNAMED -Xmx4536m -Dfile.encoding=windows-1252 -Duser.country=US -Duser.language=en -Duser.variant org.gradle.launcher.daemon.bootstrap.GradleDaemon 7.4.2

Host: Intel(R) Core(TM) i5-4590 CPU @ 3.30GHz, 4 cores, 7G,  Windows 10 , 64 bit Build 19041 (10.0.19041.5678)
Time: Tue Apr 29 17:02:54 2025 Egypt Daylight Time elapsed time: 18.368400 seconds (0d 0h 0m 18s)

---------------  T H R E A D  ---------------

Current thread (0x00000282e3da2410):  VMThread "VM Thread" [stack: 0x000000adb7000000,0x000000adb7100000] [id=9280]

Stack: [0x000000adb7000000,0x000000adb7100000]
Native frames: (J=compiled Java code, j=interpreted, Vv=VM code, C=native code)
V  [jvm.dll+0x682fc9]
V  [jvm.dll+0x839878]
V  [jvm.dll+0x83b323]
V  [jvm.dll+0x83b993]
V  [jvm.dll+0x24725f]
V  [jvm.dll+0x67fda9]
V  [jvm.dll+0x674c9a]
V  [jvm.dll+0x304d06]
V  [jvm.dll+0x30c1c6]
V  [jvm.dll+0x35dd4e]
V  [jvm.dll+0x35df8d]
V  [jvm.dll+0x2dc0cc]
V  [jvm.dll+0x2da46f]
V  [jvm.dll+0x2d9bdc]
V  [jvm.dll+0x31d781]
V  [jvm.dll+0x8401cd]
V  [jvm.dll+0x840f03]
V  [jvm.dll+0x84142f]
V  [jvm.dll+0x841814]
V  [jvm.dll+0x8418de]
V  [jvm.dll+0x7e94dc]
V  [jvm.dll+0x681ea7]
C  [ucrtbase.dll+0x21bb2]
C  [KERNEL32.DLL+0x17374]
C  [ntdll.dll+0x4cc91]

VM_Operation (0x000000adb9ff9910): G1TryInitiateConcMark, mode: safepoint, requested by thread 0x000002832d6bd080


---------------  P R O C E S S  ---------------

Threads class SMR info:
_java_thread_list=0x000002832e276e50, length=85, elements={
0x00000282c054dbb0, 0x00000282e3da7370, 0x00000282e3da9200, 0x00000282e3dc11c0,
0x00000282e3dc1b80, 0x00000282e3dc2540, 0x00000282e3dc2f00, 0x00000282e3dc8100,
0x00000282e3dd0bc0, 0x00000282e3e043b0, 0x00000283290f1db0, 0x00000283290ef020,
0x00000283290f18a0, 0x00000283290f22c0, 0x00000283290f0970, 0x00000283290f1390,
0x00000283290f27d0, 0x00000283290f0e80, 0x00000283290ef530, 0x00000283290efa40,
0x00000283290eff50, 0x00000283290f0460, 0x000002832b300300, 0x000002832b305400,
0x000002832b303ab0, 0x000002832b302b80, 0x000002832b2ff3d0, 0x000002832b305910,
0x000002832b301230, 0x000002832b301740, 0x000002832b300810, 0x000002832b303090,
0x000002832b301c50, 0x000002832b2fe4a0, 0x000002832b3044d0, 0x000002832b2fe9b0,
0x000002832b2feec0, 0x000002832b3049e0, 0x000002832b2ffdf0, 0x000002832d6b89a0,
0x000002832d6bc150, 0x000002832d6bd080, 0x000002832d6b7f80, 0x000002832d6bb220,
0x000002832d6b8490, 0x000002832d6bb730, 0x000002832d6ba800, 0x000002832d6bdfb0,
0x000002832d6ba2f0, 0x000002832d6bbc40, 0x000002832d6bad10, 0x000002832d6bc660,
0x000002832d6b98d0, 0x000002832d6bcb70, 0x000002832d6bd590, 0x000002832d6bdaa0,
0x000002832d6be4c0, 0x000002832d6be9d0, 0x000002832d6beee0, 0x000002832d6bf3f0,
0x000002832d6b93c0, 0x000002832d6bf900, 0x000002832d6b8eb0, 0x000002832d6b9de0,
0x00000283295b42e0, 0x00000283295b2480, 0x00000283295b5c30, 0x00000283295b33b0,
0x00000283295b1550, 0x00000283295b4d00, 0x00000283295b1a60, 0x00000283295b1040,
0x00000283295b2990, 0x00000283295b7580, 0x00000283295b2ea0, 0x00000283295b38c0,
0x00000283295b3dd0, 0x00000283295b47f0, 0x00000283295b1f70, 0x00000283295b7a90,
0x00000283295b5720, 0x00000283295b89c0, 0x00000283295b6140, 0x00000283295b6650,
0x00000283295b6b60
}

Java Threads: ( => current thread )
  0x00000282c054dbb0 JavaThread "main" [_thread_blocked, id=2488, stack(0x000000adb6a00000,0x000000adb6b00000)]
  0x00000282e3da7370 JavaThread "Reference Handler" daemon [_thread_blocked, id=7672, stack(0x000000adb7100000,0x000000adb7200000)]
  0x00000282e3da9200 JavaThread "Finalizer" daemon [_thread_blocked, id=4420, stack(0x000000adb7200000,0x000000adb7300000)]
  0x00000282e3dc11c0 JavaThread "Signal Dispatcher" daemon [_thread_blocked, id=11780, stack(0x000000adb7300000,0x000000adb7400000)]
  0x00000282e3dc1b80 JavaThread "Attach Listener" daemon [_thread_blocked, id=7456, stack(0x000000adb7400000,0x000000adb7500000)]
  0x00000282e3dc2540 JavaThread "Service Thread" daemon [_thread_blocked, id=7256, stack(0x000000adb7500000,0x000000adb7600000)]
  0x00000282e3dc2f00 JavaThread "Monitor Deflation Thread" daemon [_thread_blocked, id=13200, stack(0x000000adb7600000,0x000000adb7700000)]
  0x00000282e3dc8100 JavaThread "C2 CompilerThread0" daemon [_thread_blocked, id=2940, stack(0x000000adb7700000,0x000000adb7800000)]
  0x00000282e3dd0bc0 JavaThread "C1 CompilerThread0" daemon [_thread_blocked, id=8720, stack(0x000000adb7800000,0x000000adb7900000)]
  0x00000282e3e043b0 JavaThread "Sweeper thread" daemon [_thread_blocked, id=11760, stack(0x000000adb7900000,0x000000adb7a00000)]
  0x00000283290f1db0 JavaThread "Common-Cleaner" daemon [_thread_blocked, id=11712, stack(0x000000adb7a00000,0x000000adb7b00000)]
  0x00000283290ef020 JavaThread "Notification Thread" daemon [_thread_blocked, id=1308, stack(0x000000adb7b00000,0x000000adb7c00000)]
  0x00000283290f18a0 JavaThread "Daemon health stats" [_thread_blocked, id=11292, stack(0x000000adb8100000,0x000000adb8200000)]
  0x00000283290f22c0 JavaThread "Incoming local TCP Connector on port 62949" [_thread_in_native, id=11792, stack(0x000000adb8200000,0x000000adb8300000)]
  0x00000283290f0970 JavaThread "Daemon periodic checks" [_thread_blocked, id=4048, stack(0x000000adb8300000,0x000000adb8400000)]
  0x00000283290f1390 JavaThread "Daemon" [_thread_blocked, id=11776, stack(0x000000adb8400000,0x000000adb8500000)]
  0x00000283290f27d0 JavaThread "Handler for socket connection from /127.0.0.1:62949 to /127.0.0.1:62950" [_thread_in_native, id=13244, stack(0x000000adb8500000,0x000000adb8600000)]
  0x00000283290f0e80 JavaThread "Cancel handler" [_thread_blocked, id=12852, stack(0x000000adb8600000,0x000000adb8700000)]
  0x00000283290ef530 JavaThread "Daemon worker" [_thread_blocked, id=11804, stack(0x000000adb8700000,0x000000adb8800000)]
  0x00000283290efa40 JavaThread "Asynchronous log dispatcher for DefaultDaemonConnection: socket connection from /127.0.0.1:62949 to /127.0.0.1:62950" [_thread_blocked, id=10836, stack(0x000000adb8800000,0x000000adb8900000)]
  0x00000283290eff50 JavaThread "Stdin handler" [_thread_blocked, id=13240, stack(0x000000adb8900000,0x000000adb8a00000)]
  0x00000283290f0460 JavaThread "Daemon client event forwarder" [_thread_blocked, id=12864, stack(0x000000adb8a00000,0x000000adb8b00000)]
  0x000002832b300300 JavaThread "Cache worker for journal cache (C:\Users\Alaa\.gradle\caches\journal-1)" [_thread_blocked, id=13248, stack(0x000000adb8b00000,0x000000adb8c00000)]
  0x000002832b305400 JavaThread "File lock request listener" [_thread_in_native, id=9936, stack(0x000000adb8c00000,0x000000adb8d00000)]
  0x000002832b303ab0 JavaThread "Cache worker for file hash cache (C:\Users\Alaa\.gradle\caches\7.4.2\fileHashes)" [_thread_blocked, id=9552, stack(0x000000adb8d00000,0x000000adb8e00000)]
  0x000002832b302b80 JavaThread "File watcher server" daemon [_thread_in_native, id=9132, stack(0x000000adb8e00000,0x000000adb8f00000)]
  0x000002832b2ff3d0 JavaThread "File watcher consumer" daemon [_thread_blocked, id=13148, stack(0x000000adb8f00000,0x000000adb9000000)]
  0x000002832b305910 JavaThread "Cache worker for checksums cache (F:\InfiniteRunner-main\Backup O\android\build\.gradle\7.4.2\checksums)" [_thread_blocked, id=5968, stack(0x000000adb9000000,0x000000adb9100000)]
  0x000002832b301230 JavaThread "Cache worker for cache directory md-rule (C:\Users\Alaa\.gradle\caches\7.4.2\md-rule)" [_thread_blocked, id=8008, stack(0x000000adb9100000,0x000000adb9200000)]
  0x000002832b301740 JavaThread "Cache worker for file hash cache (F:\InfiniteRunner-main\Backup O\android\build\.gradle\7.4.2\fileHashes)" [_thread_blocked, id=4764, stack(0x000000adb9200000,0x000000adb9300000)]
  0x000002832b300810 JavaThread "Cache worker for cache directory md-supplier (C:\Users\Alaa\.gradle\caches\7.4.2\md-supplier)" [_thread_blocked, id=14228, stack(0x000000adb9300000,0x000000adb9400000)]
  0x000002832b303090 JavaThread "Cache worker for execution history cache (C:\Users\Alaa\.gradle\caches\7.4.2\executionHistory)" [_thread_blocked, id=12468, stack(0x000000adb9400000,0x000000adb9500000)]
  0x000002832b301c50 JavaThread "jar transforms" [_thread_blocked, id=14200, stack(0x000000adb9500000,0x000000adb9600000)]
  0x000002832b2fe4a0 JavaThread "Cache worker for file content cache (C:\Users\Alaa\.gradle\caches\7.4.2\fileContent)" [_thread_blocked, id=14048, stack(0x000000adb9600000,0x000000adb9700000)]
  0x000002832b3044d0 JavaThread "jar transforms Thread 2" [_thread_blocked, id=11472, stack(0x000000adb9800000,0x000000adb9900000)]
  0x000002832b2fe9b0 JavaThread "jar transforms Thread 3" [_thread_blocked, id=11556, stack(0x000000adb9900000,0x000000adb9a00000)]
  0x000002832b2feec0 JavaThread "jar transforms Thread 4" [_thread_blocked, id=14212, stack(0x000000adb9a00000,0x000000adb9b00000)]
  0x000002832b3049e0 JavaThread "Cache worker for dependencies-accessors (F:\InfiniteRunner-main\Backup O\android\build\.gradle\7.4.2\dependencies-accessors)" [_thread_blocked, id=12424, stack(0x000000adb9b00000,0x000000adb9c00000)]
  0x000002832b2ffdf0 JavaThread "Cache worker for Build Output Cleanup Cache (F:\InfiniteRunner-main\Backup O\android\build\.gradle\buildOutputCleanup)" [_thread_blocked, id=11568, stack(0x000000adb9c00000,0x000000adb9d00000)]
  0x000002832d6b89a0 JavaThread "Unconstrained build operations" [_thread_blocked, id=2060, stack(0x000000adb9d00000,0x000000adb9e00000)]
  0x000002832d6bc150 JavaThread "Unconstrained build operations Thread 2" [_thread_blocked, id=8964, stack(0x000000adb9e00000,0x000000adb9f00000)]
  0x000002832d6bd080 JavaThread "Unconstrained build operations Thread 3" [_thread_blocked, id=12452, stack(0x000000adb9f00000,0x000000adba000000)]
  0x000002832d6b7f80 JavaThread "Unconstrained build operations Thread 4" [_thread_blocked, id=11124, stack(0x000000adba000000,0x000000adba100000)]
  0x000002832d6bb220 JavaThread "Unconstrained build operations Thread 5" [_thread_blocked, id=9740, stack(0x000000adba100000,0x000000adba200000)]
  0x000002832d6b8490 JavaThread "Unconstrained build operations Thread 6" [_thread_blocked, id=14272, stack(0x000000adba200000,0x000000adba300000)]
  0x000002832d6bb730 JavaThread "Unconstrained build operations Thread 7" [_thread_blocked, id=11204, stack(0x000000adba300000,0x000000adba400000)]
  0x000002832d6ba800 JavaThread "Unconstrained build operations Thread 8" [_thread_blocked, id=11580, stack(0x000000adba400000,0x000000adba500000)]
  0x000002832d6bdfb0 JavaThread "Unconstrained build operations Thread 9" [_thread_blocked, id=11584, stack(0x000000adba500000,0x000000adba600000)]
  0x000002832d6ba2f0 JavaThread "Unconstrained build operations Thread 10" [_thread_blocked, id=11588, stack(0x000000adba600000,0x000000adba700000)]
  0x000002832d6bbc40 JavaThread "Unconstrained build operations Thread 11" [_thread_blocked, id=11860, stack(0x000000adba700000,0x000000adba800000)]
  0x000002832d6bad10 JavaThread "Unconstrained build operations Thread 12" [_thread_blocked, id=10436, stack(0x000000adba800000,0x000000adba900000)]
  0x000002832d6bc660 JavaThread "Unconstrained build operations Thread 13" [_thread_blocked, id=11424, stack(0x000000adba900000,0x000000adbaa00000)]
  0x000002832d6b98d0 JavaThread "Unconstrained build operations Thread 14" [_thread_blocked, id=2832, stack(0x000000adbaa00000,0x000000adbab00000)]
  0x000002832d6bcb70 JavaThread "Unconstrained build operations Thread 15" [_thread_blocked, id=10536, stack(0x000000adbab00000,0x000000adbac00000)]
  0x000002832d6bd590 JavaThread "Unconstrained build operations Thread 16" [_thread_blocked, id=14256, stack(0x000000adbac00000,0x000000adbad00000)]
  0x000002832d6bdaa0 JavaThread "Unconstrained build operations Thread 17" [_thread_blocked, id=11920, stack(0x000000adbad00000,0x000000adbae00000)]
  0x000002832d6be4c0 JavaThread "Unconstrained build operations Thread 18" [_thread_blocked, id=10736, stack(0x000000adbae00000,0x000000adbaf00000)]
  0x000002832d6be9d0 JavaThread "Unconstrained build operations Thread 19" [_thread_blocked, id=12936, stack(0x000000adbaf00000,0x000000adbb000000)]
  0x000002832d6beee0 JavaThread "Unconstrained build operations Thread 20" [_thread_blocked, id=12840, stack(0x000000adbb000000,0x000000adbb100000)]
  0x000002832d6bf3f0 JavaThread "Unconstrained build operations Thread 21" [_thread_blocked, id=13256, stack(0x000000adbb100000,0x000000adbb200000)]
  0x000002832d6b93c0 JavaThread "Unconstrained build operations Thread 22" [_thread_blocked, id=12596, stack(0x000000adbb200000,0x000000adbb300000)]
  0x000002832d6bf900 JavaThread "Unconstrained build operations Thread 23" [_thread_blocked, id=5100, stack(0x000000adbb300000,0x000000adbb400000)]
  0x000002832d6b8eb0 JavaThread "Unconstrained build operations Thread 24" [_thread_blocked, id=7376, stack(0x000000adbb400000,0x000000adbb500000)]
  0x000002832d6b9de0 JavaThread "Unconstrained build operations Thread 25" [_thread_blocked, id=5488, stack(0x000000adbb500000,0x000000adbb600000)]
  0x00000283295b42e0 JavaThread "Unconstrained build operations Thread 26" [_thread_blocked, id=11572, stack(0x000000adbb600000,0x000000adbb700000)]
  0x00000283295b2480 JavaThread "Unconstrained build operations Thread 27" [_thread_blocked, id=11552, stack(0x000000adbb700000,0x000000adbb800000)]
  0x00000283295b5c30 JavaThread "Unconstrained build operations Thread 28" [_thread_blocked, id=14204, stack(0x000000adbb800000,0x000000adbb900000)]
  0x00000283295b33b0 JavaThread "Unconstrained build operations Thread 29" [_thread_blocked, id=2576, stack(0x000000adbb900000,0x000000adbba00000)]
  0x00000283295b1550 JavaThread "Unconstrained build operations Thread 30" [_thread_blocked, id=10652, stack(0x000000adbba00000,0x000000adbbb00000)]
  0x00000283295b4d00 JavaThread "Unconstrained build operations Thread 31" [_thread_blocked, id=11672, stack(0x000000adbbb00000,0x000000adbbc00000)]
  0x00000283295b1a60 JavaThread "Unconstrained build operations Thread 32" [_thread_blocked, id=4888, stack(0x000000adbbc00000,0x000000adbbd00000)]
  0x00000283295b1040 JavaThread "Unconstrained build operations Thread 33" [_thread_blocked, id=13564, stack(0x000000adbbd00000,0x000000adbbe00000)]
  0x00000283295b2990 JavaThread "Unconstrained build operations Thread 34" [_thread_blocked, id=11596, stack(0x000000adbbe00000,0x000000adbbf00000)]
  0x00000283295b7580 JavaThread "Unconstrained build operations Thread 35" [_thread_blocked, id=12884, stack(0x000000adbbf00000,0x000000adbc000000)]
  0x00000283295b2ea0 JavaThread "Unconstrained build operations Thread 36" [_thread_blocked, id=11564, stack(0x000000adbc000000,0x000000adbc100000)]
  0x00000283295b38c0 JavaThread "Unconstrained build operations Thread 37" [_thread_blocked, id=14288, stack(0x000000adbc100000,0x000000adbc200000)]
  0x00000283295b3dd0 JavaThread "Unconstrained build operations Thread 38" [_thread_blocked, id=7300, stack(0x000000adbc200000,0x000000adbc300000)]
  0x00000283295b47f0 JavaThread "Unconstrained build operations Thread 39" [_thread_blocked, id=12416, stack(0x000000adbc300000,0x000000adbc400000)]
  0x00000283295b1f70 JavaThread "Unconstrained build operations Thread 40" [_thread_blocked, id=13388, stack(0x000000adbc400000,0x000000adbc500000)]
  0x00000283295b7a90 JavaThread "Memory manager" [_thread_blocked, id=6000, stack(0x000000adbc500000,0x000000adbc600000)]
  0x00000283295b5720 JavaThread "included builds" [_thread_blocked, id=9984, stack(0x000000adbc700000,0x000000adbc800000)]
  0x00000283295b89c0 JavaThread "Execution worker for ':'" [_thread_blocked, id=9108, stack(0x000000adbc800000,0x000000adbc900000)]
  0x00000283295b6140 JavaThread "Execution worker for ':' Thread 2" [_thread_blocked, id=12004, stack(0x000000adbc900000,0x000000adbca00000)]
  0x00000283295b6650 JavaThread "Execution worker for ':' Thread 3" [_thread_blocked, id=13732, stack(0x000000adbca00000,0x000000adbcb00000)]
  0x00000283295b6b60 JavaThread "Cache worker for execution history cache (F:\InfiniteRunner-main\Backup O\android\build\.gradle\7.4.2\executionHistory)" [_thread_blocked, id=12052, stack(0x000000adbcb00000,0x000000adbcc00000)]

Other Threads:
=>0x00000282e3da2410 VMThread "VM Thread" [stack: 0x000000adb7000000,0x000000adb7100000] [id=9280]
  0x00000283290faa50 WatcherThread [stack: 0x000000adb7c00000,0x000000adb7d00000] [id=10856]
  0x00000282c05b9080 GCTaskThread "GC Thread#0" [stack: 0x000000adb6b00000,0x000000adb6c00000] [id=8184]
  0x000002832913b200 GCTaskThread "GC Thread#1" [stack: 0x000000adb7e00000,0x000000adb7f00000] [id=7572]
  0x00000283292b79b0 GCTaskThread "GC Thread#2" [stack: 0x000000adb7f00000,0x000000adb8000000] [id=14104]
  0x0000028329578500 GCTaskThread "GC Thread#3" [stack: 0x000000adb8000000,0x000000adb8100000] [id=1440]
  0x00000282c05c3da0 ConcurrentGCThread "G1 Main Marker" [stack: 0x000000adb6c00000,0x000000adb6d00000] [id=11976]
  0x00000282c05c4f60 ConcurrentGCThread "G1 Conc#0" [stack: 0x000000adb6d00000,0x000000adb6e00000] [id=10688]
  0x00000282c05fd2d0 ConcurrentGCThread "G1 Refine#0" [stack: 0x000000adb6e00000,0x000000adb6f00000] [id=12192]
  0x000002832c636960 ConcurrentGCThread "G1 Refine#1" [stack: 0x000000adb9700000,0x000000adb9800000] [id=10008]
  0x000002832ccd3c80 ConcurrentGCThread "G1 Refine#2" [stack: 0x000000adbc600000,0x000000adbc700000] [id=604]
  0x00000282c05fdd00 ConcurrentGCThread "G1 Service" [stack: 0x000000adb6f00000,0x000000adb7000000] [id=10020]

Threads with active compile tasks:

VM state: at safepoint (normal execution)

VM Mutex/Monitor currently owned by a thread:  ([mutex/lock_event])
[0x00000282c0548160] Threads_lock - owner thread: 0x00000282e3da2410
[0x00000282c0548ca0] Heap_lock - owner thread: 0x000002832d6bd080

Heap address: 0x00000006e4800000, size: 4536 MB, Compressed Oops mode: Zero based, Oop shift amount: 3

CDS archive(s) mapped at: [0x00000282e4000000-0x00000282e4bb0000-0x00000282e4bb0000), size 12255232, SharedBaseAddress: 0x00000282e4000000, ArchiveRelocationMode: 1.
Compressed class space mapped at: 0x00000282e5000000-0x0000028325000000, reserved size: 1073741824
Narrow klass base: 0x00000282e4000000, Narrow klass shift: 0, Narrow klass range: 0x100000000

GC Precious Log:
 CPUs: 4 total, 4 available
 Memory: 7878M
 Large Page Support: Disabled
 NUMA Support: Disabled
 Compressed Oops: Enabled (Zero based)
 Heap Region Size: 4M
 Heap Min Capacity: 8M
 Heap Initial Capacity: 124M
 Heap Max Capacity: 4536M
 Pre-touch: Disabled
 Parallel Workers: 4
 Concurrent Workers: 1
 Concurrent Refinement Workers: 4
 Periodic GC: Disabled

Heap:
 garbage-first heap   total 696320K, used 314769K [0x00000006e4800000, 0x0000000800000000)
  region size 4096K, 2 young (8192K), 2 survivors (8192K)
 Metaspace       used 75381K, committed 75968K, reserved 1179648K
  class space    used 10320K, committed 10560K, reserved 1048576K

Heap Regions: E=young(eden), S=young(survivor), O=old, HS=humongous(starts), HC=humongous(continues), CS=collection set, F=free, OA=open archive, CA=closed archive, TAMS=top-at-mark-start (previous, next)
|   0|0x00000006e4800000, 0x00000006e4c00000, 0x00000006e4c00000|100%| O|  |TAMS 0x00000006e4c00000, 0x00000006e4c00000| Untracked 
|   1|0x00000006e4c00000, 0x00000006e5000000, 0x00000006e5000000|100%|HS|  |TAMS 0x00000006e5000000, 0x00000006e5000000| Complete 
|   2|0x00000006e5000000, 0x00000006e5400000, 0x00000006e5400000|100%| O|  |TAMS 0x00000006e5400000, 0x00000006e5400000| Untracked 
|   3|0x00000006e5400000, 0x00000006e5800000, 0x00000006e5800000|100%| O|  |TAMS 0x00000006e5800000, 0x00000006e5800000| Untracked 
|   4|0x00000006e5800000, 0x00000006e5c00000, 0x00000006e5c00000|100%| O|  |TAMS 0x00000006e5c00000, 0x00000006e5c00000| Untracked 
|   5|0x00000006e5c00000, 0x00000006e6000000, 0x00000006e6000000|100%| O|  |TAMS 0x00000006e6000000, 0x00000006e6000000| Untracked 
|   6|0x00000006e6000000, 0x00000006e6400000, 0x00000006e6400000|100%| O|  |TAMS 0x00000006e6400000, 0x00000006e6400000| Untracked 
|   7|0x00000006e6400000, 0x00000006e6800000, 0x00000006e6800000|100%| O|  |TAMS 0x00000006e6800000, 0x00000006e6800000| Untracked 
|   8|0x00000006e6800000, 0x00000006e6c00000, 0x00000006e6c00000|100%|HS|  |TAMS 0x00000006e6c00000, 0x00000006e6c00000| Complete 
|   9|0x00000006e6c00000, 0x00000006e7000000, 0x00000006e7000000|100%| O|  |TAMS 0x00000006e7000000, 0x00000006e7000000| Untracked 
|  10|0x00000006e7000000, 0x00000006e7400000, 0x00000006e7400000|100%| O|  |TAMS 0x00000006e7400000, 0x00000006e7400000| Untracked 
|  11|0x00000006e7400000, 0x00000006e7800000, 0x00000006e7800000|100%| O|  |TAMS 0x00000006e7800000, 0x00000006e7800000| Untracked 
|  12|0x00000006e7800000, 0x00000006e7c00000, 0x00000006e7c00000|100%| O|  |TAMS 0x00000006e7c00000, 0x00000006e7c00000| Untracked 
|  13|0x00000006e7c00000, 0x00000006e8000000, 0x00000006e8000000|100%| O|  |TAMS 0x00000006e8000000, 0x00000006e8000000| Untracked 
|  14|0x00000006e8000000, 0x00000006e8400000, 0x00000006e8400000|100%| O|  |TAMS 0x00000006e8400000, 0x00000006e8400000| Untracked 
|  15|0x00000006e8400000, 0x00000006e8800000, 0x00000006e8800000|100%| O|  |TAMS 0x00000006e8800000, 0x00000006e8800000| Untracked 
|  16|0x00000006e8800000, 0x00000006e8c00000, 0x00000006e8c00000|100%| O|  |TAMS 0x00000006e8c00000, 0x00000006e8c00000| Untracked 
|  17|0x00000006e8c00000, 0x00000006e9000000, 0x00000006e9000000|100%| O|  |TAMS 0x00000006e9000000, 0x00000006e9000000| Untracked 
|  18|0x00000006e9000000, 0x00000006e9400000, 0x00000006e9400000|100%| O|  |TAMS 0x00000006e9400000, 0x00000006e9400000| Untracked 
|  19|0x00000006e9400000, 0x00000006e9578800, 0x00000006e9800000| 36%| O|  |TAMS 0x00000006e9578800, 0x00000006e9578800| Untracked 
|  20|0x00000006e9800000, 0x00000006e9c00000, 0x00000006e9c00000|100%|HS|  |TAMS 0x00000006e9c00000, 0x00000006e9c00000| Complete 
|  21|0x00000006e9c00000, 0x00000006ea000000, 0x00000006ea000000|100%|HC|  |TAMS 0x00000006ea000000, 0x00000006ea000000| Complete 
|  22|0x00000006ea000000, 0x00000006ea400000, 0x00000006ea400000|100%|HC|  |TAMS 0x00000006ea400000, 0x00000006ea400000| Complete 
|  23|0x00000006ea400000, 0x00000006ea800000, 0x00000006ea800000|100%|HC|  |TAMS 0x00000006ea800000, 0x00000006ea800000| Complete 
|  24|0x00000006ea800000, 0x00000006eac00000, 0x00000006eac00000|100%|HC|  |TAMS 0x00000006eac00000, 0x00000006eac00000| Complete 
|  25|0x00000006eac00000, 0x00000006eb000000, 0x00000006eb000000|100%|HC|  |TAMS 0x00000006eb000000, 0x00000006eb000000| Complete 
|  26|0x00000006eb000000, 0x00000006eb400000, 0x00000006eb400000|100%|HC|  |TAMS 0x00000006eb400000, 0x00000006eb400000| Complete 
|  27|0x00000006eb400000, 0x00000006eb800000, 0x00000006eb800000|100%|HC|  |TAMS 0x00000006eb800000, 0x00000006eb800000| Complete 
|  28|0x00000006eb800000, 0x00000006ebc00000, 0x00000006ebc00000|100%|HC|  |TAMS 0x00000006ebc00000, 0x00000006ebc00000| Complete 
|  29|0x00000006ebc00000, 0x00000006ec000000, 0x00000006ec000000|100%|HC|  |TAMS 0x00000006ec000000, 0x00000006ec000000| Complete 
|  30|0x00000006ec000000, 0x00000006ec400000, 0x00000006ec400000|100%|HC|  |TAMS 0x00000006ec400000, 0x00000006ec400000| Complete 
|  31|0x00000006ec400000, 0x00000006ec800000, 0x00000006ec800000|100%|HC|  |TAMS 0x00000006ec800000, 0x00000006ec800000| Complete 
|  32|0x00000006ec800000, 0x00000006ecc00000, 0x00000006ecc00000|100%|HC|  |TAMS 0x00000006ecc00000, 0x00000006ecc00000| Complete 
|  33|0x00000006ecc00000, 0x00000006ed000000, 0x00000006ed000000|100%|HC|  |TAMS 0x00000006ed000000, 0x00000006ed000000| Complete 
|  34|0x00000006ed000000, 0x00000006ed400000, 0x00000006ed400000|100%|HC|  |TAMS 0x00000006ed400000, 0x00000006ed400000| Complete 
|  35|0x00000006ed400000, 0x00000006ed800000, 0x00000006ed800000|100%|HC|  |TAMS 0x00000006ed800000, 0x00000006ed800000| Complete 
|  36|0x00000006ed800000, 0x00000006edc00000, 0x00000006edc00000|100%|HC|  |TAMS 0x00000006edc00000, 0x00000006edc00000| Complete 
|  37|0x00000006edc00000, 0x00000006ee000000, 0x00000006ee000000|100%|HC|  |TAMS 0x00000006ee000000, 0x00000006ee000000| Complete 
|  38|0x00000006ee000000, 0x00000006ee400000, 0x00000006ee400000|100%|HC|  |TAMS 0x00000006ee400000, 0x00000006ee400000| Complete 
|  39|0x00000006ee400000, 0x00000006ee800000, 0x00000006ee800000|100%|HS|  |TAMS 0x00000006ee400000, 0x00000006ee800000| Complete 
|  40|0x00000006ee800000, 0x00000006eec00000, 0x00000006eec00000|100%|HC|  |TAMS 0x00000006ee800000, 0x00000006eec00000| Complete 
|  41|0x00000006eec00000, 0x00000006ef000000, 0x00000006ef000000|100%|HC|  |TAMS 0x00000006eec00000, 0x00000006ef000000| Complete 
|  42|0x00000006ef000000, 0x00000006ef400000, 0x00000006ef400000|100%|HC|  |TAMS 0x00000006ef000000, 0x00000006ef400000| Complete 
|  43|0x00000006ef400000, 0x00000006ef800000, 0x00000006ef800000|100%|HC|  |TAMS 0x00000006ef400000, 0x00000006ef800000| Complete 
|  44|0x00000006ef800000, 0x00000006efc00000, 0x00000006efc00000|100%|HC|  |TAMS 0x00000006ef800000, 0x00000006efc00000| Complete 
|  45|0x00000006efc00000, 0x00000006f0000000, 0x00000006f0000000|100%|HC|  |TAMS 0x00000006efc00000, 0x00000006f0000000| Complete 
|  46|0x00000006f0000000, 0x00000006f0400000, 0x00000006f0400000|100%|HC|  |TAMS 0x00000006f0000000, 0x00000006f0400000| Complete 
|  47|0x00000006f0400000, 0x00000006f0800000, 0x00000006f0800000|100%|HC|  |TAMS 0x00000006f0400000, 0x00000006f0800000| Complete 
|  48|0x00000006f0800000, 0x00000006f0c00000, 0x00000006f0c00000|100%|HC|  |TAMS 0x00000006f0800000, 0x00000006f0c00000| Complete 
|  49|0x00000006f0c00000, 0x00000006f1000000, 0x00000006f1000000|100%|HC|  |TAMS 0x00000006f0c00000, 0x00000006f1000000| Complete 
|  50|0x00000006f1000000, 0x00000006f1400000, 0x00000006f1400000|100%|HC|  |TAMS 0x00000006f1000000, 0x00000006f1400000| Complete 
|  51|0x00000006f1400000, 0x00000006f1800000, 0x00000006f1800000|100%|HC|  |TAMS 0x00000006f1400000, 0x00000006f1800000| Complete 
|  52|0x00000006f1800000, 0x00000006f1c00000, 0x00000006f1c00000|100%|HC|  |TAMS 0x00000006f1800000, 0x00000006f1c00000| Complete 
|  53|0x00000006f1c00000, 0x00000006f2000000, 0x00000006f2000000|100%|HC|  |TAMS 0x00000006f1c00000, 0x00000006f2000000| Complete 
|  54|0x00000006f2000000, 0x00000006f2400000, 0x00000006f2400000|100%|HC|  |TAMS 0x00000006f2000000, 0x00000006f2400000| Complete 
|  55|0x00000006f2400000, 0x00000006f2800000, 0x00000006f2800000|100%|HC|  |TAMS 0x00000006f2400000, 0x00000006f2800000| Complete 
|  56|0x00000006f2800000, 0x00000006f2c00000, 0x00000006f2c00000|100%|HC|  |TAMS 0x00000006f2800000, 0x00000006f2c00000| Complete 
|  57|0x00000006f2c00000, 0x00000006f3000000, 0x00000006f3000000|100%|HC|  |TAMS 0x00000006f2c00000, 0x00000006f3000000| Complete 
|  58|0x00000006f3000000, 0x00000006f3400000, 0x00000006f3400000|100%|HC|  |TAMS 0x00000006f3000000, 0x00000006f3400000| Complete 
|  59|0x00000006f3400000, 0x00000006f3400000, 0x00000006f3800000|  0%| F|  |TAMS 0x00000006f3400000, 0x00000006f3400000| Untracked 
|  60|0x00000006f3800000, 0x00000006f3800000, 0x00000006f3c00000|  0%| F|  |TAMS 0x00000006f3800000, 0x00000006f3800000| Untracked 
|  61|0x00000006f3c00000, 0x00000006f3c00000, 0x00000006f4000000|  0%| F|  |TAMS 0x00000006f3c00000, 0x00000006f3c00000| Untracked 
|  62|0x00000006f4000000, 0x00000006f4000000, 0x00000006f4400000|  0%| F|  |TAMS 0x00000006f4000000, 0x00000006f4000000| Untracked 
|  63|0x00000006f4400000, 0x00000006f4400000, 0x00000006f4800000|  0%| F|  |TAMS 0x00000006f4400000, 0x00000006f4400000| Untracked 
|  64|0x00000006f4800000, 0x00000006f4800000, 0x00000006f4c00000|  0%| F|  |TAMS 0x00000006f4800000, 0x00000006f4800000| Untracked 
|  65|0x00000006f4c00000, 0x00000006f4c00000, 0x00000006f5000000|  0%| F|  |TAMS 0x00000006f4c00000, 0x00000006f4c00000| Untracked 
|  66|0x00000006f5000000, 0x00000006f5000000, 0x00000006f5400000|  0%| F|  |TAMS 0x00000006f5000000, 0x00000006f5000000| Untracked 
|  67|0x00000006f5400000, 0x00000006f5400000, 0x00000006f5800000|  0%| F|  |TAMS 0x00000006f5400000, 0x00000006f5400000| Untracked 
|  68|0x00000006f5800000, 0x00000006f5800000, 0x00000006f5c00000|  0%| F|  |TAMS 0x00000006f5800000, 0x00000006f5800000| Untracked 
|  69|0x00000006f5c00000, 0x00000006f5c00000, 0x00000006f6000000|  0%| F|  |TAMS 0x00000006f5c00000, 0x00000006f5c00000| Untracked 
|  70|0x00000006f6000000, 0x00000006f6000000, 0x00000006f6400000|  0%| F|  |TAMS 0x00000006f6000000, 0x00000006f6000000| Untracked 
|  71|0x00000006f6400000, 0x00000006f6400000, 0x00000006f6800000|  0%| F|  |TAMS 0x00000006f6400000, 0x00000006f6400000| Untracked 
|  72|0x00000006f6800000, 0x00000006f6800000, 0x00000006f6c00000|  0%| F|  |TAMS 0x00000006f6800000, 0x00000006f6800000| Untracked 
|  73|0x00000006f6c00000, 0x00000006f6c00000, 0x00000006f7000000|  0%| F|  |TAMS 0x00000006f6c00000, 0x00000006f6c00000| Untracked 
|  74|0x00000006f7000000, 0x00000006f7000000, 0x00000006f7400000|  0%| F|  |TAMS 0x00000006f7000000, 0x00000006f7000000| Untracked 
|  75|0x00000006f7400000, 0x00000006f7400000, 0x00000006f7800000|  0%| F|  |TAMS 0x00000006f7400000, 0x00000006f7400000| Untracked 
|  76|0x00000006f7800000, 0x00000006f7800000, 0x00000006f7c00000|  0%| F|  |TAMS 0x00000006f7800000, 0x00000006f7800000| Untracked 
|  77|0x00000006f7c00000, 0x00000006f7c00000, 0x00000006f8000000|  0%| F|  |TAMS 0x00000006f7c00000, 0x00000006f7c00000| Untracked 
|  78|0x00000006f8000000, 0x00000006f8000000, 0x00000006f8400000|  0%| F|  |TAMS 0x00000006f8000000, 0x00000006f8000000| Untracked 
|  79|0x00000006f8400000, 0x00000006f8800000, 0x00000006f8800000|100%|HS|  |TAMS 0x00000006f8400000, 0x00000006f8800000| Complete 
|  80|0x00000006f8800000, 0x00000006f8c00000, 0x00000006f8c00000|100%|HC|  |TAMS 0x00000006f8800000, 0x00000006f8c00000| Complete 
|  81|0x00000006f8c00000, 0x00000006f9000000, 0x00000006f9000000|100%|HC|  |TAMS 0x00000006f8c00000, 0x00000006f9000000| Complete 
|  82|0x00000006f9000000, 0x00000006f9400000, 0x00000006f9400000|100%|HC|  |TAMS 0x00000006f9000000, 0x00000006f9400000| Complete 
|  83|0x00000006f9400000, 0x00000006f9800000, 0x00000006f9800000|100%|HC|  |TAMS 0x00000006f9400000, 0x00000006f9800000| Complete 
|  84|0x00000006f9800000, 0x00000006f9c00000, 0x00000006f9c00000|100%|HC|  |TAMS 0x00000006f9800000, 0x00000006f9c00000| Complete 
|  85|0x00000006f9c00000, 0x00000006fa000000, 0x00000006fa000000|100%|HC|  |TAMS 0x00000006f9c00000, 0x00000006fa000000| Complete 
|  86|0x00000006fa000000, 0x00000006fa400000, 0x00000006fa400000|100%|HC|  |TAMS 0x00000006fa000000, 0x00000006fa400000| Complete 
|  87|0x00000006fa400000, 0x00000006fa800000, 0x00000006fa800000|100%|HC|  |TAMS 0x00000006fa400000, 0x00000006fa800000| Complete 
|  88|0x00000006fa800000, 0x00000006fac00000, 0x00000006fac00000|100%|HC|  |TAMS 0x00000006fa800000, 0x00000006fac00000| Complete 
|  89|0x00000006fac00000, 0x00000006fb000000, 0x00000006fb000000|100%|HC|  |TAMS 0x00000006fac00000, 0x00000006fb000000| Complete 
|  90|0x00000006fb000000, 0x00000006fb400000, 0x00000006fb400000|100%|HC|  |TAMS 0x00000006fb000000, 0x00000006fb400000| Complete 
|  91|0x00000006fb400000, 0x00000006fb800000, 0x00000006fb800000|100%|HC|  |TAMS 0x00000006fb400000, 0x00000006fb800000| Complete 
|  92|0x00000006fb800000, 0x00000006fbc00000, 0x00000006fbc00000|100%|HC|  |TAMS 0x00000006fb800000, 0x00000006fbc00000| Complete 
|  93|0x00000006fbc00000, 0x00000006fc000000, 0x00000006fc000000|100%|HC|  |TAMS 0x00000006fbc00000, 0x00000006fc000000| Complete 
|  94|0x00000006fc000000, 0x00000006fc400000, 0x00000006fc400000|100%|HC|  |TAMS 0x00000006fc000000, 0x00000006fc400000| Complete 
|  95|0x00000006fc400000, 0x00000006fc800000, 0x00000006fc800000|100%|HC|  |TAMS 0x00000006fc400000, 0x00000006fc800000| Complete 
|  96|0x00000006fc800000, 0x00000006fc800000, 0x00000006fcc00000|  0%| F|  |TAMS 0x00000006fc800000, 0x00000006fc800000| Untracked 
|  97|0x00000006fcc00000, 0x00000006fcc00000, 0x00000006fd000000|  0%| F|  |TAMS 0x00000006fcc00000, 0x00000006fcc00000| Untracked 
|  98|0x00000006fd000000, 0x00000006fd000000, 0x00000006fd400000|  0%| F|  |TAMS 0x00000006fd000000, 0x00000006fd000000| Untracked 
|  99|0x00000006fd400000, 0x00000006fd400000, 0x00000006fd800000|  0%| F|  |TAMS 0x00000006fd400000, 0x00000006fd400000| Untracked 
| 100|0x00000006fd800000, 0x00000006fd800000, 0x00000006fdc00000|  0%| F|  |TAMS 0x00000006fd800000, 0x00000006fd800000| Untracked 
| 101|0x00000006fdc00000, 0x00000006fdc00000, 0x00000006fe000000|  0%| F|  |TAMS 0x00000006fdc00000, 0x00000006fdc00000| Untracked 
| 102|0x00000006fe000000, 0x00000006fe000000, 0x00000006fe400000|  0%| F|  |TAMS 0x00000006fe000000, 0x00000006fe000000| Untracked 
| 103|0x00000006fe400000, 0x00000006fe400000, 0x00000006fe800000|  0%| F|  |TAMS 0x00000006fe400000, 0x00000006fe400000| Untracked 
| 104|0x00000006fe800000, 0x00000006fe800000, 0x00000006fec00000|  0%| F|  |TAMS 0x00000006fe800000, 0x00000006fe800000| Untracked 
| 105|0x00000006fec00000, 0x00000006fec00000, 0x00000006ff000000|  0%| F|  |TAMS 0x00000006fec00000, 0x00000006fec00000| Untracked 
| 106|0x00000006ff000000, 0x00000006ff000000, 0x00000006ff400000|  0%| F|  |TAMS 0x00000006ff000000, 0x00000006ff000000| Untracked 
| 107|0x00000006ff400000, 0x00000006ff400000, 0x00000006ff800000|  0%| F|  |TAMS 0x00000006ff400000, 0x00000006ff400000| Untracked 
| 108|0x00000006ff800000, 0x00000006ff800000, 0x00000006ffc00000|  0%| F|  |TAMS 0x00000006ff800000, 0x00000006ff800000| Untracked 
| 109|0x00000006ffc00000, 0x00000006ffc00000, 0x0000000700000000|  0%| F|  |TAMS 0x00000006ffc00000, 0x00000006ffc00000| Untracked 
| 110|0x0000000700000000, 0x0000000700000000, 0x0000000700400000|  0%| F|  |TAMS 0x0000000700000000, 0x0000000700000000| Untracked 
| 111|0x0000000700400000, 0x0000000700400000, 0x0000000700800000|  0%| F|  |TAMS 0x0000000700400000, 0x0000000700400000| Untracked 
| 112|0x0000000700800000, 0x0000000700800000, 0x0000000700c00000|  0%| F|  |TAMS 0x0000000700800000, 0x0000000700800000| Untracked 
| 113|0x0000000700c00000, 0x0000000700c00000, 0x0000000701000000|  0%| F|  |TAMS 0x0000000700c00000, 0x0000000700c00000| Untracked 
| 114|0x0000000701000000, 0x0000000701000000, 0x0000000701400000|  0%| F|  |TAMS 0x0000000701000000, 0x0000000701000000| Untracked 
| 115|0x0000000701400000, 0x0000000701400000, 0x0000000701800000|  0%| F|  |TAMS 0x0000000701400000, 0x0000000701400000| Untracked 
| 116|0x0000000701800000, 0x0000000701800000, 0x0000000701c00000|  0%| F|  |TAMS 0x0000000701800000, 0x0000000701800000| Untracked 
| 117|0x0000000701c00000, 0x0000000701c00000, 0x0000000702000000|  0%| F|  |TAMS 0x0000000701c00000, 0x0000000701c00000| Untracked 
| 118|0x0000000702000000, 0x0000000702000000, 0x0000000702400000|  0%| F|  |TAMS 0x0000000702000000, 0x0000000702000000| Untracked 
| 119|0x0000000702400000, 0x0000000702400000, 0x0000000702800000|  0%| F|  |TAMS 0x0000000702400000, 0x0000000702400000| Untracked 
| 120|0x0000000702800000, 0x0000000702800000, 0x0000000702c00000|  0%| F|  |TAMS 0x0000000702800000, 0x0000000702800000| Untracked 
| 121|0x0000000702c00000, 0x0000000702c00000, 0x0000000703000000|  0%| F|  |TAMS 0x0000000702c00000, 0x0000000702c00000| Untracked 
| 122|0x0000000703000000, 0x0000000703000000, 0x0000000703400000|  0%| F|  |TAMS 0x0000000703000000, 0x0000000703000000| Untracked 
| 123|0x0000000703400000, 0x0000000703400000, 0x0000000703800000|  0%| F|  |TAMS 0x0000000703400000, 0x0000000703400000| Untracked 
| 124|0x0000000703800000, 0x0000000703800000, 0x0000000703c00000|  0%| F|  |TAMS 0x0000000703800000, 0x0000000703800000| Untracked 
| 125|0x0000000703c00000, 0x0000000703c00000, 0x0000000704000000|  0%| F|  |TAMS 0x0000000703c00000, 0x0000000703c00000| Untracked 
| 126|0x0000000704000000, 0x0000000704000000, 0x0000000704400000|  0%| F|  |TAMS 0x0000000704000000, 0x0000000704000000| Untracked 
| 127|0x0000000704400000, 0x0000000704400000, 0x0000000704800000|  0%| F|  |TAMS 0x0000000704400000, 0x0000000704400000| Untracked 
| 128|0x0000000704800000, 0x0000000704800000, 0x0000000704c00000|  0%| F|  |TAMS 0x0000000704800000, 0x0000000704800000| Untracked 
| 129|0x0000000704c00000, 0x0000000704c00000, 0x0000000705000000|  0%| F|  |TAMS 0x0000000704c00000, 0x0000000704c00000| Untracked 
| 130|0x0000000705000000, 0x0000000705000000, 0x0000000705400000|  0%| F|  |TAMS 0x0000000705000000, 0x0000000705000000| Untracked 
| 131|0x0000000705400000, 0x0000000705400000, 0x0000000705800000|  0%| F|  |TAMS 0x0000000705400000, 0x0000000705400000| Untracked 
| 132|0x0000000705800000, 0x0000000705800000, 0x0000000705c00000|  0%| F|  |TAMS 0x0000000705800000, 0x0000000705800000| Untracked 
| 133|0x0000000705c00000, 0x0000000705c00000, 0x0000000706000000|  0%| F|  |TAMS 0x0000000705c00000, 0x0000000705c00000| Untracked 
| 134|0x0000000706000000, 0x0000000706000000, 0x0000000706400000|  0%| F|  |TAMS 0x0000000706000000, 0x0000000706000000| Untracked 
| 135|0x0000000706400000, 0x0000000706400000, 0x0000000706800000|  0%| F|  |TAMS 0x0000000706400000, 0x0000000706400000| Untracked 
| 136|0x0000000706800000, 0x0000000706800000, 0x0000000706c00000|  0%| F|  |TAMS 0x0000000706800000, 0x0000000706800000| Untracked 
| 137|0x0000000706c00000, 0x0000000706c00000, 0x0000000707000000|  0%| F|  |TAMS 0x0000000706c00000, 0x0000000706c00000| Untracked 
| 138|0x0000000707000000, 0x0000000707000000, 0x0000000707400000|  0%| F|  |TAMS 0x0000000707000000, 0x0000000707000000| Untracked 
| 139|0x0000000707400000, 0x0000000707400000, 0x0000000707800000|  0%| F|  |TAMS 0x0000000707400000, 0x0000000707400000| Untracked 
| 140|0x0000000707800000, 0x0000000707800000, 0x0000000707c00000|  0%| F|  |TAMS 0x0000000707800000, 0x0000000707800000| Untracked 
| 141|0x0000000707c00000, 0x0000000707c00000, 0x0000000708000000|  0%| F|  |TAMS 0x0000000707c00000, 0x0000000707c00000| Untracked 
| 142|0x0000000708000000, 0x0000000708000000, 0x0000000708400000|  0%| F|  |TAMS 0x0000000708000000, 0x0000000708000000| Untracked 
| 143|0x0000000708400000, 0x0000000708400000, 0x0000000708800000|  0%| F|  |TAMS 0x0000000708400000, 0x0000000708400000| Untracked 
| 144|0x0000000708800000, 0x0000000708800000, 0x0000000708c00000|  0%| F|  |TAMS 0x0000000708800000, 0x0000000708800000| Untracked 
| 145|0x0000000708c00000, 0x0000000708c00000, 0x0000000709000000|  0%| F|  |TAMS 0x0000000708c00000, 0x0000000708c00000| Untracked 
| 146|0x0000000709000000, 0x0000000709000000, 0x0000000709400000|  0%| F|  |TAMS 0x0000000709000000, 0x0000000709000000| Untracked 
| 147|0x0000000709400000, 0x0000000709400000, 0x0000000709800000|  0%| F|  |TAMS 0x0000000709400000, 0x0000000709400000| Untracked 
| 148|0x0000000709800000, 0x0000000709800000, 0x0000000709c00000|  0%| F|  |TAMS 0x0000000709800000, 0x0000000709800000| Untracked 
| 149|0x0000000709c00000, 0x0000000709c00000, 0x000000070a000000|  0%| F|  |TAMS 0x0000000709c00000, 0x0000000709c00000| Untracked 
| 150|0x000000070a000000, 0x000000070a000000, 0x000000070a400000|  0%| F|  |TAMS 0x000000070a000000, 0x000000070a000000| Untracked 
| 151|0x000000070a400000, 0x000000070a400000, 0x000000070a800000|  0%| F|  |TAMS 0x000000070a400000, 0x000000070a400000| Untracked 
| 152|0x000000070a800000, 0x000000070a800000, 0x000000070ac00000|  0%| F|  |TAMS 0x000000070a800000, 0x000000070a800000| Untracked 
| 153|0x000000070ac00000, 0x000000070ac00000, 0x000000070b000000|  0%| F|  |TAMS 0x000000070ac00000, 0x000000070ac00000| Untracked 
| 154|0x000000070b000000, 0x000000070b000000, 0x000000070b400000|  0%| F|  |TAMS 0x000000070b000000, 0x000000070b000000| Untracked 
| 155|0x000000070b400000, 0x000000070b400000, 0x000000070b800000|  0%| F|  |TAMS 0x000000070b400000, 0x000000070b400000| Untracked 
| 156|0x000000070b800000, 0x000000070b800000, 0x000000070bc00000|  0%| F|  |TAMS 0x000000070b800000, 0x000000070b800000| Untracked 
| 157|0x000000070bc00000, 0x000000070bc00000, 0x000000070c000000|  0%| F|  |TAMS 0x000000070bc00000, 0x000000070bc00000| Untracked 
| 158|0x000000070c000000, 0x000000070c000000, 0x000000070c400000|  0%| F|  |TAMS 0x000000070c000000, 0x000000070c000000| Untracked 
| 159|0x000000070c400000, 0x000000070c400000, 0x000000070c800000|  0%| F|  |TAMS 0x000000070c400000, 0x000000070c400000| Untracked 
| 160|0x000000070c800000, 0x000000070c800000, 0x000000070cc00000|  0%| F|  |TAMS 0x000000070c800000, 0x000000070c800000| Untracked 
| 161|0x000000070cc00000, 0x000000070cc00000, 0x000000070d000000|  0%| F|  |TAMS 0x000000070cc00000, 0x000000070cc00000| Untracked 
| 162|0x000000070d000000, 0x000000070d000000, 0x000000070d400000|  0%| F|  |TAMS 0x000000070d000000, 0x000000070d000000| Untracked 
| 163|0x000000070d400000, 0x000000070d400000, 0x000000070d800000|  0%| F|  |TAMS 0x000000070d400000, 0x000000070d400000| Untracked 
| 164|0x000000070d800000, 0x000000070d800000, 0x000000070dc00000|  0%| F|  |TAMS 0x000000070d800000, 0x000000070d800000| Untracked 
| 165|0x000000070dc00000, 0x000000070dc00000, 0x000000070e000000|  0%| F|  |TAMS 0x000000070dc00000, 0x000000070dc00000| Untracked 
| 166|0x000000070e000000, 0x000000070e000000, 0x000000070e400000|  0%| F|  |TAMS 0x000000070e000000, 0x000000070e000000| Untracked 
| 167|0x000000070e400000, 0x000000070e5ebdd0, 0x000000070e800000| 48%| S|CS|TAMS 0x000000070e400000, 0x000000070e400000| Complete 
| 168|0x000000070e800000, 0x000000070ec00000, 0x000000070ec00000|100%| S|CS|TAMS 0x000000070e800000, 0x000000070e800000| Complete 
| 169|0x000000070ec00000, 0x000000070ec00000, 0x000000070f000000|  0%| F|  |TAMS 0x000000070ec00000, 0x000000070ec00000| Untracked 

Card table byte_map: [0x00000282d7980000,0x00000282d8260000] _byte_map_base: 0x00000282d425c000

Marking Bits (Prev, Next): (CMBitMap*) 0x00000282c05ba6f0, (CMBitMap*) 0x00000282c05ba6b0
 Prev Bits: [0x00000282dd220000, 0x00000282e1900000)
 Next Bits: [0x00000282d8b40000, 0x00000282dd220000)

Polling page: 0x00000282be3d0000

Metaspace:

Usage:
  Non-class:     63.54 MB used.
      Class:     10.08 MB used.
       Both:     73.61 MB used.

Virtual space:
  Non-class space:      128.00 MB reserved,      63.88 MB ( 50%) committed,  2 nodes.
      Class space:        1.00 GB reserved,      10.31 MB (  1%) committed,  1 nodes.
             Both:        1.12 GB reserved,      74.19 MB (  6%) committed. 

Chunk freelists:
   Non-Class:  15.47 MB
       Class:  5.50 MB
        Both:  20.97 MB

MaxMetaspaceSize: unlimited
CompressedClassSpaceSize: 1.00 GB
Initial GC threshold: 21.00 MB
Current GC threshold: 123.56 MB
CDS: on
MetaspaceReclaimPolicy: balanced
 - commit_granule_bytes: 65536.
 - commit_granule_words: 8192.
 - virtual_space_node_default_size: 8388608.
 - enlarge_chunks_in_place: 1.
 - new_chunks_are_fully_committed: 0.
 - uncommit_free_chunks: 1.
 - use_allocation_guard: 0.
 - handle_deallocations: 1.


Internal statistics:

num_allocs_failed_limit: 12.
num_arena_births: 654.
num_arena_deaths: 0.
num_vsnodes_births: 3.
num_vsnodes_deaths: 0.
num_space_committed: 1187.
num_space_uncommitted: 0.
num_chunks_returned_to_freelist: 12.
num_chunks_taken_from_freelist: 3646.
num_chunk_merges: 12.
num_chunk_splits: 2451.
num_chunks_enlarged: 1656.
num_inconsistent_stats: 0.

CodeHeap 'non-profiled nmethods': size=120000Kb used=5579Kb max_used=5579Kb free=114420Kb
 bounds [0x00000282cfb70000, 0x00000282d00f0000, 0x00000282d70a0000]
CodeHeap 'profiled nmethods': size=120000Kb used=18450Kb max_used=18450Kb free=101549Kb
 bounds [0x00000282c80a0000, 0x00000282c92b0000, 0x00000282cf5d0000]
CodeHeap 'non-nmethods': size=5760Kb used=2372Kb max_used=2430Kb free=3387Kb
 bounds [0x00000282cf5d0000, 0x00000282cf840000, 0x00000282cfb70000]
 total_blobs=10069 nmethods=9165 adapters=814
 compilation: enabled
              stopped_count=0, restarted_count=0
 full_count=0

Compilation events (20 events):
Event: 17.801 Thread 0x00000282e3dd0bc0 nmethod 9985 0x00000282c92a0810 code [0x00000282c92a09c0, 0x00000282c92a0bf8]
Event: 17.802 Thread 0x00000282e3dc8100 nmethod 9981 0x00000282d00e1090 code [0x00000282d00e1220, 0x00000282d00e1578]
Event: 17.802 Thread 0x00000282e3dc8100 9982       4       java.nio.ByteBuffer::<init> (47 bytes)
Event: 17.805 Thread 0x00000282e3dc8100 nmethod 9982 0x00000282d00e1790 code [0x00000282d00e1920, 0x00000282d00e1c18]
Event: 17.805 Thread 0x00000282e3dc8100 9986       4       java.util.LinkedList::listIterator (15 bytes)
Event: 17.810 Thread 0x00000282e3dc8100 nmethod 9986 0x00000282d00e1d90 code [0x00000282d00e1f20, 0x00000282d00e21b8]
Event: 17.835 Thread 0x00000282e3dd0bc0 9987       1       java.lang.Thread::getName (5 bytes)
Event: 17.835 Thread 0x00000282e3dd0bc0 nmethod 9987 0x00000282d00e2390 code [0x00000282d00e2520, 0x00000282d00e25f8]
Event: 17.836 Thread 0x00000282e3dd0bc0 9988       1       org.gradle.internal.MutableBoolean::set (6 bytes)
Event: 17.836 Thread 0x00000282e3dd0bc0 nmethod 9988 0x00000282d00e2690 code [0x00000282d00e2820, 0x00000282d00e28f8]
Event: 17.841 Thread 0x00000282e3dd0bc0 9989       3       org.gradle.internal.classloader.ClassLoaderVisitor::visit (80 bytes)
Event: 17.842 Thread 0x00000282e3dd0bc0 nmethod 9989 0x00000282c92a0c90 code [0x00000282c92a1040, 0x00000282c92a2ff8]
Event: 17.842 Thread 0x00000282e3dd0bc0 9990       3       com.google.common.collect.ImmutableMultimap::createEntries (5 bytes)
Event: 17.842 Thread 0x00000282e3dd0bc0 nmethod 9990 0x00000282c92a3790 code [0x00000282c92a3960, 0x00000282c92a3d98]
Event: 17.842 Thread 0x00000282e3dd0bc0 9991       3       com.google.common.collect.ImmutableMultimap::createEntries (9 bytes)
Event: 17.842 Thread 0x00000282e3dd0bc0 nmethod 9991 0x00000282c92a3f10 code [0x00000282c92a40c0, 0x00000282c92a43f8]
Event: 17.842 Thread 0x00000282e3dd0bc0 9992       3       com.google.common.collect.ImmutableMultimap$EntryCollection::<init> (10 bytes)
Event: 17.843 Thread 0x00000282e3dd0bc0 nmethod 9992 0x00000282c92a4510 code [0x00000282c92a46c0, 0x00000282c92a4958]
Event: 18.281 Thread 0x00000282e3dc8100 9993       4       java.util.concurrent.TimeUnit::toNanos (45 bytes)
Event: 18.282 Thread 0x00000282e3dc8100 nmethod 9993 0x00000282d00e2990 code [0x00000282d00e2b00, 0x00000282d00e2bf8]

GC Heap History (20 events):
Event: 16.305 GC heap after
{Heap after GC invocations=26 (full 0):
 garbage-first heap   total 327680K, used 102196K [0x00000006e4800000, 0x0000000800000000)
  region size 4096K, 1 young (4096K), 1 survivors (4096K)
 Metaspace       used 75201K, committed 75776K, reserved 1179648K
  class space    used 10319K, committed 10560K, reserved 1048576K
}
Event: 16.482 GC heap before
{Heap before GC invocations=26 (full 0):
 garbage-first heap   total 327680K, used 139060K [0x00000006e4800000, 0x0000000800000000)
  region size 4096K, 2 young (8192K), 1 survivors (4096K)
 Metaspace       used 75249K, committed 75776K, reserved 1179648K
  class space    used 10320K, committed 10560K, reserved 1048576K
}
Event: 16.485 GC heap after
{Heap after GC invocations=27 (full 0):
 garbage-first heap   total 405504K, used 118798K [0x00000006e4800000, 0x0000000800000000)
  region size 4096K, 1 young (4096K), 1 survivors (4096K)
 Metaspace       used 75249K, committed 75776K, reserved 1179648K
  class space    used 10320K, committed 10560K, reserved 1048576K
}
Event: 16.805 GC heap before
{Heap before GC invocations=27 (full 0):
 garbage-first heap   total 405504K, used 200718K [0x00000006e4800000, 0x0000000800000000)
  region size 4096K, 5 young (20480K), 1 survivors (4096K)
 Metaspace       used 75310K, committed 75904K, reserved 1179648K
  class space    used 10320K, committed 10560K, reserved 1048576K
}
Event: 16.808 GC heap after
{Heap after GC invocations=28 (full 0):
 garbage-first heap   total 405504K, used 151869K [0x00000006e4800000, 0x0000000800000000)
  region size 4096K, 1 young (4096K), 1 survivors (4096K)
 Metaspace       used 75310K, committed 75904K, reserved 1179648K
  class space    used 10320K, committed 10560K, reserved 1048576K
}
Event: 16.970 GC heap before
{Heap before GC invocations=28 (full 0):
 garbage-first heap   total 405504K, used 295229K [0x00000006e4800000, 0x0000000800000000)
  region size 4096K, 4 young (16384K), 1 survivors (4096K)
 Metaspace       used 75325K, committed 75904K, reserved 1179648K
  class space    used 10320K, committed 10560K, reserved 1048576K
}
Event: 16.973 GC heap after
{Heap after GC invocations=29 (full 0):
 garbage-first heap   total 405504K, used 217635K [0x00000006e4800000, 0x0000000800000000)
  region size 4096K, 1 young (4096K), 1 survivors (4096K)
 Metaspace       used 75325K, committed 75904K, reserved 1179648K
  class space    used 10320K, committed 10560K, reserved 1048576K
}
Event: 17.181 GC heap before
{Heap before GC invocations=30 (full 0):
 garbage-first heap   total 561152K, used 344611K [0x00000006e4800000, 0x0000000800000000)
  region size 4096K, 4 young (16384K), 1 survivors (4096K)
 Metaspace       used 75328K, committed 75904K, reserved 1179648K
  class space    used 10320K, committed 10560K, reserved 1048576K
}
Event: 17.184 GC heap after
{Heap after GC invocations=31 (full 0):
 garbage-first heap   total 561152K, used 181551K [0x00000006e4800000, 0x0000000800000000)
  region size 4096K, 1 young (4096K), 1 survivors (4096K)
 Metaspace       used 75328K, committed 75904K, reserved 1179648K
  class space    used 10320K, committed 10560K, reserved 1048576K
}
Event: 17.328 GC heap before
{Heap before GC invocations=31 (full 0):
 garbage-first heap   total 561152K, used 218415K [0x00000006e4800000, 0x0000000800000000)
  region size 4096K, 2 young (8192K), 1 survivors (4096K)
 Metaspace       used 75331K, committed 75904K, reserved 1179648K
  class space    used 10320K, committed 10560K, reserved 1048576K
}
Event: 17.332 GC heap after
{Heap after GC invocations=32 (full 0):
 garbage-first heap   total 561152K, used 197998K [0x00000006e4800000, 0x0000000800000000)
  region size 4096K, 1 young (4096K), 1 survivors (4096K)
 Metaspace       used 75331K, committed 75904K, reserved 1179648K
  class space    used 10320K, committed 10560K, reserved 1048576K
}
Event: 17.582 GC heap before
{Heap before GC invocations=32 (full 0):
 garbage-first heap   total 561152K, used 275822K [0x00000006e4800000, 0x0000000800000000)
  region size 4096K, 4 young (16384K), 1 survivors (4096K)
 Metaspace       used 75337K, committed 75904K, reserved 1179648K
  class space    used 10320K, committed 10560K, reserved 1048576K
}
Event: 17.586 GC heap after
{Heap after GC invocations=33 (full 0):
 garbage-first heap   total 561152K, used 230824K [0x00000006e4800000, 0x0000000800000000)
  region size 4096K, 1 young (4096K), 1 survivors (4096K)
 Metaspace       used 75337K, committed 75904K, reserved 1179648K
  class space    used 10320K, committed 10560K, reserved 1048576K
}
Event: 17.774 GC heap before
{Heap before GC invocations=33 (full 0):
 garbage-first heap   total 561152K, used 374184K [0x00000006e4800000, 0x0000000800000000)
  region size 4096K, 4 young (16384K), 1 survivors (4096K)
 Metaspace       used 75378K, committed 75968K, reserved 1179648K
  class space    used 10320K, committed 10560K, reserved 1048576K
}
Event: 17.778 GC heap after
{Heap after GC invocations=34 (full 0):
 garbage-first heap   total 561152K, used 297518K [0x00000006e4800000, 0x0000000800000000)
  region size 4096K, 2 young (8192K), 2 survivors (8192K)
 Metaspace       used 75378K, committed 75968K, reserved 1179648K
  class space    used 10320K, committed 10560K, reserved 1048576K
}
Event: 17.997 GC heap before
{Heap before GC invocations=35 (full 0):
 garbage-first heap   total 696320K, used 424494K [0x00000006e4800000, 0x0000000800000000)
  region size 4096K, 4 young (16384K), 2 survivors (8192K)
 Metaspace       used 75381K, committed 75968K, reserved 1179648K
  class space    used 10320K, committed 10560K, reserved 1048576K
}
Event: 18.001 GC heap after
{Heap after GC invocations=36 (full 0):
 garbage-first heap   total 696320K, used 264852K [0x00000006e4800000, 0x0000000800000000)
  region size 4096K, 2 young (8192K), 2 survivors (8192K)
 Metaspace       used 75381K, committed 75968K, reserved 1179648K
  class space    used 10320K, committed 10560K, reserved 1048576K
}
Event: 18.132 GC heap before
{Heap before GC invocations=36 (full 0):
 garbage-first heap   total 696320K, used 301716K [0x00000006e4800000, 0x0000000800000000)
  region size 4096K, 3 young (12288K), 2 survivors (8192K)
 Metaspace       used 75381K, committed 75968K, reserved 1179648K
  class space    used 10320K, committed 10560K, reserved 1048576K
}
Event: 18.137 GC heap after
{Heap after GC invocations=37 (full 0):
 garbage-first heap   total 696320K, used 281616K [0x00000006e4800000, 0x0000000800000000)
  region size 4096K, 2 young (8192K), 2 survivors (8192K)
 Metaspace       used 75381K, committed 75968K, reserved 1179648K
  class space    used 10320K, committed 10560K, reserved 1048576K
}
Event: 18.359 GC heap before
{Heap before GC invocations=37 (full 0):
 garbage-first heap   total 696320K, used 351248K [0x00000006e4800000, 0x0000000800000000)
  region size 4096K, 3 young (12288K), 2 survivors (8192K)
 Metaspace       used 75381K, committed 75968K, reserved 1179648K
  class space    used 10320K, committed 10560K, reserved 1048576K
}

Dll operation events (13 events):
Event: 0.008 Loaded shared library C:\Program Files\Eclipse Adoptium\jdk-17.0.15.6-hotspot\bin\java.dll
Event: 0.029 Loaded shared library C:\Program Files\Eclipse Adoptium\jdk-17.0.15.6-hotspot\bin\jsvml.dll
Event: 0.064 Loaded shared library C:\Program Files\Eclipse Adoptium\jdk-17.0.15.6-hotspot\bin\net.dll
Event: 0.066 Loaded shared library C:\Program Files\Eclipse Adoptium\jdk-17.0.15.6-hotspot\bin\nio.dll
Event: 0.070 Loaded shared library C:\Program Files\Eclipse Adoptium\jdk-17.0.15.6-hotspot\bin\zip.dll
Event: 0.232 Loaded shared library C:\Program Files\Eclipse Adoptium\jdk-17.0.15.6-hotspot\bin\jimage.dll
Event: 0.391 Loaded shared library C:\Program Files\Eclipse Adoptium\jdk-17.0.15.6-hotspot\bin\verify.dll
Event: 0.595 Loaded shared library C:\Users\Alaa\.gradle\native\e1d6ef7f7dcc3fd88c89a11ec53ec762bb8ba0a96d01ffa2cd45eb1d1d8dd5c5\windows-amd64\native-platform.dll
Event: 0.617 Loaded shared library C:\Users\Alaa\.gradle\native\0d407fdbe67a94daf76414ababcb853783967236a71b16ec16e742cd7a986fd3\windows-amd64\native-platform-file-events.dll
Event: 1.452 Loaded shared library C:\Program Files\Eclipse Adoptium\jdk-17.0.15.6-hotspot\bin\management.dll
Event: 1.456 Loaded shared library C:\Program Files\Eclipse Adoptium\jdk-17.0.15.6-hotspot\bin\management_ext.dll
Event: 1.636 Loaded shared library C:\Program Files\Eclipse Adoptium\jdk-17.0.15.6-hotspot\bin\extnet.dll
Event: 1.776 Loaded shared library C:\Program Files\Eclipse Adoptium\jdk-17.0.15.6-hotspot\bin\sunmscapi.dll

Deoptimization events (20 events):
Event: 16.914 Thread 0x000002832d6b89a0 Uncommon trap: trap_request=0xffffffd6 fr.pc=0x00000282d00ae000 relative=0x0000000000000740
Event: 16.914 Thread 0x000002832d6b89a0 Uncommon trap: reason=array_check action=maybe_recompile pc=0x00000282d00ae000 method=java.util.TimSort.binarySort([Ljava/lang/Object;IIILjava/util/Comparator;)V @ 215 c2
Event: 16.914 Thread 0x000002832d6b89a0 DEOPT PACKING pc=0x00000282d00ae000 sp=0x000000adb9dfda70
Event: 16.914 Thread 0x000002832d6b89a0 DEOPT UNPACKING pc=0x00000282cf6269a3 sp=0x000000adb9dfda08 mode 2
Event: 16.924 Thread 0x000002832d6bb220 Uncommon trap: trap_request=0xffffff45 fr.pc=0x00000282d0092e40 relative=0x00000000000008a0
Event: 16.924 Thread 0x000002832d6bb220 Uncommon trap: reason=unstable_if action=reinterpret pc=0x00000282d0092e40 method=org.gradle.internal.snapshot.PathUtil.equalChars(CCLorg/gradle/internal/snapshot/CaseSensitivity;)Z @ 11 c2
Event: 16.924 Thread 0x000002832d6bb220 DEOPT PACKING pc=0x00000282d0092e40 sp=0x000000adba1fcc70
Event: 16.924 Thread 0x000002832d6bb220 DEOPT UNPACKING pc=0x00000282cf6269a3 sp=0x000000adba1fcb90 mode 2
Event: 16.924 Thread 0x000002832d6bb220 Uncommon trap: trap_request=0xffffffd6 fr.pc=0x00000282d00ae000 relative=0x0000000000000740
Event: 16.924 Thread 0x000002832d6bb220 Uncommon trap: reason=array_check action=maybe_recompile pc=0x00000282d00ae000 method=java.util.TimSort.binarySort([Ljava/lang/Object;IIILjava/util/Comparator;)V @ 215 c2
Event: 16.924 Thread 0x000002832d6bb220 DEOPT PACKING pc=0x00000282d00ae000 sp=0x000000adba1fde00
Event: 16.924 Thread 0x000002832d6bb220 DEOPT UNPACKING pc=0x00000282cf6269a3 sp=0x000000adba1fdd98 mode 2
Event: 16.995 Thread 0x000002832d6b93c0 Uncommon trap: trap_request=0xffffff45 fr.pc=0x00000282cfe6dc70 relative=0x00000000000002b0
Event: 16.995 Thread 0x000002832d6b93c0 Uncommon trap: reason=unstable_if action=reinterpret pc=0x00000282cfe6dc70 method=org.gradle.internal.snapshot.PathUtil.equalChars(CCLorg/gradle/internal/snapshot/CaseSensitivity;)Z @ 11 c2
Event: 16.995 Thread 0x000002832d6b93c0 DEOPT PACKING pc=0x00000282cfe6dc70 sp=0x000000adbb2fcd30
Event: 16.995 Thread 0x000002832d6b93c0 DEOPT UNPACKING pc=0x00000282cf6269a3 sp=0x000000adbb2fccc8 mode 2
Event: 17.106 Thread 0x000002832d6bd080 DEOPT PACKING pc=0x00000282c91ae852 sp=0x000000adb9ffb010
Event: 17.106 Thread 0x000002832d6bd080 DEOPT UNPACKING pc=0x00000282cf627143 sp=0x000000adb9ffa538 mode 0
Event: 17.669 Thread 0x000002832d6bf3f0 DEOPT PACKING pc=0x00000282c9200381 sp=0x000000adbb1fd620
Event: 17.669 Thread 0x000002832d6bf3f0 DEOPT UNPACKING pc=0x00000282cf627143 sp=0x000000adbb1fcae8 mode 0

Classes loaded (20 events):
Event: 14.638 Loading class sun/net/ProgressMonitor
Event: 14.638 Loading class sun/net/ProgressMonitor done
Event: 14.638 Loading class sun/net/DefaultProgressMeteringPolicy
Event: 14.639 Loading class sun/net/ProgressMeteringPolicy
Event: 14.639 Loading class sun/net/ProgressMeteringPolicy done
Event: 14.639 Loading class sun/net/DefaultProgressMeteringPolicy done
Event: 14.829 Loading class java/time/Instant$1
Event: 14.830 Loading class java/time/Instant$1 done
Event: 15.472 Loading class java/nio/file/FileTreeWalker$1
Event: 15.472 Loading class java/nio/file/FileTreeWalker$1 done
Event: 15.814 Loading class java/util/stream/ReduceOps$6
Event: 15.814 Loading class java/util/stream/ReduceOps$6 done
Event: 15.814 Loading class java/util/stream/ReduceOps$5ReducingSink
Event: 15.815 Loading class java/util/stream/ReduceOps$5ReducingSink done
Event: 15.887 Loading class jdk/internal/access/foreign/MemorySegmentProxy
Event: 15.887 Loading class jdk/internal/access/foreign/MemorySegmentProxy done
Event: 16.116 Loading class java/util/zip/ZipInputStream
Event: 16.117 Loading class java/util/zip/ZipInputStream done
Event: 16.117 Loading class java/io/PushbackInputStream
Event: 16.117 Loading class java/io/PushbackInputStream done

Classes unloaded (0 events):
No events

Classes redefined (0 events):
No events

Internal exceptions (20 events):
Event: 12.774 Thread 0x00000283290ef530 Exception <a 'java/lang/ClassNotFoundException'{0x00000006eb32da00}: com/android/build/gradle/internal/dsl/DynamicDeliveryImplCustomizer> (0x00000006eb32da00) 
thrown [s\src\hotspot\share\classfile\systemDictionary.cpp, line 256]
Event: 12.775 Thread 0x00000283290ef530 Exception <a 'java/lang/ClassNotFoundException'{0x00000006eb33a210}: com/android/build/gradle/internal/dsl/DynamicDeliveryImpl_DecoratedCustomizer> (0x00000006eb33a210) 
thrown [s\src\hotspot\share\classfile\systemDictionary.cpp, line 256]
Event: 13.548 Thread 0x00000283290ef530 Exception <a 'java/lang/NullPointerException'{0x00000006eb999560}> (0x00000006eb999560) 
thrown [s\src\hotspot\share\interpreter\linkResolver.cpp, line 1433]
Event: 13.675 Thread 0x00000283290ef530 Implicit null exception at 0x00000282cfd6aac8 to 0x00000282cfd6cd80
Event: 13.709 Thread 0x00000283290ef530 Implicit null exception at 0x00000282cfd46c1f to 0x00000282cfd48e44
Event: 13.869 Thread 0x00000283290ef530 Exception <a 'sun/nio/fs/WindowsException'{0x00000006edf91b18}> (0x00000006edf91b18) 
thrown [s\src\hotspot\share\prims\jni.cpp, line 516]
Event: 13.869 Thread 0x00000283290ef530 Exception <a 'sun/nio/fs/WindowsException'{0x00000006edf93150}> (0x00000006edf93150) 
thrown [s\src\hotspot\share\prims\jni.cpp, line 516]
Event: 13.869 Thread 0x00000283290ef530 Exception <a 'sun/nio/fs/WindowsException'{0x00000006edf947c0}> (0x00000006edf947c0) 
thrown [s\src\hotspot\share\prims\jni.cpp, line 516]
Event: 13.869 Thread 0x00000283290ef530 Exception <a 'sun/nio/fs/WindowsException'{0x00000006edf95e30}> (0x00000006edf95e30) 
thrown [s\src\hotspot\share\prims\jni.cpp, line 516]
Event: 14.213 Thread 0x00000283290ef530 Exception <a 'java/lang/NoSuchMethodError'{0x00000006ed2348c0}: 'java.lang.Object java.lang.invoke.DirectMethodHandle$Holder.invokeStatic(java.lang.Object, java.lang.Object, int, int)'> (0x00000006ed2348c0) 
thrown [s\src\hotspot\share\interpreter\linkResolver.cpp, line 759]
Event: 14.214 Thread 0x00000283290ef530 Exception <a 'java/lang/NoSuchMethodError'{0x00000006ed23cb78}: 'java.lang.Object java.lang.invoke.DirectMethodHandle$Holder.newInvokeSpecial(java.lang.Object, java.lang.Object, int, int)'> (0x00000006ed23cb78) 
thrown [s\src\hotspot\share\interpreter\linkResolver.cpp, line 759]
Event: 14.397 Thread 0x00000283295b89c0 Exception <a 'java/lang/IncompatibleClassChangeError'{0x00000006ec503d90}: Found class java.lang.Object, but interface was expected> (0x00000006ec503d90) 
thrown [s\src\hotspot\share\interpreter\linkResolver.cpp, line 826]
Event: 14.420 Thread 0x00000283295b89c0 Exception <a 'java/lang/NoSuchMethodError'{0x00000006ec6125d8}: 'void java.lang.invoke.DirectMethodHandle$Holder.invokeVirtual(java.lang.Object, java.lang.Object)'> (0x00000006ec6125d8) 
thrown [s\src\hotspot\share\interpreter\linkResolver.cpp, line 759]
Event: 14.567 Thread 0x00000283295b89c0 Exception <a 'java/lang/NoSuchMethodError'{0x00000006ec7aafb0}: 'int java.lang.invoke.DirectMethodHandle$Holder.invokeSpecial(java.lang.Object, java.lang.Object, java.lang.Object, java.lang.Object, java.lang.Object)'> (0x00000006ec7aafb0) 
thrown [s\src\hotspot\share\interpreter\linkResolver.cpp, line 759]
Event: 14.626 Thread 0x00000283295b89c0 Exception <a 'java/lang/IncompatibleClassChangeError'{0x00000006ec042e70}: Found class java.lang.Object, but interface was expected> (0x00000006ec042e70) 
thrown [s\src\hotspot\share\interpreter\linkResolver.cpp, line 826]
Event: 14.869 Thread 0x00000283295b89c0 Implicit null exception at 0x00000282cfe768d7 to 0x00000282cfe76a7c
Event: 15.480 Thread 0x00000283295b89c0 Exception <a 'java/lang/NoSuchMethodError'{0x00000006ebb09ff0}: 'void java.lang.invoke.DirectMethodHandle$Holder.invokeStatic(java.lang.Object, java.lang.Object, java.lang.Object, java.lang.Object, int, java.lang.Object, java.lang.Object)'> (0x00000006ebb09ff0) 
thrown [s\src\hotspot\share\interpreter\linkResolver.cpp, line 759]
Event: 15.780 Thread 0x00000283295b89c0 Exception <a 'java/lang/NoSuchMethodError'{0x00000006eb40f748}: 'java.lang.Object java.lang.invoke.DirectMethodHandle$Holder.invokeSpecialIFC(java.lang.Object, java.lang.Object, java.lang.Object)'> (0x00000006eb40f748) 
thrown [s\src\hotspot\share\interpreter\linkResolver.cpp, line 759]
Event: 15.861 Thread 0x000002832d6bc150 Exception <a 'java/lang/NoSuchMethodError'{0x00000006ea0c4ad0}: 'int java.lang.invoke.DirectMethodHandle$Holder.invokeStaticInit(java.lang.Object, java.lang.Object, java.lang.Object, java.lang.Object, java.lang.Object)'> (0x00000006ea0c4ad0) 
thrown [s\src\hotspot\share\interpreter\linkResolver.cpp, line 759]
Event: 16.203 Thread 0x000002832b303090 Implicit null exception at 0x00000282d0083a9f to 0x00000282d0084d38

VM Operations (20 events):
Event: 17.100 Executing VM operation: G1PauseRemark done
Event: 17.145 Executing VM operation: G1PauseCleanup
Event: 17.145 Executing VM operation: G1PauseCleanup done
Event: 17.181 Executing VM operation: G1TryInitiateConcMark
Event: 17.184 Executing VM operation: G1TryInitiateConcMark done
Event: 17.328 Executing VM operation: G1TryInitiateConcMark
Event: 17.332 Executing VM operation: G1TryInitiateConcMark done
Event: 17.582 Executing VM operation: G1TryInitiateConcMark
Event: 17.586 Executing VM operation: G1TryInitiateConcMark done
Event: 17.774 Executing VM operation: G1TryInitiateConcMark
Event: 17.778 Executing VM operation: G1TryInitiateConcMark done
Event: 17.904 Executing VM operation: G1PauseRemark
Event: 17.910 Executing VM operation: G1PauseRemark done
Event: 17.960 Executing VM operation: G1PauseCleanup
Event: 17.960 Executing VM operation: G1PauseCleanup done
Event: 17.997 Executing VM operation: G1TryInitiateConcMark
Event: 18.001 Executing VM operation: G1TryInitiateConcMark done
Event: 18.132 Executing VM operation: G1TryInitiateConcMark
Event: 18.137 Executing VM operation: G1TryInitiateConcMark done
Event: 18.359 Executing VM operation: G1TryInitiateConcMark

Memory protections (0 events):
No events

Nmethod flushes (20 events):
Event: 7.959 Thread 0x00000282e3e043b0 flushing  nmethod 0x00000282c89a5e10
Event: 7.959 Thread 0x00000282e3e043b0 flushing  nmethod 0x00000282c89b0390
Event: 7.959 Thread 0x00000282e3e043b0 flushing  nmethod 0x00000282c89dc010
Event: 7.959 Thread 0x00000282e3e043b0 flushing  nmethod 0x00000282c89dd010
Event: 7.960 Thread 0x00000282e3e043b0 flushing  nmethod 0x00000282c8a43910
Event: 7.960 Thread 0x00000282e3e043b0 flushing  nmethod 0x00000282c8a7be90
Event: 7.960 Thread 0x00000282e3e043b0 flushing  nmethod 0x00000282c8a7fc10
Event: 7.960 Thread 0x00000282e3e043b0 flushing  nmethod 0x00000282c8a88310
Event: 7.960 Thread 0x00000282e3e043b0 flushing  nmethod 0x00000282c8aa1310
Event: 7.960 Thread 0x00000282e3e043b0 flushing  nmethod 0x00000282c8aa1690
Event: 7.960 Thread 0x00000282e3e043b0 flushing  nmethod 0x00000282c8ad5a10
Event: 7.960 Thread 0x00000282e3e043b0 flushing  nmethod 0x00000282c8ad5d90
Event: 7.960 Thread 0x00000282e3e043b0 flushing  nmethod 0x00000282c8ad9d90
Event: 7.960 Thread 0x00000282e3e043b0 flushing  nmethod 0x00000282c8adfd90
Event: 7.960 Thread 0x00000282e3e043b0 flushing  nmethod 0x00000282c8ae3610
Event: 7.960 Thread 0x00000282e3e043b0 flushing  nmethod 0x00000282c8b82a90
Event: 7.960 Thread 0x00000282e3e043b0 flushing  nmethod 0x00000282c8bb3610
Event: 13.312 Thread 0x00000282e3e043b0 flushing  nmethod 0x00000282c8381810
Event: 13.313 Thread 0x00000282e3e043b0 flushing  nmethod 0x00000282c8500010
Event: 13.314 Thread 0x00000282e3e043b0 flushing  nmethod 0x00000282c858ee90

Events (20 events):
Event: 5.879 Thread 0x00000283290ef530 Thread added: 0x00000283295b2ea0
Event: 5.879 Thread 0x00000283290ef530 Thread added: 0x00000283295b38c0
Event: 5.879 Thread 0x00000283290ef530 Thread added: 0x00000283295b3dd0
Event: 5.879 Thread 0x00000283290ef530 Thread added: 0x00000283295b47f0
Event: 5.879 Thread 0x00000283290ef530 Thread added: 0x00000283295b1f70
Event: 6.774 Thread 0x000002832929a5c0 Thread exited: 0x000002832929a5c0
Event: 7.406 Thread 0x00000282e3dd0bc0 Thread added: 0x000002832cb86b00
Event: 7.862 Thread 0x000002832cb86b00 Thread exited: 0x000002832cb86b00
Event: 9.313 Thread 0x00000282e3dd0bc0 Thread added: 0x000002832cb86b00
Event: 9.511 Thread 0x00000283290ef530 Thread added: 0x00000283295b7a90
Event: 10.782 Thread 0x000002832cb86b00 Thread exited: 0x000002832cb86b00
Event: 11.092 Thread 0x00000282e3dd0bc0 Thread added: 0x000002832cb86b00
Event: 14.346 Thread 0x00000283290ef530 Thread added: 0x00000283295b5720
Event: 14.351 Thread 0x00000283295b5720 Thread added: 0x00000283295b89c0
Event: 14.351 Thread 0x00000283295b5720 Thread added: 0x00000283295b6140
Event: 14.351 Thread 0x00000283295b5720 Thread added: 0x00000283295b6650
Event: 14.374 Thread 0x00000283295b89c0 Thread added: 0x00000283295b6b60
Event: 15.776 Thread 0x000002832cb86b00 Thread exited: 0x000002832cb86b00
Event: 15.805 Thread 0x00000282e3dd0bc0 Thread added: 0x000002832ec25690
Event: 17.397 Thread 0x000002832ec25690 Thread exited: 0x000002832ec25690


Dynamic libraries:
0x00007ff745700000 - 0x00007ff74570e000 	C:\Program Files\Eclipse Adoptium\jdk-17.0.15.6-hotspot\bin\java.exe
0x00007fff25650000 - 0x00007fff25848000 	C:\Windows\SYSTEM32\ntdll.dll
0x00007fff24b80000 - 0x00007fff24c42000 	C:\Windows\System32\KERNEL32.DLL
0x00007fff22ce0000 - 0x00007fff22fd6000 	C:\Windows\System32\KERNELBASE.dll
0x00007fff201d0000 - 0x00007fff20264000 	C:\Windows\SYSTEM32\apphelp.dll
0x00007fff23080000 - 0x00007fff23180000 	C:\Windows\System32\ucrtbase.dll
0x00007fff1c780000 - 0x00007fff1c797000 	C:\Program Files\Eclipse Adoptium\jdk-17.0.15.6-hotspot\bin\jli.dll
0x00007fff1c0f0000 - 0x00007fff1c10e000 	C:\Program Files\Eclipse Adoptium\jdk-17.0.15.6-hotspot\bin\VCRUNTIME140.dll
0x00007fff24c60000 - 0x00007fff24dfd000 	C:\Windows\System32\USER32.dll
0x00007fff23200000 - 0x00007fff23222000 	C:\Windows\System32\win32u.dll
0x00007fff16710000 - 0x00007fff169aa000 	C:\Windows\WinSxS\amd64_microsoft.windows.common-controls_6595b64144ccf1df_6.0.19041.4355_none_60b8b9eb71f62e16\COMCTL32.dll
0x00007fff24f00000 - 0x00007fff24f2b000 	C:\Windows\System32\GDI32.dll
0x00007fff24e60000 - 0x00007fff24efe000 	C:\Windows\System32\msvcrt.dll
0x00007fff23550000 - 0x00007fff2366a000 	C:\Windows\System32\gdi32full.dll
0x00007fff22fe0000 - 0x00007fff2307d000 	C:\Windows\System32\msvcp_win.dll
0x00007fff25230000 - 0x00007fff2525f000 	C:\Windows\System32\IMM32.DLL
0x00007fff200e0000 - 0x00007fff200ec000 	C:\Program Files\Eclipse Adoptium\jdk-17.0.15.6-hotspot\bin\vcruntime140_1.dll
0x00007fff04070000 - 0x00007fff040fd000 	C:\Program Files\Eclipse Adoptium\jdk-17.0.15.6-hotspot\bin\msvcp140.dll
0x00007ffec35e0000 - 0x00007ffec424b000 	C:\Program Files\Eclipse Adoptium\jdk-17.0.15.6-hotspot\bin\server\jvm.dll
0x00007fff23670000 - 0x00007fff2371f000 	C:\Windows\System32\ADVAPI32.dll
0x00007fff24560000 - 0x00007fff245ff000 	C:\Windows\System32\sechost.dll
0x00007fff25260000 - 0x00007fff25383000 	C:\Windows\System32\RPCRT4.dll
0x00007fff23230000 - 0x00007fff23257000 	C:\Windows\System32\bcrypt.dll
0x00007fff250e0000 - 0x00007fff2514b000 	C:\Windows\System32\WS2_32.dll
0x00007fff22b40000 - 0x00007fff22b8b000 	C:\Windows\SYSTEM32\POWRPROF.dll
0x00007fff19870000 - 0x00007fff1987a000 	C:\Windows\SYSTEM32\VERSION.dll
0x00007fff165f0000 - 0x00007fff16617000 	C:\Windows\SYSTEM32\WINMM.dll
0x00007fff22b20000 - 0x00007fff22b32000 	C:\Windows\SYSTEM32\UMPDC.dll
0x00007fff20b80000 - 0x00007fff20b92000 	C:\Windows\SYSTEM32\kernel.appcore.dll
0x00007fff1eec0000 - 0x00007fff1eeca000 	C:\Program Files\Eclipse Adoptium\jdk-17.0.15.6-hotspot\bin\jimage.dll
0x00007fff16ac0000 - 0x00007fff16ca4000 	C:\Windows\SYSTEM32\DBGHELP.DLL
0x00007fff0b4d0000 - 0x00007fff0b504000 	C:\Windows\SYSTEM32\dbgcore.DLL
0x00007fff23260000 - 0x00007fff232e2000 	C:\Windows\System32\bcryptPrimitives.dll
0x00007fff04040000 - 0x00007fff04065000 	C:\Program Files\Eclipse Adoptium\jdk-17.0.15.6-hotspot\bin\java.dll
0x00007ffee79a0000 - 0x00007ffee7a77000 	C:\Program Files\Eclipse Adoptium\jdk-17.0.15.6-hotspot\bin\jsvml.dll
0x00007fff23850000 - 0x00007fff23fbf000 	C:\Windows\System32\SHELL32.dll
0x00007fff20d80000 - 0x00007fff21523000 	C:\Windows\SYSTEM32\windows.storage.dll
0x00007fff24630000 - 0x00007fff24985000 	C:\Windows\System32\combase.dll
0x00007fff22640000 - 0x00007fff2266b000 	C:\Windows\SYSTEM32\Wldp.dll
0x00007fff24ab0000 - 0x00007fff24b7d000 	C:\Windows\System32\OLEAUT32.dll
0x00007fff25560000 - 0x00007fff2560d000 	C:\Windows\System32\SHCORE.dll
0x00007fff244a0000 - 0x00007fff244f5000 	C:\Windows\System32\shlwapi.dll
0x00007fff22c10000 - 0x00007fff22c35000 	C:\Windows\SYSTEM32\profapi.dll
0x00007fff18210000 - 0x00007fff18229000 	C:\Program Files\Eclipse Adoptium\jdk-17.0.15.6-hotspot\bin\net.dll
0x00007fff1d540000 - 0x00007fff1d64a000 	C:\Windows\SYSTEM32\WINHTTP.dll
0x00007fff223a0000 - 0x00007fff2240c000 	C:\Windows\system32\mswsock.dll
0x00007fff16f40000 - 0x00007fff16f56000 	C:\Program Files\Eclipse Adoptium\jdk-17.0.15.6-hotspot\bin\nio.dll
0x00007fff148f0000 - 0x00007fff14908000 	C:\Program Files\Eclipse Adoptium\jdk-17.0.15.6-hotspot\bin\zip.dll
0x00007fff1dae0000 - 0x00007fff1daf0000 	C:\Program Files\Eclipse Adoptium\jdk-17.0.15.6-hotspot\bin\verify.dll
0x00007ffefbcc0000 - 0x00007ffefbce7000 	C:\Users\Alaa\.gradle\native\e1d6ef7f7dcc3fd88c89a11ec53ec762bb8ba0a96d01ffa2cd45eb1d1d8dd5c5\windows-amd64\native-platform.dll
0x00007ffee4db0000 - 0x00007ffee4ef4000 	C:\Users\Alaa\.gradle\native\0d407fdbe67a94daf76414ababcb853783967236a71b16ec16e742cd7a986fd3\windows-amd64\native-platform-file-events.dll
0x00007fff1cdb0000 - 0x00007fff1cdba000 	C:\Program Files\Eclipse Adoptium\jdk-17.0.15.6-hotspot\bin\management.dll
0x00007fff1c910000 - 0x00007fff1c91b000 	C:\Program Files\Eclipse Adoptium\jdk-17.0.15.6-hotspot\bin\management_ext.dll
0x00007fff24a10000 - 0x00007fff24a18000 	C:\Windows\System32\PSAPI.DLL
0x00007fff225a0000 - 0x00007fff225b8000 	C:\Windows\SYSTEM32\CRYPTSP.dll
0x00007fff21cc0000 - 0x00007fff21cf8000 	C:\Windows\system32\rsaenh.dll
0x00007fff22bd0000 - 0x00007fff22bfe000 	C:\Windows\SYSTEM32\USERENV.dll
0x00007fff22590000 - 0x00007fff2259c000 	C:\Windows\SYSTEM32\CRYPTBASE.dll
0x00007fff22080000 - 0x00007fff220bb000 	C:\Windows\SYSTEM32\IPHLPAPI.DLL
0x00007fff24600000 - 0x00007fff24608000 	C:\Windows\System32\NSI.dll
0x00007fff1ba30000 - 0x00007fff1ba47000 	C:\Windows\SYSTEM32\dhcpcsvc6.DLL
0x00007fff1c6b0000 - 0x00007fff1c6cd000 	C:\Windows\SYSTEM32\dhcpcsvc.DLL
0x00007fff220c0000 - 0x00007fff2218a000 	C:\Windows\SYSTEM32\DNSAPI.dll
0x00007fff1c0d0000 - 0x00007fff1c0d9000 	C:\Program Files\Eclipse Adoptium\jdk-17.0.15.6-hotspot\bin\extnet.dll
0x00007fff18360000 - 0x00007fff1836e000 	C:\Program Files\Eclipse Adoptium\jdk-17.0.15.6-hotspot\bin\sunmscapi.dll
0x00007fff233f0000 - 0x00007fff2354d000 	C:\Windows\System32\CRYPT32.dll
0x00007fff226b0000 - 0x00007fff226d7000 	C:\Windows\SYSTEM32\ncrypt.dll
0x00007fff22670000 - 0x00007fff226ab000 	C:\Windows\SYSTEM32\NTASN1.dll
0x00007fff06ac0000 - 0x00007fff06ac7000 	C:\Windows\system32\wshunix.dll

dbghelp: loaded successfully - version: 4.0.5 - missing functions: none
symbol engine: initialized successfully - sym options: 0x614 - pdb path: .;C:\Program Files\Eclipse Adoptium\jdk-17.0.15.6-hotspot\bin;C:\Windows\SYSTEM32;C:\Windows\WinSxS\amd64_microsoft.windows.common-controls_6595b64144ccf1df_6.0.19041.4355_none_60b8b9eb71f62e16;C:\Program Files\Eclipse Adoptium\jdk-17.0.15.6-hotspot\bin\server;C:\Users\Alaa\.gradle\native\e1d6ef7f7dcc3fd88c89a11ec53ec762bb8ba0a96d01ffa2cd45eb1d1d8dd5c5\windows-amd64;C:\Users\Alaa\.gradle\native\0d407fdbe67a94daf76414ababcb853783967236a71b16ec16e742cd7a986fd3\windows-amd64

VM Arguments:
jvm_args: --add-opens=java.base/java.util=ALL-UNNAMED --add-opens=java.base/java.lang=ALL-UNNAMED --add-opens=java.base/java.lang.invoke=ALL-UNNAMED --add-opens=java.base/java.util=ALL-UNNAMED --add-opens=java.prefs/java.util.prefs=ALL-UNNAMED --add-opens=java.prefs/java.util.prefs=ALL-UNNAMED --add-opens=java.base/java.nio.charset=ALL-UNNAMED --add-opens=java.base/java.net=ALL-UNNAMED --add-opens=java.base/java.util.concurrent.atomic=ALL-UNNAMED -Xmx4536m -Dfile.encoding=windows-1252 -Duser.country=US -Duser.language=en -Duser.variant 
java_command: org.gradle.launcher.daemon.bootstrap.GradleDaemon 7.4.2
java_class_path (initial): C:\Users\Alaa\.gradle\wrapper\dists\gradle-7.4.2-bin\48ivgl02cpt2ed3fh9dbalvx8\gradle-7.4.2\lib\gradle-launcher-7.4.2.jar
Launcher Type: SUN_STANDARD

[Global flags]
     intx CICompilerCount                          = 3                                         {product} {ergonomic}
     uint ConcGCThreads                            = 1                                         {product} {ergonomic}
     uint G1ConcRefinementThreads                  = 4                                         {product} {ergonomic}
   size_t G1HeapRegionSize                         = 4194304                                   {product} {ergonomic}
    uintx GCDrainStackTargetSize                   = 64                                        {product} {ergonomic}
   size_t InitialHeapSize                          = 130023424                                 {product} {ergonomic}
   size_t MarkStackSize                            = 4194304                                   {product} {ergonomic}
   size_t MaxHeapSize                              = 4756340736                                {product} {command line}
   size_t MaxNewSize                               = 2852126720                                {product} {ergonomic}
   size_t MinHeapDeltaBytes                        = 4194304                                   {product} {ergonomic}
   size_t MinHeapSize                              = 8388608                                   {product} {ergonomic}
    uintx NonNMethodCodeHeapSize                   = 5832780                                {pd product} {ergonomic}
    uintx NonProfiledCodeHeapSize                  = 122912730                              {pd product} {ergonomic}
    uintx ProfiledCodeHeapSize                     = 122912730                              {pd product} {ergonomic}
    uintx ReservedCodeCacheSize                    = 251658240                              {pd product} {ergonomic}
     bool SegmentedCodeCache                       = true                                      {product} {ergonomic}
   size_t SoftMaxHeapSize                          = 4756340736                             {manageable} {ergonomic}
     bool UseCompressedClassPointers               = true                           {product lp64_product} {ergonomic}
     bool UseCompressedOops                        = true                           {product lp64_product} {ergonomic}
     bool UseG1GC                                  = true                                      {product} {ergonomic}
     bool UseLargePagesIndividualAllocation        = false                                  {pd product} {ergonomic}

Logging:
Log output configuration:
 #0: stdout all=warning uptime,level,tags
 #1: stderr all=off uptime,level,tags

Environment Variables:
JAVA_HOME=C:\Program Files\Eclipse Adoptium\jdk-17.0.15.6-hotspot
CLASSPATH=F:\InfiniteRunner-main\Backup O\android\build\\gradle\wrapper\gradle-wrapper.jar
PATH=C:\Program Files\Eclipse Adoptium\jdk-17.0.15.6-hotspot\bin;C:\Windows\system32;C:\Windows;C:\Windows\System32\Wbem;C:\Windows\System32\WindowsPowerShell\v1.0\;C:\Windows\System32\OpenSSH\;C:\Program Files\nodejs\;C:\Program Files\dotnet\;C:\Program Files\Docker\Docker\resources\bin;C:\Program Files\Git\cmd;C:\Users\Alaa\AppData\Local\Programs\Python\Python313\Scripts\;C:\Users\Alaa\AppData\Local\Programs\Python\Python313\;C:\Users\Alaa\AppData\Local\Programs\Python\Launcher\;F:\apps;C:\Users\Alaa\AppData\Local\GitHubDesktop\bin;C:\Users\Alaa\Downloads\Windows-64bit\Beave;C:\Users\Alaa\Downloads\Knight_of_the_Condemend;F:\apps\godot;C:\Users\Alaa\Documents\BUCKSHOT.ROULETTE.v1.2.2\BUCKSHOT.ROULETTE.v1.2.2;C:\Users\Alaa\AppData\Roaming\npm
USERNAME=Alaa
OS=Windows_NT
PROCESSOR_IDENTIFIER=Intel64 Family 6 Model 60 Stepping 3, GenuineIntel
TMP=C:\Users\Alaa\AppData\Local\Temp
TEMP=C:\Users\Alaa\AppData\Local\Temp



Periodic native trim disabled


---------------  S Y S T E M  ---------------

OS:
 Windows 10 , 64 bit Build 19041 (10.0.19041.5678)
OS uptime: 0 days 1:58 hours

CPU: total 4 (initial active 4) (4 cores per cpu, 1 threads per core) family 6 model 60 stepping 3 microcode 0x27, cx8, cmov, fxsr, mmx, sse, sse2, sse3, ssse3, sse4.1, sse4.2, popcnt, lzcnt, tsc, tscinvbit, avx, avx2, aes, erms, clmul, bmi1, bmi2, fma, vzeroupper, clflush
Processor Information for all 4 processors :
  Max Mhz: 3301, Current Mhz: 3301, Mhz Limit: 3301

Memory: 4k page, system-wide physical 7878M (1158M free)
TotalPageFile size 9901M (AvailPageFile size 94M)
current process WorkingSet (physical memory assigned to process): 707M, peak: 707M
current process commit charge ("private bytes"): 959M, peak: 1323M

vm_info: OpenJDK 64-Bit Server VM (17.0.15+6) for windows-amd64 JRE (17.0.15+6), built on Apr 15 2025 21:25:47 by "admin" with MS VC++ 17.7 (VS2022)

END.
