#
# There is insufficient memory for the Java Runtime Environment to continue.
# Native memory allocation (mmap) failed to map 150994944 bytes. Error detail: G1 virtual space
# Possible reasons:
#   The system is out of physical RAM or swap space
#   This process is running with CompressedOops enabled, and the Java Heap may be blocking the growth of the native heap
# Possible solutions:
#   Reduce memory load on the system
#   Increase physical memory or swap space
#   Check if swap backing store is full
#   Decrease Java heap size (-Xmx/-Xms)
#   Decrease number of Java threads
#   Decrease Java thread stack sizes (-Xss)
#   Set larger code cache with -XX:ReservedCodeCacheSize=
#   JVM is running with Zero Based Compressed Oops mode in which the Java heap is
#     placed in the first 32GB address space. The Java Heap base address is the
#     maximum limit for the native heap growth. Please use -XX:HeapBaseMinAddress
#     to set the Java Heap base and to place the Java Heap above 32GB virtual address.
# This output file may be truncated or incomplete.
#
#  Out of Memory Error (os_windows.cpp:3618), pid=13036, tid=1496
#
# JRE version: OpenJDK Runtime Environment Temurin-17.0.15+6 (17.0.15+6) (build 17.0.15+6)
# Java VM: OpenJDK 64-Bit Server VM Temurin-17.0.15+6 (17.0.15+6, mixed mode, sharing, tiered, compressed oops, compressed class ptrs, g1 gc, windows-amd64)
# No core dump will be written. Minidumps are not enabled by default on client versions of Windows
#

---------------  S U M M A R Y ------------

Command Line: --add-opens=java.base/java.util=ALL-UNNAMED --add-opens=java.base/java.lang=ALL-UNNAMED --add-opens=java.base/java.lang.invoke=ALL-UNNAMED --add-opens=java.base/java.util=ALL-UNNAMED --add-opens=java.prefs/java.util.prefs=ALL-UNNAMED --add-opens=java.prefs/java.util.prefs=ALL-UNNAMED --add-opens=java.base/java.nio.charset=ALL-UNNAMED --add-opens=java.base/java.net=ALL-UNNAMED --add-opens=java.base/java.util.concurrent.atomic=ALL-UNNAMED -Xmx4536m -Dfile.encoding=windows-1252 -Duser.country=US -Duser.language=en -Duser.variant org.gradle.launcher.daemon.bootstrap.GradleDaemon 7.4.2

Host: Intel(R) Core(TM) i5-4590 CPU @ 3.30GHz, 4 cores, 7G,  Windows 10 , 64 bit Build 19041 (10.0.19041.5678)
Time: Tue Apr 29 17:03:31 2025 Egypt Daylight Time elapsed time: 14.698620 seconds (0d 0h 0m 14s)

---------------  T H R E A D  ---------------

Current thread (0x0000022be9711720):  VMThread "VM Thread" [stack: 0x000000914ab00000,0x000000914ac00000] [id=1496]

Stack: [0x000000914ab00000,0x000000914ac00000]
Native frames: (J=compiled Java code, j=interpreted, Vv=VM code, C=native code)
V  [jvm.dll+0x682fc9]
V  [jvm.dll+0x839878]
V  [jvm.dll+0x83b323]
V  [jvm.dll+0x83b993]
V  [jvm.dll+0x24725f]
V  [jvm.dll+0x67fda9]
V  [jvm.dll+0x674c9a]
V  [jvm.dll+0x304d06]
V  [jvm.dll+0x30c1c6]
V  [jvm.dll+0x35dd4e]
V  [jvm.dll+0x35df8d]
V  [jvm.dll+0x2dc0cc]
V  [jvm.dll+0x2da46f]
V  [jvm.dll+0x2d9bdc]
V  [jvm.dll+0x31d781]
V  [jvm.dll+0x8401cd]
V  [jvm.dll+0x840f03]
V  [jvm.dll+0x84142f]
V  [jvm.dll+0x841814]
V  [jvm.dll+0x8418de]
V  [jvm.dll+0x7e94dc]
V  [jvm.dll+0x681ea7]
C  [ucrtbase.dll+0x21bb2]
C  [KERNEL32.DLL+0x17374]
C  [ntdll.dll+0x4cc91]

VM_Operation (0x000000914d8f93d0): G1TryInitiateConcMark, mode: safepoint, requested by thread 0x0000022bf01d7300


---------------  P R O C E S S  ---------------

Threads class SMR info:
_java_thread_list=0x0000022bf41dbcf0, length=86, elements={
0x0000022bc5ed03a0, 0x0000022be9717570, 0x0000022be9719ba0, 0x0000022be9733cb0,
0x0000022be9734670, 0x0000022be9735de0, 0x0000022be9738f50, 0x0000022be973dda0,
0x0000022be9742860, 0x0000022be974de40, 0x0000022be997a290, 0x0000022be997b6d0,
0x0000022be9979d80, 0x0000022be9979870, 0x0000022be9977f20, 0x0000022be997b1c0,
0x0000022be9978940, 0x0000022be997a7a0, 0x0000022be9978e50, 0x0000022be9978430,
0x0000022be997acb0, 0x0000022be9979360, 0x0000022befa3ea30, 0x0000022befa3db00,
0x0000022befa3ef40, 0x0000022befa421e0, 0x0000022befa3f450, 0x0000022befa41cd0,
0x0000022befa426f0, 0x0000022befa3e010, 0x0000022befa43620, 0x0000022befa3fe70,
0x0000022befa40da0, 0x0000022befa417c0, 0x0000022befa3c6c0, 0x0000022befa44040,
0x0000022bf01da090, 0x0000022bf01d4a80, 0x0000022bf01d8230, 0x0000022bf01da5a0,
0x0000022bf01d7300, 0x0000022bf01daab0, 0x0000022bf01dafc0, 0x0000022bf01d4f90,
0x0000022bf01d7810, 0x0000022bf01d54a0, 0x0000022bf01d59b0, 0x0000022bf01d7d20,
0x0000022bf01d9160, 0x0000022bf01d8740, 0x0000022bf01d8c50, 0x0000022bf01d9670,
0x0000022bf01d6df0, 0x0000022bf01d9b80, 0x0000022bf01db4d0, 0x0000022bf01d5ec0,
0x0000022bf01d4060, 0x0000022bf01d68e0, 0x0000022bf01db9e0, 0x0000022bf01d4570,
0x0000022bf01d63d0, 0x0000022bf2a57760, 0x0000022bf2a544c0, 0x0000022bf2a5a4f0,
0x0000022bf2a55900, 0x0000022bf2a56830, 0x0000022bf2a5aa00, 0x0000022bf2a553f0,
0x0000022bf2a56d40, 0x0000022bf2a58ba0, 0x0000022bf2a53590, 0x0000022bf2a59fe0,
0x0000022bf2a5af10, 0x0000022bf2a53aa0, 0x0000022bf2a55e10, 0x0000022bf2a590b0,
0x0000022bf2a595c0, 0x0000022bf2a57c70, 0x0000022bf2a57250, 0x0000022bf2a53fb0,
0x0000022bf2a59ad0, 0x0000022bf2a549d0, 0x0000022bf2a54ee0, 0x0000022bf1eb32c0,
0x0000022bf1eb1970, 0x0000022bf0180010
}

Java Threads: ( => current thread )
  0x0000022bc5ed03a0 JavaThread "main" [_thread_blocked, id=11684, stack(0x000000914a500000,0x000000914a600000)]
  0x0000022be9717570 JavaThread "Reference Handler" daemon [_thread_blocked, id=2428, stack(0x000000914ac00000,0x000000914ad00000)]
  0x0000022be9719ba0 JavaThread "Finalizer" daemon [_thread_blocked, id=11676, stack(0x000000914ad00000,0x000000914ae00000)]
  0x0000022be9733cb0 JavaThread "Signal Dispatcher" daemon [_thread_blocked, id=13428, stack(0x000000914ae00000,0x000000914af00000)]
  0x0000022be9734670 JavaThread "Attach Listener" daemon [_thread_blocked, id=12588, stack(0x000000914af00000,0x000000914b000000)]
  0x0000022be9735de0 JavaThread "Service Thread" daemon [_thread_blocked, id=3612, stack(0x000000914b000000,0x000000914b100000)]
  0x0000022be9738f50 JavaThread "Monitor Deflation Thread" daemon [_thread_blocked, id=13792, stack(0x000000914b100000,0x000000914b200000)]
  0x0000022be973dda0 JavaThread "C2 CompilerThread0" daemon [_thread_blocked, id=11608, stack(0x000000914b200000,0x000000914b300000)]
  0x0000022be9742860 JavaThread "C1 CompilerThread0" daemon [_thread_blocked, id=13516, stack(0x000000914b300000,0x000000914b400000)]
  0x0000022be974de40 JavaThread "Sweeper thread" daemon [_thread_blocked, id=13488, stack(0x000000914b400000,0x000000914b500000)]
  0x0000022be997a290 JavaThread "Common-Cleaner" daemon [_thread_blocked, id=12396, stack(0x000000914b500000,0x000000914b600000)]
  0x0000022be997b6d0 JavaThread "Notification Thread" daemon [_thread_blocked, id=11956, stack(0x000000914b600000,0x000000914b700000)]
  0x0000022be9979d80 JavaThread "Daemon health stats" [_thread_blocked, id=3288, stack(0x000000914bc00000,0x000000914bd00000)]
  0x0000022be9979870 JavaThread "Incoming local TCP Connector on port 62978" [_thread_in_native, id=12340, stack(0x000000914bd00000,0x000000914be00000)]
  0x0000022be9977f20 JavaThread "Daemon periodic checks" [_thread_blocked, id=12404, stack(0x000000914be00000,0x000000914bf00000)]
  0x0000022be997b1c0 JavaThread "Daemon" [_thread_blocked, id=9112, stack(0x000000914bf00000,0x000000914c000000)]
  0x0000022be9978940 JavaThread "Handler for socket connection from /127.0.0.1:62978 to /127.0.0.1:62979" [_thread_in_native, id=7568, stack(0x000000914c000000,0x000000914c100000)]
  0x0000022be997a7a0 JavaThread "Cancel handler" [_thread_blocked, id=13300, stack(0x000000914c100000,0x000000914c200000)]
  0x0000022be9978e50 JavaThread "Daemon worker" [_thread_blocked, id=13572, stack(0x000000914c200000,0x000000914c300000)]
  0x0000022be9978430 JavaThread "Asynchronous log dispatcher for DefaultDaemonConnection: socket connection from /127.0.0.1:62978 to /127.0.0.1:62979" [_thread_blocked, id=12532, stack(0x000000914c300000,0x000000914c400000)]
  0x0000022be997acb0 JavaThread "Stdin handler" [_thread_blocked, id=10396, stack(0x000000914c400000,0x000000914c500000)]
  0x0000022be9979360 JavaThread "Daemon client event forwarder" [_thread_blocked, id=6164, stack(0x000000914c500000,0x000000914c600000)]
  0x0000022befa3ea30 JavaThread "Cache worker for journal cache (C:\Users\Alaa\.gradle\caches\journal-1)" [_thread_blocked, id=5380, stack(0x000000914c600000,0x000000914c700000)]
  0x0000022befa3db00 JavaThread "File lock request listener" [_thread_in_native, id=7196, stack(0x000000914c700000,0x000000914c800000)]
  0x0000022befa3ef40 JavaThread "Cache worker for file hash cache (C:\Users\Alaa\.gradle\caches\7.4.2\fileHashes)" [_thread_blocked, id=10612, stack(0x000000914c800000,0x000000914c900000)]
  0x0000022befa421e0 JavaThread "File watcher server" daemon [_thread_in_native, id=232, stack(0x000000914c900000,0x000000914ca00000)]
  0x0000022befa3f450 JavaThread "File watcher consumer" daemon [_thread_blocked, id=12356, stack(0x000000914ca00000,0x000000914cb00000)]
  0x0000022befa41cd0 JavaThread "Cache worker for checksums cache (F:\InfiniteRunner-main\Backup O\android\build\.gradle\7.4.2\checksums)" [_thread_blocked, id=7948, stack(0x000000914cb00000,0x000000914cc00000)]
  0x0000022befa426f0 JavaThread "Cache worker for cache directory md-rule (C:\Users\Alaa\.gradle\caches\7.4.2\md-rule)" [_thread_blocked, id=3992, stack(0x000000914cc00000,0x000000914cd00000)]
  0x0000022befa3e010 JavaThread "Cache worker for file hash cache (F:\InfiniteRunner-main\Backup O\android\build\.gradle\7.4.2\fileHashes)" [_thread_blocked, id=9072, stack(0x000000914cd00000,0x000000914ce00000)]
  0x0000022befa43620 JavaThread "Cache worker for cache directory md-supplier (C:\Users\Alaa\.gradle\caches\7.4.2\md-supplier)" [_thread_blocked, id=8276, stack(0x000000914ce00000,0x000000914cf00000)]
  0x0000022befa3fe70 JavaThread "Cache worker for execution history cache (C:\Users\Alaa\.gradle\caches\7.4.2\executionHistory)" [_thread_blocked, id=6368, stack(0x000000914cf00000,0x000000914d000000)]
  0x0000022befa40da0 JavaThread "jar transforms" [_thread_blocked, id=9688, stack(0x000000914d000000,0x000000914d100000)]
  0x0000022befa417c0 JavaThread "Cache worker for file content cache (C:\Users\Alaa\.gradle\caches\7.4.2\fileContent)" [_thread_blocked, id=10968, stack(0x000000914d100000,0x000000914d200000)]
  0x0000022befa3c6c0 JavaThread "jar transforms Thread 2" [_thread_blocked, id=10908, stack(0x000000914d200000,0x000000914d300000)]
  0x0000022befa44040 JavaThread "jar transforms Thread 3" [_thread_blocked, id=7468, stack(0x000000914d300000,0x000000914d400000)]
  0x0000022bf01da090 JavaThread "jar transforms Thread 4" [_thread_blocked, id=5632, stack(0x000000914d400000,0x000000914d500000)]
  0x0000022bf01d4a80 JavaThread "Cache worker for dependencies-accessors (F:\InfiniteRunner-main\Backup O\android\build\.gradle\7.4.2\dependencies-accessors)" [_thread_blocked, id=10624, stack(0x000000914d500000,0x000000914d600000)]
  0x0000022bf01d8230 JavaThread "Cache worker for Build Output Cleanup Cache (F:\InfiniteRunner-main\Backup O\android\build\.gradle\buildOutputCleanup)" [_thread_blocked, id=2472, stack(0x000000914d600000,0x000000914d700000)]
  0x0000022bf01da5a0 JavaThread "Unconstrained build operations" [_thread_blocked, id=11260, stack(0x000000914d700000,0x000000914d800000)]
  0x0000022bf01d7300 JavaThread "Unconstrained build operations Thread 2" [_thread_blocked, id=6876, stack(0x000000914d800000,0x000000914d900000)]
  0x0000022bf01daab0 JavaThread "Unconstrained build operations Thread 3" [_thread_blocked, id=9660, stack(0x000000914d900000,0x000000914da00000)]
  0x0000022bf01dafc0 JavaThread "Unconstrained build operations Thread 4" [_thread_blocked, id=2700, stack(0x000000914da00000,0x000000914db00000)]
  0x0000022bf01d4f90 JavaThread "Unconstrained build operations Thread 5" [_thread_blocked, id=3716, stack(0x000000914db00000,0x000000914dc00000)]
  0x0000022bf01d7810 JavaThread "Unconstrained build operations Thread 6" [_thread_blocked, id=9872, stack(0x000000914dc00000,0x000000914dd00000)]
  0x0000022bf01d54a0 JavaThread "Unconstrained build operations Thread 7" [_thread_blocked, id=11176, stack(0x000000914dd00000,0x000000914de00000)]
  0x0000022bf01d59b0 JavaThread "Unconstrained build operations Thread 8" [_thread_blocked, id=12804, stack(0x000000914de00000,0x000000914df00000)]
  0x0000022bf01d7d20 JavaThread "Unconstrained build operations Thread 9" [_thread_blocked, id=13772, stack(0x000000914df00000,0x000000914e000000)]
  0x0000022bf01d9160 JavaThread "Unconstrained build operations Thread 10" [_thread_blocked, id=10024, stack(0x000000914e000000,0x000000914e100000)]
  0x0000022bf01d8740 JavaThread "Unconstrained build operations Thread 11" [_thread_blocked, id=3692, stack(0x000000914e100000,0x000000914e200000)]
  0x0000022bf01d8c50 JavaThread "Unconstrained build operations Thread 12" [_thread_blocked, id=5152, stack(0x000000914e200000,0x000000914e300000)]
  0x0000022bf01d9670 JavaThread "Unconstrained build operations Thread 13" [_thread_blocked, id=13728, stack(0x000000914e300000,0x000000914e400000)]
  0x0000022bf01d6df0 JavaThread "Unconstrained build operations Thread 14" [_thread_blocked, id=10552, stack(0x000000914e400000,0x000000914e500000)]
  0x0000022bf01d9b80 JavaThread "Unconstrained build operations Thread 15" [_thread_blocked, id=2364, stack(0x000000914e500000,0x000000914e600000)]
  0x0000022bf01db4d0 JavaThread "Unconstrained build operations Thread 16" [_thread_blocked, id=9456, stack(0x000000914e600000,0x000000914e700000)]
  0x0000022bf01d5ec0 JavaThread "Unconstrained build operations Thread 17" [_thread_blocked, id=12952, stack(0x000000914e700000,0x000000914e800000)]
  0x0000022bf01d4060 JavaThread "Unconstrained build operations Thread 18" [_thread_blocked, id=5700, stack(0x000000914e800000,0x000000914e900000)]
  0x0000022bf01d68e0 JavaThread "Unconstrained build operations Thread 19" [_thread_blocked, id=7372, stack(0x000000914e900000,0x000000914ea00000)]
  0x0000022bf01db9e0 JavaThread "Unconstrained build operations Thread 20" [_thread_blocked, id=11456, stack(0x000000914ea00000,0x000000914eb00000)]
  0x0000022bf01d4570 JavaThread "Unconstrained build operations Thread 21" [_thread_blocked, id=11724, stack(0x000000914eb00000,0x000000914ec00000)]
  0x0000022bf01d63d0 JavaThread "Unconstrained build operations Thread 22" [_thread_blocked, id=12264, stack(0x000000914ec00000,0x000000914ed00000)]
  0x0000022bf2a57760 JavaThread "Unconstrained build operations Thread 23" [_thread_blocked, id=9840, stack(0x000000914ed00000,0x000000914ee00000)]
  0x0000022bf2a544c0 JavaThread "Unconstrained build operations Thread 24" [_thread_blocked, id=13004, stack(0x000000914ee00000,0x000000914ef00000)]
  0x0000022bf2a5a4f0 JavaThread "Unconstrained build operations Thread 25" [_thread_blocked, id=10628, stack(0x000000914ef00000,0x000000914f000000)]
  0x0000022bf2a55900 JavaThread "Unconstrained build operations Thread 26" [_thread_blocked, id=14280, stack(0x000000914f000000,0x000000914f100000)]
  0x0000022bf2a56830 JavaThread "Unconstrained build operations Thread 27" [_thread_blocked, id=11168, stack(0x000000914f100000,0x000000914f200000)]
  0x0000022bf2a5aa00 JavaThread "Unconstrained build operations Thread 28" [_thread_blocked, id=3640, stack(0x000000914f200000,0x000000914f300000)]
  0x0000022bf2a553f0 JavaThread "Unconstrained build operations Thread 29" [_thread_blocked, id=12564, stack(0x000000914f300000,0x000000914f400000)]
  0x0000022bf2a56d40 JavaThread "Unconstrained build operations Thread 30" [_thread_blocked, id=11764, stack(0x000000914f400000,0x000000914f500000)]
  0x0000022bf2a58ba0 JavaThread "Unconstrained build operations Thread 31" [_thread_blocked, id=10824, stack(0x000000914f500000,0x000000914f600000)]
  0x0000022bf2a53590 JavaThread "Unconstrained build operations Thread 32" [_thread_blocked, id=5608, stack(0x000000914f600000,0x000000914f700000)]
  0x0000022bf2a59fe0 JavaThread "Unconstrained build operations Thread 33" [_thread_blocked, id=11560, stack(0x000000914f700000,0x000000914f800000)]
  0x0000022bf2a5af10 JavaThread "Unconstrained build operations Thread 34" [_thread_blocked, id=680, stack(0x000000914f800000,0x000000914f900000)]
  0x0000022bf2a53aa0 JavaThread "Unconstrained build operations Thread 35" [_thread_blocked, id=10508, stack(0x000000914f900000,0x000000914fa00000)]
  0x0000022bf2a55e10 JavaThread "Unconstrained build operations Thread 36" [_thread_blocked, id=12496, stack(0x000000914fa00000,0x000000914fb00000)]
  0x0000022bf2a590b0 JavaThread "Unconstrained build operations Thread 37" [_thread_blocked, id=10996, stack(0x000000914fb00000,0x000000914fc00000)]
  0x0000022bf2a595c0 JavaThread "Unconstrained build operations Thread 38" [_thread_blocked, id=12584, stack(0x000000914fc00000,0x000000914fd00000)]
  0x0000022bf2a57c70 JavaThread "Unconstrained build operations Thread 39" [_thread_blocked, id=10844, stack(0x000000914fd00000,0x000000914fe00000)]
  0x0000022bf2a57250 JavaThread "Unconstrained build operations Thread 40" [_thread_blocked, id=11928, stack(0x000000914fe00000,0x000000914ff00000)]
  0x0000022bf2a53fb0 JavaThread "Memory manager" [_thread_blocked, id=10584, stack(0x000000914ff00000,0x0000009150000000)]
  0x0000022bf2a59ad0 JavaThread "included builds" [_thread_blocked, id=12756, stack(0x0000009150000000,0x0000009150100000)]
  0x0000022bf2a549d0 JavaThread "Execution worker for ':'" [_thread_blocked, id=10916, stack(0x0000009150100000,0x0000009150200000)]
  0x0000022bf2a54ee0 JavaThread "Execution worker for ':' Thread 2" [_thread_blocked, id=12368, stack(0x0000009150200000,0x0000009150300000)]
  0x0000022bf1eb32c0 JavaThread "Execution worker for ':' Thread 3" [_thread_blocked, id=13048, stack(0x0000009150300000,0x0000009150400000)]
  0x0000022bf1eb1970 JavaThread "Cache worker for execution history cache (F:\InfiniteRunner-main\Backup O\android\build\.gradle\7.4.2\executionHistory)" [_thread_blocked, id=12720, stack(0x0000009150400000,0x0000009150500000)]
  0x0000022bf0180010 JavaThread "C2 CompilerThread1" daemon [_thread_blocked, id=7148, stack(0x000000914ba00000,0x000000914bb00000)]

Other Threads:
=>0x0000022be9711720 VMThread "VM Thread" [stack: 0x000000914ab00000,0x000000914ac00000] [id=1496]
  0x0000022be9980d40 WatcherThread [stack: 0x000000914b700000,0x000000914b800000] [id=4784]
  0x0000022bc5f3bb40 GCTaskThread "GC Thread#0" [stack: 0x000000914a600000,0x000000914a700000] [id=11772]
  0x0000022be99b4800 GCTaskThread "GC Thread#1" [stack: 0x000000914b800000,0x000000914b900000] [id=12992]
  0x0000022be99b4ac0 GCTaskThread "GC Thread#2" [stack: 0x000000914b900000,0x000000914ba00000] [id=11348]
  0x0000022be9c26980 GCTaskThread "GC Thread#3" [stack: 0x000000914bb00000,0x000000914bc00000] [id=14160]
  0x0000022bc5f46860 ConcurrentGCThread "G1 Main Marker" [stack: 0x000000914a700000,0x000000914a800000] [id=13364]
  0x0000022bc5f47a20 ConcurrentGCThread "G1 Conc#0" [stack: 0x000000914a800000,0x000000914a900000] [id=11740]
  0x0000022bc5f7e6b0 ConcurrentGCThread "G1 Refine#0" [stack: 0x000000914a900000,0x000000914aa00000] [id=11464]
  0x0000022be95d2200 ConcurrentGCThread "G1 Service" [stack: 0x000000914aa00000,0x000000914ab00000] [id=12236]

Threads with active compile tasks:

VM state: at safepoint (normal execution)

VM Mutex/Monitor currently owned by a thread:  ([mutex/lock_event])
[0x0000022bc5ecab90] Threads_lock - owner thread: 0x0000022be9711720
[0x0000022bc5ecb6d0] Heap_lock - owner thread: 0x0000022bf01d7300

Heap address: 0x00000006e4800000, size: 4536 MB, Compressed Oops mode: Zero based, Oop shift amount: 3

CDS archive(s) mapped at: [0x0000022b80000000-0x0000022b80bb0000-0x0000022b80bb0000), size 12255232, SharedBaseAddress: 0x0000022b80000000, ArchiveRelocationMode: 1.
Compressed class space mapped at: 0x0000022b81000000-0x0000022bc1000000, reserved size: 1073741824
Narrow klass base: 0x0000022b80000000, Narrow klass shift: 0, Narrow klass range: 0x100000000

GC Precious Log:
 CPUs: 4 total, 4 available
 Memory: 7878M
 Large Page Support: Disabled
 NUMA Support: Disabled
 Compressed Oops: Enabled (Zero based)
 Heap Region Size: 4M
 Heap Min Capacity: 8M
 Heap Initial Capacity: 124M
 Heap Max Capacity: 4536M
 Pre-touch: Disabled
 Parallel Workers: 4
 Concurrent Workers: 1
 Concurrent Refinement Workers: 4
 Periodic GC: Disabled

Heap:
 garbage-first heap   total 696320K, used 315448K [0x00000006e4800000, 0x0000000800000000)
  region size 4096K, 2 young (8192K), 2 survivors (8192K)
 Metaspace       used 81401K, committed 81984K, reserved 1179648K
  class space    used 11052K, committed 11328K, reserved 1048576K

Heap Regions: E=young(eden), S=young(survivor), O=old, HS=humongous(starts), HC=humongous(continues), CS=collection set, F=free, OA=open archive, CA=closed archive, TAMS=top-at-mark-start (previous, next)
|   0|0x00000006e4800000, 0x00000006e4c00000, 0x00000006e4c00000|100%| O|  |TAMS 0x00000006e4c00000, 0x00000006e4c00000| Untracked 
|   1|0x00000006e4c00000, 0x00000006e5000000, 0x00000006e5000000|100%|HS|  |TAMS 0x00000006e5000000, 0x00000006e5000000| Complete 
|   2|0x00000006e5000000, 0x00000006e5400000, 0x00000006e5400000|100%| O|  |TAMS 0x00000006e5400000, 0x00000006e5400000| Untracked 
|   3|0x00000006e5400000, 0x00000006e5800000, 0x00000006e5800000|100%| O|  |TAMS 0x00000006e5800000, 0x00000006e5800000| Untracked 
|   4|0x00000006e5800000, 0x00000006e5c00000, 0x00000006e5c00000|100%| O|  |TAMS 0x00000006e5c00000, 0x00000006e5c00000| Untracked 
|   5|0x00000006e5c00000, 0x00000006e6000000, 0x00000006e6000000|100%| O|  |TAMS 0x00000006e6000000, 0x00000006e6000000| Untracked 
|   6|0x00000006e6000000, 0x00000006e6400000, 0x00000006e6400000|100%| O|  |TAMS 0x00000006e6400000, 0x00000006e6400000| Untracked 
|   7|0x00000006e6400000, 0x00000006e6800000, 0x00000006e6800000|100%| O|  |TAMS 0x00000006e6800000, 0x00000006e6800000| Untracked 
|   8|0x00000006e6800000, 0x00000006e6c00000, 0x00000006e6c00000|100%|HS|  |TAMS 0x00000006e6c00000, 0x00000006e6c00000| Complete 
|   9|0x00000006e6c00000, 0x00000006e7000000, 0x00000006e7000000|100%| O|  |TAMS 0x00000006e7000000, 0x00000006e7000000| Untracked 
|  10|0x00000006e7000000, 0x00000006e7400000, 0x00000006e7400000|100%| O|  |TAMS 0x00000006e7400000, 0x00000006e7400000| Untracked 
|  11|0x00000006e7400000, 0x00000006e7800000, 0x00000006e7800000|100%| O|  |TAMS 0x00000006e7800000, 0x00000006e7800000| Untracked 
|  12|0x00000006e7800000, 0x00000006e7c00000, 0x00000006e7c00000|100%| O|  |TAMS 0x00000006e7c00000, 0x00000006e7c00000| Untracked 
|  13|0x00000006e7c00000, 0x00000006e8000000, 0x00000006e8000000|100%| O|  |TAMS 0x00000006e8000000, 0x00000006e8000000| Untracked 
|  14|0x00000006e8000000, 0x00000006e8400000, 0x00000006e8400000|100%| O|  |TAMS 0x00000006e8400000, 0x00000006e8400000| Untracked 
|  15|0x00000006e8400000, 0x00000006e8800000, 0x00000006e8800000|100%| O|  |TAMS 0x00000006e8800000, 0x00000006e8800000| Untracked 
|  16|0x00000006e8800000, 0x00000006e8c00000, 0x00000006e8c00000|100%| O|  |TAMS 0x00000006e8c00000, 0x00000006e8c00000| Untracked 
|  17|0x00000006e8c00000, 0x00000006e9000000, 0x00000006e9000000|100%| O|  |TAMS 0x00000006e9000000, 0x00000006e9000000| Untracked 
|  18|0x00000006e9000000, 0x00000006e9400000, 0x00000006e9400000|100%| O|  |TAMS 0x00000006e9400000, 0x00000006e9400000| Untracked 
|  19|0x00000006e9400000, 0x00000006e977a400, 0x00000006e9800000| 86%| O|  |TAMS 0x00000006e977a400, 0x00000006e977a400| Untracked 
|  20|0x00000006e9800000, 0x00000006e9c00000, 0x00000006e9c00000|100%|HS|  |TAMS 0x00000006e9c00000, 0x00000006e9c00000| Complete 
|  21|0x00000006e9c00000, 0x00000006ea000000, 0x00000006ea000000|100%|HC|  |TAMS 0x00000006ea000000, 0x00000006ea000000| Complete 
|  22|0x00000006ea000000, 0x00000006ea400000, 0x00000006ea400000|100%|HC|  |TAMS 0x00000006ea400000, 0x00000006ea400000| Complete 
|  23|0x00000006ea400000, 0x00000006ea800000, 0x00000006ea800000|100%|HC|  |TAMS 0x00000006ea800000, 0x00000006ea800000| Complete 
|  24|0x00000006ea800000, 0x00000006eac00000, 0x00000006eac00000|100%|HC|  |TAMS 0x00000006eac00000, 0x00000006eac00000| Complete 
|  25|0x00000006eac00000, 0x00000006eb000000, 0x00000006eb000000|100%|HC|  |TAMS 0x00000006eb000000, 0x00000006eb000000| Complete 
|  26|0x00000006eb000000, 0x00000006eb400000, 0x00000006eb400000|100%|HC|  |TAMS 0x00000006eb400000, 0x00000006eb400000| Complete 
|  27|0x00000006eb400000, 0x00000006eb800000, 0x00000006eb800000|100%|HC|  |TAMS 0x00000006eb800000, 0x00000006eb800000| Complete 
|  28|0x00000006eb800000, 0x00000006ebc00000, 0x00000006ebc00000|100%|HC|  |TAMS 0x00000006ebc00000, 0x00000006ebc00000| Complete 
|  29|0x00000006ebc00000, 0x00000006ec000000, 0x00000006ec000000|100%|HC|  |TAMS 0x00000006ec000000, 0x00000006ec000000| Complete 
|  30|0x00000006ec000000, 0x00000006ec400000, 0x00000006ec400000|100%|HC|  |TAMS 0x00000006ec400000, 0x00000006ec400000| Complete 
|  31|0x00000006ec400000, 0x00000006ec800000, 0x00000006ec800000|100%|HC|  |TAMS 0x00000006ec800000, 0x00000006ec800000| Complete 
|  32|0x00000006ec800000, 0x00000006ecc00000, 0x00000006ecc00000|100%|HC|  |TAMS 0x00000006ecc00000, 0x00000006ecc00000| Complete 
|  33|0x00000006ecc00000, 0x00000006ed000000, 0x00000006ed000000|100%|HC|  |TAMS 0x00000006ed000000, 0x00000006ed000000| Complete 
|  34|0x00000006ed000000, 0x00000006ed400000, 0x00000006ed400000|100%|HC|  |TAMS 0x00000006ed400000, 0x00000006ed400000| Complete 
|  35|0x00000006ed400000, 0x00000006ed800000, 0x00000006ed800000|100%|HC|  |TAMS 0x00000006ed800000, 0x00000006ed800000| Complete 
|  36|0x00000006ed800000, 0x00000006edc00000, 0x00000006edc00000|100%|HC|  |TAMS 0x00000006edc00000, 0x00000006edc00000| Complete 
|  37|0x00000006edc00000, 0x00000006ee000000, 0x00000006ee000000|100%|HC|  |TAMS 0x00000006ee000000, 0x00000006ee000000| Complete 
|  38|0x00000006ee000000, 0x00000006ee400000, 0x00000006ee400000|100%|HC|  |TAMS 0x00000006ee400000, 0x00000006ee400000| Complete 
|  39|0x00000006ee400000, 0x00000006ee800000, 0x00000006ee800000|100%|HS|  |TAMS 0x00000006ee400000, 0x00000006ee800000| Complete 
|  40|0x00000006ee800000, 0x00000006eec00000, 0x00000006eec00000|100%|HC|  |TAMS 0x00000006ee800000, 0x00000006eec00000| Complete 
|  41|0x00000006eec00000, 0x00000006ef000000, 0x00000006ef000000|100%|HC|  |TAMS 0x00000006eec00000, 0x00000006ef000000| Complete 
|  42|0x00000006ef000000, 0x00000006ef400000, 0x00000006ef400000|100%|HC|  |TAMS 0x00000006ef000000, 0x00000006ef400000| Complete 
|  43|0x00000006ef400000, 0x00000006ef800000, 0x00000006ef800000|100%|HC|  |TAMS 0x00000006ef400000, 0x00000006ef800000| Complete 
|  44|0x00000006ef800000, 0x00000006efc00000, 0x00000006efc00000|100%|HC|  |TAMS 0x00000006ef800000, 0x00000006efc00000| Complete 
|  45|0x00000006efc00000, 0x00000006f0000000, 0x00000006f0000000|100%|HC|  |TAMS 0x00000006efc00000, 0x00000006f0000000| Complete 
|  46|0x00000006f0000000, 0x00000006f0400000, 0x00000006f0400000|100%|HC|  |TAMS 0x00000006f0000000, 0x00000006f0400000| Complete 
|  47|0x00000006f0400000, 0x00000006f0800000, 0x00000006f0800000|100%|HC|  |TAMS 0x00000006f0400000, 0x00000006f0800000| Complete 
|  48|0x00000006f0800000, 0x00000006f0c00000, 0x00000006f0c00000|100%|HC|  |TAMS 0x00000006f0800000, 0x00000006f0c00000| Complete 
|  49|0x00000006f0c00000, 0x00000006f1000000, 0x00000006f1000000|100%|HC|  |TAMS 0x00000006f0c00000, 0x00000006f1000000| Complete 
|  50|0x00000006f1000000, 0x00000006f1400000, 0x00000006f1400000|100%|HC|  |TAMS 0x00000006f1000000, 0x00000006f1400000| Complete 
|  51|0x00000006f1400000, 0x00000006f1800000, 0x00000006f1800000|100%|HC|  |TAMS 0x00000006f1400000, 0x00000006f1800000| Complete 
|  52|0x00000006f1800000, 0x00000006f1c00000, 0x00000006f1c00000|100%|HC|  |TAMS 0x00000006f1800000, 0x00000006f1c00000| Complete 
|  53|0x00000006f1c00000, 0x00000006f2000000, 0x00000006f2000000|100%|HC|  |TAMS 0x00000006f1c00000, 0x00000006f2000000| Complete 
|  54|0x00000006f2000000, 0x00000006f2400000, 0x00000006f2400000|100%|HC|  |TAMS 0x00000006f2000000, 0x00000006f2400000| Complete 
|  55|0x00000006f2400000, 0x00000006f2800000, 0x00000006f2800000|100%|HC|  |TAMS 0x00000006f2400000, 0x00000006f2800000| Complete 
|  56|0x00000006f2800000, 0x00000006f2c00000, 0x00000006f2c00000|100%|HC|  |TAMS 0x00000006f2800000, 0x00000006f2c00000| Complete 
|  57|0x00000006f2c00000, 0x00000006f3000000, 0x00000006f3000000|100%|HC|  |TAMS 0x00000006f2c00000, 0x00000006f3000000| Complete 
|  58|0x00000006f3000000, 0x00000006f3400000, 0x00000006f3400000|100%|HC|  |TAMS 0x00000006f3000000, 0x00000006f3400000| Complete 
|  59|0x00000006f3400000, 0x00000006f3400000, 0x00000006f3800000|  0%| F|  |TAMS 0x00000006f3400000, 0x00000006f3400000| Untracked 
|  60|0x00000006f3800000, 0x00000006f3800000, 0x00000006f3c00000|  0%| F|  |TAMS 0x00000006f3800000, 0x00000006f3800000| Untracked 
|  61|0x00000006f3c00000, 0x00000006f3c00000, 0x00000006f4000000|  0%| F|  |TAMS 0x00000006f3c00000, 0x00000006f3c00000| Untracked 
|  62|0x00000006f4000000, 0x00000006f4000000, 0x00000006f4400000|  0%| F|  |TAMS 0x00000006f4000000, 0x00000006f4000000| Untracked 
|  63|0x00000006f4400000, 0x00000006f4400000, 0x00000006f4800000|  0%| F|  |TAMS 0x00000006f4400000, 0x00000006f4400000| Untracked 
|  64|0x00000006f4800000, 0x00000006f4800000, 0x00000006f4c00000|  0%| F|  |TAMS 0x00000006f4800000, 0x00000006f4800000| Untracked 
|  65|0x00000006f4c00000, 0x00000006f4c00000, 0x00000006f5000000|  0%| F|  |TAMS 0x00000006f4c00000, 0x00000006f4c00000| Untracked 
|  66|0x00000006f5000000, 0x00000006f5000000, 0x00000006f5400000|  0%| F|  |TAMS 0x00000006f5000000, 0x00000006f5000000| Untracked 
|  67|0x00000006f5400000, 0x00000006f5400000, 0x00000006f5800000|  0%| F|  |TAMS 0x00000006f5400000, 0x00000006f5400000| Untracked 
|  68|0x00000006f5800000, 0x00000006f5800000, 0x00000006f5c00000|  0%| F|  |TAMS 0x00000006f5800000, 0x00000006f5800000| Untracked 
|  69|0x00000006f5c00000, 0x00000006f5c00000, 0x00000006f6000000|  0%| F|  |TAMS 0x00000006f5c00000, 0x00000006f5c00000| Untracked 
|  70|0x00000006f6000000, 0x00000006f6000000, 0x00000006f6400000|  0%| F|  |TAMS 0x00000006f6000000, 0x00000006f6000000| Untracked 
|  71|0x00000006f6400000, 0x00000006f6400000, 0x00000006f6800000|  0%| F|  |TAMS 0x00000006f6400000, 0x00000006f6400000| Untracked 
|  72|0x00000006f6800000, 0x00000006f6800000, 0x00000006f6c00000|  0%| F|  |TAMS 0x00000006f6800000, 0x00000006f6800000| Untracked 
|  73|0x00000006f6c00000, 0x00000006f6c00000, 0x00000006f7000000|  0%| F|  |TAMS 0x00000006f6c00000, 0x00000006f6c00000| Untracked 
|  74|0x00000006f7000000, 0x00000006f7000000, 0x00000006f7400000|  0%| F|  |TAMS 0x00000006f7000000, 0x00000006f7000000| Untracked 
|  75|0x00000006f7400000, 0x00000006f7400000, 0x00000006f7800000|  0%| F|  |TAMS 0x00000006f7400000, 0x00000006f7400000| Untracked 
|  76|0x00000006f7800000, 0x00000006f7800000, 0x00000006f7c00000|  0%| F|  |TAMS 0x00000006f7800000, 0x00000006f7800000| Untracked 
|  77|0x00000006f7c00000, 0x00000006f7c00000, 0x00000006f8000000|  0%| F|  |TAMS 0x00000006f7c00000, 0x00000006f7c00000| Untracked 
|  78|0x00000006f8000000, 0x00000006f8000000, 0x00000006f8400000|  0%| F|  |TAMS 0x00000006f8000000, 0x00000006f8000000| Untracked 
|  79|0x00000006f8400000, 0x00000006f8800000, 0x00000006f8800000|100%|HS|  |TAMS 0x00000006f8400000, 0x00000006f8800000| Complete 
|  80|0x00000006f8800000, 0x00000006f8c00000, 0x00000006f8c00000|100%|HC|  |TAMS 0x00000006f8800000, 0x00000006f8c00000| Complete 
|  81|0x00000006f8c00000, 0x00000006f9000000, 0x00000006f9000000|100%|HC|  |TAMS 0x00000006f8c00000, 0x00000006f9000000| Complete 
|  82|0x00000006f9000000, 0x00000006f9400000, 0x00000006f9400000|100%|HC|  |TAMS 0x00000006f9000000, 0x00000006f9400000| Complete 
|  83|0x00000006f9400000, 0x00000006f9800000, 0x00000006f9800000|100%|HC|  |TAMS 0x00000006f9400000, 0x00000006f9800000| Complete 
|  84|0x00000006f9800000, 0x00000006f9c00000, 0x00000006f9c00000|100%|HC|  |TAMS 0x00000006f9800000, 0x00000006f9c00000| Complete 
|  85|0x00000006f9c00000, 0x00000006fa000000, 0x00000006fa000000|100%|HC|  |TAMS 0x00000006f9c00000, 0x00000006fa000000| Complete 
|  86|0x00000006fa000000, 0x00000006fa400000, 0x00000006fa400000|100%|HC|  |TAMS 0x00000006fa000000, 0x00000006fa400000| Complete 
|  87|0x00000006fa400000, 0x00000006fa800000, 0x00000006fa800000|100%|HC|  |TAMS 0x00000006fa400000, 0x00000006fa800000| Complete 
|  88|0x00000006fa800000, 0x00000006fac00000, 0x00000006fac00000|100%|HC|  |TAMS 0x00000006fa800000, 0x00000006fac00000| Complete 
|  89|0x00000006fac00000, 0x00000006fb000000, 0x00000006fb000000|100%|HC|  |TAMS 0x00000006fac00000, 0x00000006fb000000| Complete 
|  90|0x00000006fb000000, 0x00000006fb400000, 0x00000006fb400000|100%|HC|  |TAMS 0x00000006fb000000, 0x00000006fb400000| Complete 
|  91|0x00000006fb400000, 0x00000006fb800000, 0x00000006fb800000|100%|HC|  |TAMS 0x00000006fb400000, 0x00000006fb800000| Complete 
|  92|0x00000006fb800000, 0x00000006fbc00000, 0x00000006fbc00000|100%|HC|  |TAMS 0x00000006fb800000, 0x00000006fbc00000| Complete 
|  93|0x00000006fbc00000, 0x00000006fc000000, 0x00000006fc000000|100%|HC|  |TAMS 0x00000006fbc00000, 0x00000006fc000000| Complete 
|  94|0x00000006fc000000, 0x00000006fc400000, 0x00000006fc400000|100%|HC|  |TAMS 0x00000006fc000000, 0x00000006fc400000| Complete 
|  95|0x00000006fc400000, 0x00000006fc800000, 0x00000006fc800000|100%|HC|  |TAMS 0x00000006fc400000, 0x00000006fc800000| Complete 
|  96|0x00000006fc800000, 0x00000006fc800000, 0x00000006fcc00000|  0%| F|  |TAMS 0x00000006fc800000, 0x00000006fc800000| Untracked 
|  97|0x00000006fcc00000, 0x00000006fcc00000, 0x00000006fd000000|  0%| F|  |TAMS 0x00000006fcc00000, 0x00000006fcc00000| Untracked 
|  98|0x00000006fd000000, 0x00000006fd000000, 0x00000006fd400000|  0%| F|  |TAMS 0x00000006fd000000, 0x00000006fd000000| Untracked 
|  99|0x00000006fd400000, 0x00000006fd400000, 0x00000006fd800000|  0%| F|  |TAMS 0x00000006fd400000, 0x00000006fd400000| Untracked 
| 100|0x00000006fd800000, 0x00000006fd800000, 0x00000006fdc00000|  0%| F|  |TAMS 0x00000006fd800000, 0x00000006fd800000| Untracked 
| 101|0x00000006fdc00000, 0x00000006fdc00000, 0x00000006fe000000|  0%| F|  |TAMS 0x00000006fdc00000, 0x00000006fdc00000| Untracked 
| 102|0x00000006fe000000, 0x00000006fe000000, 0x00000006fe400000|  0%| F|  |TAMS 0x00000006fe000000, 0x00000006fe000000| Untracked 
| 103|0x00000006fe400000, 0x00000006fe400000, 0x00000006fe800000|  0%| F|  |TAMS 0x00000006fe400000, 0x00000006fe400000| Untracked 
| 104|0x00000006fe800000, 0x00000006fe800000, 0x00000006fec00000|  0%| F|  |TAMS 0x00000006fe800000, 0x00000006fe800000| Untracked 
| 105|0x00000006fec00000, 0x00000006fec00000, 0x00000006ff000000|  0%| F|  |TAMS 0x00000006fec00000, 0x00000006fec00000| Untracked 
| 106|0x00000006ff000000, 0x00000006ff000000, 0x00000006ff400000|  0%| F|  |TAMS 0x00000006ff000000, 0x00000006ff000000| Untracked 
| 107|0x00000006ff400000, 0x00000006ff400000, 0x00000006ff800000|  0%| F|  |TAMS 0x00000006ff400000, 0x00000006ff400000| Untracked 
| 108|0x00000006ff800000, 0x00000006ff800000, 0x00000006ffc00000|  0%| F|  |TAMS 0x00000006ff800000, 0x00000006ff800000| Untracked 
| 109|0x00000006ffc00000, 0x00000006ffc00000, 0x0000000700000000|  0%| F|  |TAMS 0x00000006ffc00000, 0x00000006ffc00000| Untracked 
| 110|0x0000000700000000, 0x0000000700000000, 0x0000000700400000|  0%| F|  |TAMS 0x0000000700000000, 0x0000000700000000| Untracked 
| 111|0x0000000700400000, 0x0000000700400000, 0x0000000700800000|  0%| F|  |TAMS 0x0000000700400000, 0x0000000700400000| Untracked 
| 112|0x0000000700800000, 0x0000000700800000, 0x0000000700c00000|  0%| F|  |TAMS 0x0000000700800000, 0x0000000700800000| Untracked 
| 113|0x0000000700c00000, 0x0000000700c00000, 0x0000000701000000|  0%| F|  |TAMS 0x0000000700c00000, 0x0000000700c00000| Untracked 
| 114|0x0000000701000000, 0x0000000701000000, 0x0000000701400000|  0%| F|  |TAMS 0x0000000701000000, 0x0000000701000000| Untracked 
| 115|0x0000000701400000, 0x0000000701400000, 0x0000000701800000|  0%| F|  |TAMS 0x0000000701400000, 0x0000000701400000| Untracked 
| 116|0x0000000701800000, 0x0000000701800000, 0x0000000701c00000|  0%| F|  |TAMS 0x0000000701800000, 0x0000000701800000| Untracked 
| 117|0x0000000701c00000, 0x0000000701c00000, 0x0000000702000000|  0%| F|  |TAMS 0x0000000701c00000, 0x0000000701c00000| Untracked 
| 118|0x0000000702000000, 0x0000000702000000, 0x0000000702400000|  0%| F|  |TAMS 0x0000000702000000, 0x0000000702000000| Untracked 
| 119|0x0000000702400000, 0x0000000702400000, 0x0000000702800000|  0%| F|  |TAMS 0x0000000702400000, 0x0000000702400000| Untracked 
| 120|0x0000000702800000, 0x0000000702800000, 0x0000000702c00000|  0%| F|  |TAMS 0x0000000702800000, 0x0000000702800000| Untracked 
| 121|0x0000000702c00000, 0x0000000702c00000, 0x0000000703000000|  0%| F|  |TAMS 0x0000000702c00000, 0x0000000702c00000| Untracked 
| 122|0x0000000703000000, 0x0000000703000000, 0x0000000703400000|  0%| F|  |TAMS 0x0000000703000000, 0x0000000703000000| Untracked 
| 123|0x0000000703400000, 0x0000000703400000, 0x0000000703800000|  0%| F|  |TAMS 0x0000000703400000, 0x0000000703400000| Untracked 
| 124|0x0000000703800000, 0x0000000703800000, 0x0000000703c00000|  0%| F|  |TAMS 0x0000000703800000, 0x0000000703800000| Untracked 
| 125|0x0000000703c00000, 0x0000000703c00000, 0x0000000704000000|  0%| F|  |TAMS 0x0000000703c00000, 0x0000000703c00000| Untracked 
| 126|0x0000000704000000, 0x0000000704000000, 0x0000000704400000|  0%| F|  |TAMS 0x0000000704000000, 0x0000000704000000| Untracked 
| 127|0x0000000704400000, 0x0000000704400000, 0x0000000704800000|  0%| F|  |TAMS 0x0000000704400000, 0x0000000704400000| Untracked 
| 128|0x0000000704800000, 0x0000000704800000, 0x0000000704c00000|  0%| F|  |TAMS 0x0000000704800000, 0x0000000704800000| Untracked 
| 129|0x0000000704c00000, 0x0000000704c00000, 0x0000000705000000|  0%| F|  |TAMS 0x0000000704c00000, 0x0000000704c00000| Untracked 
| 130|0x0000000705000000, 0x0000000705000000, 0x0000000705400000|  0%| F|  |TAMS 0x0000000705000000, 0x0000000705000000| Untracked 
| 131|0x0000000705400000, 0x0000000705400000, 0x0000000705800000|  0%| F|  |TAMS 0x0000000705400000, 0x0000000705400000| Untracked 
| 132|0x0000000705800000, 0x0000000705800000, 0x0000000705c00000|  0%| F|  |TAMS 0x0000000705800000, 0x0000000705800000| Untracked 
| 133|0x0000000705c00000, 0x0000000705c00000, 0x0000000706000000|  0%| F|  |TAMS 0x0000000705c00000, 0x0000000705c00000| Untracked 
| 134|0x0000000706000000, 0x0000000706000000, 0x0000000706400000|  0%| F|  |TAMS 0x0000000706000000, 0x0000000706000000| Untracked 
| 135|0x0000000706400000, 0x0000000706400000, 0x0000000706800000|  0%| F|  |TAMS 0x0000000706400000, 0x0000000706400000| Untracked 
| 136|0x0000000706800000, 0x0000000706800000, 0x0000000706c00000|  0%| F|  |TAMS 0x0000000706800000, 0x0000000706800000| Untracked 
| 137|0x0000000706c00000, 0x0000000706c00000, 0x0000000707000000|  0%| F|  |TAMS 0x0000000706c00000, 0x0000000706c00000| Untracked 
| 138|0x0000000707000000, 0x0000000707000000, 0x0000000707400000|  0%| F|  |TAMS 0x0000000707000000, 0x0000000707000000| Untracked 
| 139|0x0000000707400000, 0x0000000707400000, 0x0000000707800000|  0%| F|  |TAMS 0x0000000707400000, 0x0000000707400000| Untracked 
| 140|0x0000000707800000, 0x0000000707800000, 0x0000000707c00000|  0%| F|  |TAMS 0x0000000707800000, 0x0000000707800000| Untracked 
| 141|0x0000000707c00000, 0x0000000707c00000, 0x0000000708000000|  0%| F|  |TAMS 0x0000000707c00000, 0x0000000707c00000| Untracked 
| 142|0x0000000708000000, 0x0000000708000000, 0x0000000708400000|  0%| F|  |TAMS 0x0000000708000000, 0x0000000708000000| Untracked 
| 143|0x0000000708400000, 0x0000000708400000, 0x0000000708800000|  0%| F|  |TAMS 0x0000000708400000, 0x0000000708400000| Untracked 
| 144|0x0000000708800000, 0x0000000708800000, 0x0000000708c00000|  0%| F|  |TAMS 0x0000000708800000, 0x0000000708800000| Untracked 
| 145|0x0000000708c00000, 0x0000000708c00000, 0x0000000709000000|  0%| F|  |TAMS 0x0000000708c00000, 0x0000000708c00000| Untracked 
| 146|0x0000000709000000, 0x0000000709000000, 0x0000000709400000|  0%| F|  |TAMS 0x0000000709000000, 0x0000000709000000| Untracked 
| 147|0x0000000709400000, 0x0000000709400000, 0x0000000709800000|  0%| F|  |TAMS 0x0000000709400000, 0x0000000709400000| Untracked 
| 148|0x0000000709800000, 0x0000000709800000, 0x0000000709c00000|  0%| F|  |TAMS 0x0000000709800000, 0x0000000709800000| Untracked 
| 149|0x0000000709c00000, 0x0000000709c00000, 0x000000070a000000|  0%| F|  |TAMS 0x0000000709c00000, 0x0000000709c00000| Untracked 
| 150|0x000000070a000000, 0x000000070a000000, 0x000000070a400000|  0%| F|  |TAMS 0x000000070a000000, 0x000000070a000000| Untracked 
| 151|0x000000070a400000, 0x000000070a400000, 0x000000070a800000|  0%| F|  |TAMS 0x000000070a400000, 0x000000070a400000| Untracked 
| 152|0x000000070a800000, 0x000000070a800000, 0x000000070ac00000|  0%| F|  |TAMS 0x000000070a800000, 0x000000070a800000| Untracked 
| 153|0x000000070ac00000, 0x000000070ac00000, 0x000000070b000000|  0%| F|  |TAMS 0x000000070ac00000, 0x000000070ac00000| Untracked 
| 154|0x000000070b000000, 0x000000070b000000, 0x000000070b400000|  0%| F|  |TAMS 0x000000070b000000, 0x000000070b000000| Untracked 
| 155|0x000000070b400000, 0x000000070b400000, 0x000000070b800000|  0%| F|  |TAMS 0x000000070b400000, 0x000000070b400000| Untracked 
| 156|0x000000070b800000, 0x000000070b800000, 0x000000070bc00000|  0%| F|  |TAMS 0x000000070b800000, 0x000000070b800000| Untracked 
| 157|0x000000070bc00000, 0x000000070bc00000, 0x000000070c000000|  0%| F|  |TAMS 0x000000070bc00000, 0x000000070bc00000| Untracked 
| 158|0x000000070c000000, 0x000000070c000000, 0x000000070c400000|  0%| F|  |TAMS 0x000000070c000000, 0x000000070c000000| Untracked 
| 159|0x000000070c400000, 0x000000070c400000, 0x000000070c800000|  0%| F|  |TAMS 0x000000070c400000, 0x000000070c400000| Untracked 
| 160|0x000000070c800000, 0x000000070c800000, 0x000000070cc00000|  0%| F|  |TAMS 0x000000070c800000, 0x000000070c800000| Untracked 
| 161|0x000000070cc00000, 0x000000070cc00000, 0x000000070d000000|  0%| F|  |TAMS 0x000000070cc00000, 0x000000070cc00000| Untracked 
| 162|0x000000070d000000, 0x000000070d000000, 0x000000070d400000|  0%| F|  |TAMS 0x000000070d000000, 0x000000070d000000| Untracked 
| 163|0x000000070d400000, 0x000000070d400000, 0x000000070d800000|  0%| F|  |TAMS 0x000000070d400000, 0x000000070d400000| Untracked 
| 164|0x000000070d800000, 0x000000070d800000, 0x000000070dc00000|  0%| F|  |TAMS 0x000000070d800000, 0x000000070d800000| Untracked 
| 165|0x000000070dc00000, 0x000000070dc00000, 0x000000070e000000|  0%| F|  |TAMS 0x000000070dc00000, 0x000000070dc00000| Untracked 
| 166|0x000000070e000000, 0x000000070e000000, 0x000000070e400000|  0%| F|  |TAMS 0x000000070e000000, 0x000000070e000000| Untracked 
| 167|0x000000070e400000, 0x000000070e493d20, 0x000000070e800000| 14%| S|CS|TAMS 0x000000070e400000, 0x000000070e400000| Complete 
| 168|0x000000070e800000, 0x000000070ec00000, 0x000000070ec00000|100%| S|CS|TAMS 0x000000070e800000, 0x000000070e800000| Complete 
| 169|0x000000070ec00000, 0x000000070ec00000, 0x000000070f000000|  0%| F|  |TAMS 0x000000070ec00000, 0x000000070ec00000| Untracked 

Card table byte_map: [0x0000022bdd300000,0x0000022bddbe0000] _byte_map_base: 0x0000022bd9bdc000

Marking Bits (Prev, Next): (CMBitMap*) 0x0000022bc5f3d1b0, (CMBitMap*) 0x0000022bc5f3d170
 Prev Bits: [0x0000022be2ba0000, 0x0000022be7280000)
 Next Bits: [0x0000022bde4c0000, 0x0000022be2ba0000)

Polling page: 0x0000022bc3da0000

Metaspace:

Usage:
  Non-class:     68.70 MB used.
      Class:     10.79 MB used.
       Both:     79.49 MB used.

Virtual space:
  Non-class space:      128.00 MB reserved,      69.00 MB ( 54%) committed,  2 nodes.
      Class space:        1.00 GB reserved,      11.06 MB (  1%) committed,  1 nodes.
             Both:        1.12 GB reserved,      80.06 MB (  7%) committed. 

Chunk freelists:
   Non-Class:  10.08 MB
       Class:  4.94 MB
        Both:  15.02 MB

MaxMetaspaceSize: unlimited
CompressedClassSpaceSize: 1.00 GB
Initial GC threshold: 21.00 MB
Current GC threshold: 133.25 MB
CDS: on
MetaspaceReclaimPolicy: balanced
 - commit_granule_bytes: 65536.
 - commit_granule_words: 8192.
 - virtual_space_node_default_size: 8388608.
 - enlarge_chunks_in_place: 1.
 - new_chunks_are_fully_committed: 0.
 - uncommit_free_chunks: 1.
 - use_allocation_guard: 0.
 - handle_deallocations: 1.


Internal statistics:

num_allocs_failed_limit: 12.
num_arena_births: 672.
num_arena_deaths: 0.
num_vsnodes_births: 3.
num_vsnodes_deaths: 0.
num_space_committed: 1281.
num_space_uncommitted: 0.
num_chunks_returned_to_freelist: 12.
num_chunks_taken_from_freelist: 3807.
num_chunk_merges: 12.
num_chunk_splits: 2528.
num_chunks_enlarged: 1691.
num_inconsistent_stats: 0.

CodeHeap 'non-profiled nmethods': size=120000Kb used=4755Kb max_used=5328Kb free=115244Kb
 bounds [0x0000022bd54f0000, 0x0000022bd5a30000, 0x0000022bdca20000]
CodeHeap 'profiled nmethods': size=120000Kb used=16693Kb max_used=18371Kb free=103306Kb
 bounds [0x0000022bcda20000, 0x0000022bcec20000, 0x0000022bd4f50000]
CodeHeap 'non-nmethods': size=5760Kb used=2415Kb max_used=2465Kb free=3344Kb
 bounds [0x0000022bd4f50000, 0x0000022bd51c0000, 0x0000022bd54f0000]
 total_blobs=9755 nmethods=8808 adapters=859
 compilation: enabled
              stopped_count=0, restarted_count=0
 full_count=0

Compilation events (20 events):
Event: 14.249 Thread 0x0000022be9742860 10529       3       org.gradle.internal.snapshot.AbstractListChildMap$1::withReplacedChild (14 bytes)
Event: 14.249 Thread 0x0000022be9742860 nmethod 10529 0x0000022bce97c610 code [0x0000022bce97c7c0, 0x0000022bce97c9c8]
Event: 14.268 Thread 0x0000022be9742860 10530       3       org.gradle.internal.snapshot.FileSystemLocationSnapshot$$Lambda$357/0x0000022b81401280::compare (12 bytes)
Event: 14.269 Thread 0x0000022be9742860 nmethod 10530 0x0000022bcdf98710 code [0x0000022bcdf98900, 0x0000022bcdf98e38]
Event: 14.270 Thread 0x0000022bf0180010 nmethod 10513 0x0000022bd55c8110 code [0x0000022bd55c8320, 0x0000022bd55c9b48]
Event: 14.271 Thread 0x0000022bf0180010 10516   !   4       org.gradle.internal.logging.sink.OutputEventRenderer::onOutput (101 bytes)
Event: 14.272 Thread 0x0000022be9742860 10531       3       org.gradle.internal.snapshot.AbstractIncompleteFileSystemNode$$Lambda$396/0x0000022b8142a828::apply (8 bytes)
Event: 14.272 Thread 0x0000022be9742860 nmethod 10531 0x0000022bcde48f10 code [0x0000022bcde490c0, 0x0000022bcde492f8]
Event: 14.273 Thread 0x0000022bf0180010 nmethod 10516 0x0000022bd55da610 code [0x0000022bd55da7c0, 0x0000022bd55dabe8]
Event: 14.273 Thread 0x0000022bf0180010 10514   !   4       java.io.WinNTFileSystem::resolve (362 bytes)
Event: 14.278 Thread 0x0000022be9742860 10533       3       org.gradle.internal.snapshot.impl.HashCodeSnapshot::appendToHasher (14 bytes)
Event: 14.279 Thread 0x0000022be9742860 nmethod 10533 0x0000022bce10fd90 code [0x0000022bce10ffe0, 0x0000022bce110af8]
Event: 14.279 Thread 0x0000022be9742860 10534       3       java.util.concurrent.ConcurrentLinkedQueue::poll (84 bytes)
Event: 14.281 Thread 0x0000022be9742860 nmethod 10534 0x0000022bce672910 code [0x0000022bce672fc0, 0x0000022bce676ae8]
Event: 14.281 Thread 0x0000022bf0180010 nmethod 10514 0x0000022bd571ec10 code [0x0000022bd571ee20, 0x0000022bd571f960]
Event: 14.281 Thread 0x0000022bf0180010 10532       4       java.lang.String::split (327 bytes)
Event: 14.282 Thread 0x0000022be9742860 10535       1       javax.management.ObjectName::getCanonicalName (5 bytes)
Event: 14.282 Thread 0x0000022be9742860 nmethod 10535 0x0000022bd5893710 code [0x0000022bd58938a0, 0x0000022bd5893978]
Event: 14.456 Thread 0x0000022be973dda0 nmethod 10460 0x0000022bd56ed390 code [0x0000022bd56edb60, 0x0000022bd56f4950]
Event: 14.497 Thread 0x0000022bf0180010 nmethod 10532 0x0000022bd5543a90 code [0x0000022bd5543ea0, 0x0000022bd5549540]

GC Heap History (20 events):
Event: 12.365 GC heap after
{Heap after GC invocations=26 (full 0):
 garbage-first heap   total 405504K, used 84731K [0x00000006e4800000, 0x0000000800000000)
  region size 4096K, 1 young (4096K), 1 survivors (4096K)
 Metaspace       used 80702K, committed 81344K, reserved 1179648K
  class space    used 11029K, committed 11328K, reserved 1048576K
}
Event: 12.756 GC heap before
{Heap before GC invocations=26 (full 0):
 garbage-first heap   total 405504K, used 178939K [0x00000006e4800000, 0x0000000800000000)
  region size 4096K, 5 young (20480K), 1 survivors (4096K)
 Metaspace       used 81044K, committed 81600K, reserved 1179648K
  class space    used 11049K, committed 11328K, reserved 1048576K
}
Event: 12.759 GC heap after
{Heap after GC invocations=27 (full 0):
 garbage-first heap   total 405504K, used 120591K [0x00000006e4800000, 0x0000000800000000)
  region size 4096K, 1 young (4096K), 1 survivors (4096K)
 Metaspace       used 81044K, committed 81600K, reserved 1179648K
  class space    used 11049K, committed 11328K, reserved 1048576K
}
Event: 13.008 GC heap before
{Heap before GC invocations=27 (full 0):
 garbage-first heap   total 405504K, used 194319K [0x00000006e4800000, 0x0000000800000000)
  region size 4096K, 3 young (12288K), 1 survivors (4096K)
 Metaspace       used 81112K, committed 81728K, reserved 1179648K
  class space    used 11052K, committed 11328K, reserved 1048576K
}
Event: 13.010 GC heap after
{Heap after GC invocations=28 (full 0):
 garbage-first heap   total 405504K, used 153521K [0x00000006e4800000, 0x0000000800000000)
  region size 4096K, 1 young (4096K), 1 survivors (4096K)
 Metaspace       used 81112K, committed 81728K, reserved 1179648K
  class space    used 11052K, committed 11328K, reserved 1048576K
}
Event: 13.169 GC heap before
{Heap before GC invocations=28 (full 0):
 garbage-first heap   total 405504K, used 288689K [0x00000006e4800000, 0x0000000800000000)
  region size 4096K, 2 young (8192K), 1 survivors (4096K)
 Metaspace       used 81215K, committed 81792K, reserved 1179648K
  class space    used 11052K, committed 11328K, reserved 1048576K
}
Event: 13.172 GC heap after
{Heap after GC invocations=29 (full 0):
 garbage-first heap   total 405504K, used 218940K [0x00000006e4800000, 0x0000000800000000)
  region size 4096K, 1 young (4096K), 1 survivors (4096K)
 Metaspace       used 81215K, committed 81792K, reserved 1179648K
  class space    used 11052K, committed 11328K, reserved 1048576K
}
Event: 13.414 GC heap before
{Heap before GC invocations=30 (full 0):
 garbage-first heap   total 561152K, used 345916K [0x00000006e4800000, 0x0000000800000000)
  region size 4096K, 4 young (16384K), 1 survivors (4096K)
 Metaspace       used 81291K, committed 81856K, reserved 1179648K
  class space    used 11052K, committed 11328K, reserved 1048576K
}
Event: 13.417 GC heap after
{Heap after GC invocations=31 (full 0):
 garbage-first heap   total 561152K, used 182793K [0x00000006e4800000, 0x0000000800000000)
  region size 4096K, 1 young (4096K), 1 survivors (4096K)
 Metaspace       used 81291K, committed 81856K, reserved 1179648K
  class space    used 11052K, committed 11328K, reserved 1048576K
}
Event: 13.562 GC heap before
{Heap before GC invocations=31 (full 0):
 garbage-first heap   total 561152K, used 219657K [0x00000006e4800000, 0x0000000800000000)
  region size 4096K, 2 young (8192K), 1 survivors (4096K)
 Metaspace       used 81295K, committed 81856K, reserved 1179648K
  class space    used 11052K, committed 11328K, reserved 1048576K
}
Event: 13.565 GC heap after
{Heap after GC invocations=32 (full 0):
 garbage-first heap   total 561152K, used 199153K [0x00000006e4800000, 0x0000000800000000)
  region size 4096K, 1 young (4096K), 1 survivors (4096K)
 Metaspace       used 81295K, committed 81856K, reserved 1179648K
  class space    used 11052K, committed 11328K, reserved 1048576K
}
Event: 13.823 GC heap before
{Heap before GC invocations=32 (full 0):
 garbage-first heap   total 561152K, used 272881K [0x00000006e4800000, 0x0000000800000000)
  region size 4096K, 3 young (12288K), 1 survivors (4096K)
 Metaspace       used 81306K, committed 81920K, reserved 1179648K
  class space    used 11052K, committed 11328K, reserved 1048576K
}
Event: 13.826 GC heap after
{Heap after GC invocations=33 (full 0):
 garbage-first heap   total 561152K, used 231898K [0x00000006e4800000, 0x0000000800000000)
  region size 4096K, 1 young (4096K), 1 survivors (4096K)
 Metaspace       used 81306K, committed 81920K, reserved 1179648K
  class space    used 11052K, committed 11328K, reserved 1048576K
}
Event: 14.010 GC heap before
{Heap before GC invocations=33 (full 0):
 garbage-first heap   total 561152K, used 371162K [0x00000006e4800000, 0x0000000800000000)
  region size 4096K, 3 young (12288K), 1 survivors (4096K)
 Metaspace       used 81334K, committed 81920K, reserved 1179648K
  class space    used 11052K, committed 11328K, reserved 1048576K
}
Event: 14.013 GC heap after
{Heap after GC invocations=34 (full 0):
 garbage-first heap   total 561152K, used 297614K [0x00000006e4800000, 0x0000000800000000)
  region size 4096K, 1 young (4096K), 1 survivors (4096K)
 Metaspace       used 81334K, committed 81920K, reserved 1179648K
  class space    used 11052K, committed 11328K, reserved 1048576K
}
Event: 14.305 GC heap before
{Heap before GC invocations=35 (full 0):
 garbage-first heap   total 696320K, used 432782K [0x00000006e4800000, 0x0000000800000000)
  region size 4096K, 5 young (20480K), 1 survivors (4096K)
 Metaspace       used 81401K, committed 81984K, reserved 1179648K
  class space    used 11052K, committed 11328K, reserved 1048576K
}
Event: 14.311 GC heap after
{Heap after GC invocations=36 (full 0):
 garbage-first heap   total 696320K, used 266296K [0x00000006e4800000, 0x0000000800000000)
  region size 4096K, 2 young (8192K), 2 survivors (8192K)
 Metaspace       used 81401K, committed 81984K, reserved 1179648K
  class space    used 11052K, committed 11328K, reserved 1048576K
}
Event: 14.458 GC heap before
{Heap before GC invocations=36 (full 0):
 garbage-first heap   total 696320K, used 303160K [0x00000006e4800000, 0x0000000800000000)
  region size 4096K, 3 young (12288K), 2 survivors (8192K)
 Metaspace       used 81401K, committed 81984K, reserved 1179648K
  class space    used 11052K, committed 11328K, reserved 1048576K
}
Event: 14.463 GC heap after
{Heap after GC invocations=37 (full 0):
 garbage-first heap   total 696320K, used 283079K [0x00000006e4800000, 0x0000000800000000)
  region size 4096K, 2 young (8192K), 2 survivors (8192K)
 Metaspace       used 81401K, committed 81984K, reserved 1179648K
  class space    used 11052K, committed 11328K, reserved 1048576K
}
Event: 14.694 GC heap before
{Heap before GC invocations=37 (full 0):
 garbage-first heap   total 696320K, used 352711K [0x00000006e4800000, 0x0000000800000000)
  region size 4096K, 3 young (12288K), 2 survivors (8192K)
 Metaspace       used 81401K, committed 81984K, reserved 1179648K
  class space    used 11052K, committed 11328K, reserved 1048576K
}

Dll operation events (13 events):
Event: 0.008 Loaded shared library C:\Program Files\Eclipse Adoptium\jdk-17.0.15.6-hotspot\bin\java.dll
Event: 0.026 Loaded shared library C:\Program Files\Eclipse Adoptium\jdk-17.0.15.6-hotspot\bin\jsvml.dll
Event: 0.061 Loaded shared library C:\Program Files\Eclipse Adoptium\jdk-17.0.15.6-hotspot\bin\net.dll
Event: 0.063 Loaded shared library C:\Program Files\Eclipse Adoptium\jdk-17.0.15.6-hotspot\bin\nio.dll
Event: 0.066 Loaded shared library C:\Program Files\Eclipse Adoptium\jdk-17.0.15.6-hotspot\bin\zip.dll
Event: 0.221 Loaded shared library C:\Program Files\Eclipse Adoptium\jdk-17.0.15.6-hotspot\bin\jimage.dll
Event: 0.281 Loaded shared library C:\Program Files\Eclipse Adoptium\jdk-17.0.15.6-hotspot\bin\verify.dll
Event: 0.443 Loaded shared library C:\Users\Alaa\.gradle\native\e1d6ef7f7dcc3fd88c89a11ec53ec762bb8ba0a96d01ffa2cd45eb1d1d8dd5c5\windows-amd64\native-platform.dll
Event: 0.449 Loaded shared library C:\Users\Alaa\.gradle\native\0d407fdbe67a94daf76414ababcb853783967236a71b16ec16e742cd7a986fd3\windows-amd64\native-platform-file-events.dll
Event: 1.227 Loaded shared library C:\Program Files\Eclipse Adoptium\jdk-17.0.15.6-hotspot\bin\management.dll
Event: 1.230 Loaded shared library C:\Program Files\Eclipse Adoptium\jdk-17.0.15.6-hotspot\bin\management_ext.dll
Event: 1.411 Loaded shared library C:\Program Files\Eclipse Adoptium\jdk-17.0.15.6-hotspot\bin\extnet.dll
Event: 1.566 Loaded shared library C:\Program Files\Eclipse Adoptium\jdk-17.0.15.6-hotspot\bin\sunmscapi.dll

Deoptimization events (20 events):
Event: 13.928 Thread 0x0000022bf2a58ba0 Uncommon trap: trap_request=0xffffffbe fr.pc=0x0000022bd57c9188 relative=0x0000000000000268
Event: 13.928 Thread 0x0000022bf2a58ba0 Uncommon trap: reason=profile_predicate action=maybe_recompile pc=0x0000022bd57c9188 method=java.util.Collections.indexedBinarySearch(Ljava/util/List;Ljava/lang/Object;)I @ 13 c2
Event: 13.928 Thread 0x0000022bf2a58ba0 DEOPT PACKING pc=0x0000022bd57c9188 sp=0x000000914f5fcef0
Event: 13.928 Thread 0x0000022bf2a58ba0 DEOPT UNPACKING pc=0x0000022bd4fa69a3 sp=0x000000914f5fce70 mode 2
Event: 13.929 Thread 0x0000022bf2a56830 Uncommon trap: trap_request=0xffffffbe fr.pc=0x0000022bd57c9188 relative=0x0000000000000268
Event: 13.929 Thread 0x0000022bf2a56830 Uncommon trap: reason=profile_predicate action=maybe_recompile pc=0x0000022bd57c9188 method=java.util.Collections.indexedBinarySearch(Ljava/util/List;Ljava/lang/Object;)I @ 13 c2
Event: 13.929 Thread 0x0000022bf2a56830 DEOPT PACKING pc=0x0000022bd57c9188 sp=0x000000914f1fd290
Event: 13.929 Thread 0x0000022bf2a56830 DEOPT UNPACKING pc=0x0000022bd4fa69a3 sp=0x000000914f1fd210 mode 2
Event: 13.929 Thread 0x0000022bf2a58ba0 Uncommon trap: trap_request=0xffffffbe fr.pc=0x0000022bd57c9188 relative=0x0000000000000268
Event: 13.929 Thread 0x0000022bf2a58ba0 Uncommon trap: reason=profile_predicate action=maybe_recompile pc=0x0000022bd57c9188 method=java.util.Collections.indexedBinarySearch(Ljava/util/List;Ljava/lang/Object;)I @ 13 c2
Event: 13.929 Thread 0x0000022bf2a58ba0 DEOPT PACKING pc=0x0000022bd57c9188 sp=0x000000914f5fcba0
Event: 13.929 Thread 0x0000022bf2a58ba0 DEOPT UNPACKING pc=0x0000022bd4fa69a3 sp=0x000000914f5fcb20 mode 2
Event: 14.127 Thread 0x0000022bf2a58ba0 Uncommon trap: trap_request=0xffffffde fr.pc=0x0000022bd58fd258 relative=0x00000000000002b8
Event: 14.127 Thread 0x0000022bf2a58ba0 Uncommon trap: reason=class_check action=maybe_recompile pc=0x0000022bd58fd258 method=java.util.regex.Matcher.search(I)Z @ 121 c2
Event: 14.127 Thread 0x0000022bf2a58ba0 DEOPT PACKING pc=0x0000022bd58fd258 sp=0x000000914f5fb3b0
Event: 14.127 Thread 0x0000022bf2a58ba0 DEOPT UNPACKING pc=0x0000022bd4fa69a3 sp=0x000000914f5fb2d8 mode 2
Event: 14.234 Thread 0x0000022bf2a56830 Uncommon trap: trap_request=0xffffff45 fr.pc=0x0000022bd57c47d8 relative=0x0000000000000538
Event: 14.234 Thread 0x0000022bf2a56830 Uncommon trap: reason=unstable_if action=reinterpret pc=0x0000022bd57c47d8 method=java.util.concurrent.ConcurrentLinkedQueue.updateHead(Ljava/util/concurrent/ConcurrentLinkedQueue$Node;Ljava/util/concurrent/ConcurrentLinkedQueue$Node;)V @ 14 c2
Event: 14.234 Thread 0x0000022bf2a56830 DEOPT PACKING pc=0x0000022bd57c47d8 sp=0x000000914f1fafb0
Event: 14.234 Thread 0x0000022bf2a56830 DEOPT UNPACKING pc=0x0000022bd4fa69a3 sp=0x000000914f1faee8 mode 2

Classes loaded (20 events):
Event: 12.208 Loading class sun/security/ssl/SSLEngineOutputRecord$HandshakeFragment
Event: 12.208 Loading class sun/security/ssl/SSLEngineOutputRecord$HandshakeFragment done
Event: 12.209 Loading class sun/security/ssl/SSLEngineOutputRecord$HandshakeMemo
Event: 12.209 Loading class sun/security/ssl/SSLEngineOutputRecord$RecordMemo
Event: 12.209 Loading class sun/security/ssl/SSLEngineOutputRecord$RecordMemo done
Event: 12.209 Loading class sun/security/ssl/SSLEngineOutputRecord$HandshakeMemo done
Event: 12.292 Loading class sun/security/ssl/PreSharedKeyExtension$SHPreSharedKeySpec
Event: 12.293 Loading class sun/security/ssl/PreSharedKeyExtension$SHPreSharedKeySpec done
Event: 12.301 Loading class java/util/zip/ZipInputStream
Event: 12.301 Loading class java/util/zip/ZipInputStream done
Event: 12.301 Loading class java/io/PushbackInputStream
Event: 12.301 Loading class java/io/PushbackInputStream done
Event: 12.309 Loading class java/io/CharArrayWriter
Event: 12.310 Loading class java/io/CharArrayWriter done
Event: 12.376 Loading class java/nio/file/StandardCopyOption
Event: 12.376 Loading class java/nio/file/StandardCopyOption done
Event: 12.376 Loading class sun/nio/fs/WindowsFileCopy
Event: 12.377 Loading class sun/nio/fs/WindowsFileCopy done
Event: 12.579 Loading class jdk/internal/access/foreign/MemorySegmentProxy
Event: 12.579 Loading class jdk/internal/access/foreign/MemorySegmentProxy done

Classes unloaded (0 events):
No events

Classes redefined (0 events):
No events

Internal exceptions (20 events):
Event: 9.713 Thread 0x0000022be9978e50 Exception <a 'sun/nio/fs/WindowsException'{0x00000006ebe68ff0}> (0x00000006ebe68ff0) 
thrown [s\src\hotspot\share\prims\jni.cpp, line 516]
Event: 9.713 Thread 0x0000022be9978e50 Exception <a 'sun/nio/fs/WindowsException'{0x00000006ebe6a628}> (0x00000006ebe6a628) 
thrown [s\src\hotspot\share\prims\jni.cpp, line 516]
Event: 9.714 Thread 0x0000022be9978e50 Exception <a 'sun/nio/fs/WindowsException'{0x00000006ebe6bc98}> (0x00000006ebe6bc98) 
thrown [s\src\hotspot\share\prims\jni.cpp, line 516]
Event: 9.714 Thread 0x0000022be9978e50 Exception <a 'sun/nio/fs/WindowsException'{0x00000006ebe6d308}> (0x00000006ebe6d308) 
thrown [s\src\hotspot\share\prims\jni.cpp, line 516]
Event: 9.869 Thread 0x0000022be9978e50 Exception <a 'java/lang/NoSuchMethodError'{0x00000006eb1098d0}: 'java.lang.Object java.lang.invoke.DirectMethodHandle$Holder.invokeStatic(java.lang.Object, java.lang.Object, int, int)'> (0x00000006eb1098d0) 
thrown [s\src\hotspot\share\interpreter\linkResolver.cpp, line 759]
Event: 9.871 Thread 0x0000022be9978e50 Exception <a 'java/lang/NoSuchMethodError'{0x00000006eb111b88}: 'java.lang.Object java.lang.invoke.DirectMethodHandle$Holder.newInvokeSpecial(java.lang.Object, java.lang.Object, int, int)'> (0x00000006eb111b88) 
thrown [s\src\hotspot\share\interpreter\linkResolver.cpp, line 759]
Event: 10.110 Thread 0x0000022bf2a59ad0 Exception <a 'java/lang/IncompatibleClassChangeError'{0x00000006edc42de0}: Found class java.lang.Object, but interface was expected> (0x00000006edc42de0) 
thrown [s\src\hotspot\share\interpreter\linkResolver.cpp, line 826]
Event: 10.130 Thread 0x0000022bf2a59ad0 Exception <a 'java/lang/NoSuchMethodError'{0x00000006edd5ad48}: 'void java.lang.invoke.DirectMethodHandle$Holder.invokeVirtual(java.lang.Object, java.lang.Object)'> (0x00000006edd5ad48) 
thrown [s\src\hotspot\share\interpreter\linkResolver.cpp, line 759]
Event: 10.207 Thread 0x0000022bf2a54ee0 Exception <a 'java/lang/NoSuchMethodError'{0x00000006edf0c678}: 'int java.lang.invoke.DirectMethodHandle$Holder.invokeSpecial(java.lang.Object, java.lang.Object, java.lang.Object, java.lang.Object, java.lang.Object)'> (0x00000006edf0c678) 
thrown [s\src\hotspot\share\interpreter\linkResolver.cpp, line 759]
Event: 10.235 Thread 0x0000022bf2a54ee0 Exception <a 'java/lang/IncompatibleClassChangeError'{0x00000006edfdb0a8}: Found class java.lang.Object, but interface was expected> (0x00000006edfdb0a8) 
thrown [s\src\hotspot\share\interpreter\linkResolver.cpp, line 826]
Event: 10.364 Thread 0x0000022bf2a54ee0 Exception <a 'java/lang/NoSuchMethodError'{0x00000006ed8f8388}: 'int java.lang.invoke.DirectMethodHandle$Holder.invokeStaticInit(java.lang.Object, java.lang.Object, java.lang.Object, java.lang.Object, java.lang.Object)'> (0x00000006ed8f8388) 
thrown [s\src\hotspot\share\interpreter\linkResolver.cpp, line 759]
Event: 10.456 Thread 0x0000022bf2a54ee0 Implicit null exception at 0x0000022bd57b5ddd to 0x0000022bd57b5f8c
Event: 10.558 Thread 0x0000022bf2a54ee0 Implicit null exception at 0x0000022bd55a62f2 to 0x0000022bd55a69f4
Event: 10.624 Thread 0x0000022bf2a54ee0 Exception <a 'sun/nio/fs/WindowsException'{0x00000006ed076ba0}> (0x00000006ed076ba0) 
thrown [s\src\hotspot\share\prims\jni.cpp, line 516]
Event: 11.997 Thread 0x0000022bf2a54ee0 Exception <a 'java/lang/NoSuchMethodError'{0x00000006ebd52048}: 'void java.lang.invoke.DirectMethodHandle$Holder.invokeStatic(java.lang.Object, java.lang.Object, java.lang.Object, java.lang.Object, int, java.lang.Object, java.lang.Object)'> (0x00000006ebd52048) 
thrown [s\src\hotspot\share\interpreter\linkResolver.cpp, line 759]
Event: 12.021 Thread 0x0000022bf2a54ee0 Exception <a 'java/lang/NoSuchMethodError'{0x00000006ebe56190}: 'java.lang.Object java.lang.invoke.DirectMethodHandle$Holder.invokeSpecialIFC(java.lang.Object, java.lang.Object, java.lang.Object)'> (0x00000006ebe56190) 
thrown [s\src\hotspot\share\interpreter\linkResolver.cpp, line 759]
Event: 12.378 Thread 0x0000022bf01d59b0 Exception <a 'sun/nio/fs/WindowsException'{0x00000006fd0a42d0}> (0x00000006fd0a42d0) 
thrown [s\src\hotspot\share\prims\jni.cpp, line 516]
Event: 12.725 Thread 0x0000022bf01dafc0 Exception <a 'sun/nio/fs/WindowsException'{0x00000006fc613068}> (0x00000006fc613068) 
thrown [s\src\hotspot\share\prims\jni.cpp, line 516]
Event: 14.139 Thread 0x0000022bf2a56830 Exception <a 'sun/nio/fs/WindowsException'{0x00000007067d2c18}> (0x00000007067d2c18) 
thrown [s\src\hotspot\share\prims\jni.cpp, line 516]
Event: 14.148 Thread 0x0000022bf2a58ba0 Exception <a 'sun/nio/fs/WindowsException'{0x0000000705c62158}> (0x0000000705c62158) 
thrown [s\src\hotspot\share\prims\jni.cpp, line 516]

VM Operations (20 events):
Event: 13.354 Executing VM operation: G1PauseCleanup done
Event: 13.414 Executing VM operation: G1TryInitiateConcMark
Event: 13.417 Executing VM operation: G1TryInitiateConcMark done
Event: 13.562 Executing VM operation: G1TryInitiateConcMark
Event: 13.565 Executing VM operation: G1TryInitiateConcMark done
Event: 13.620 Executing VM operation: HandshakeAllThreads
Event: 13.620 Executing VM operation: HandshakeAllThreads done
Event: 13.823 Executing VM operation: G1TryInitiateConcMark
Event: 13.826 Executing VM operation: G1TryInitiateConcMark done
Event: 14.010 Executing VM operation: G1TryInitiateConcMark
Event: 14.013 Executing VM operation: G1TryInitiateConcMark done
Event: 14.142 Executing VM operation: G1PauseRemark
Event: 14.148 Executing VM operation: G1PauseRemark done
Event: 14.194 Executing VM operation: G1PauseCleanup
Event: 14.208 Executing VM operation: G1PauseCleanup done
Event: 14.305 Executing VM operation: G1TryInitiateConcMark
Event: 14.311 Executing VM operation: G1TryInitiateConcMark done
Event: 14.458 Executing VM operation: G1TryInitiateConcMark
Event: 14.463 Executing VM operation: G1TryInitiateConcMark done
Event: 14.693 Executing VM operation: G1TryInitiateConcMark

Memory protections (0 events):
No events

Nmethod flushes (20 events):
Event: 13.630 Thread 0x0000022be974de40 flushing  nmethod 0x0000022bcea14d90
Event: 13.630 Thread 0x0000022be974de40 flushing  nmethod 0x0000022bcea15890
Event: 13.630 Thread 0x0000022be974de40 flushing  nmethod 0x0000022bcea17e90
Event: 13.630 Thread 0x0000022be974de40 flushing  nmethod 0x0000022bcea30c90
Event: 13.630 Thread 0x0000022be974de40 flushing  nmethod 0x0000022bcea4e010
Event: 13.630 Thread 0x0000022be974de40 flushing  nmethod 0x0000022bceab0590
Event: 13.630 Thread 0x0000022be974de40 flushing  nmethod 0x0000022bceab0a10
Event: 13.630 Thread 0x0000022be974de40 flushing  nmethod 0x0000022bceab5410
Event: 13.630 Thread 0x0000022be974de40 flushing  nmethod 0x0000022bceab7a90
Event: 13.630 Thread 0x0000022be974de40 flushing  nmethod 0x0000022bceab8890
Event: 13.630 Thread 0x0000022be974de40 flushing  nmethod 0x0000022bceabef10
Event: 13.630 Thread 0x0000022be974de40 flushing  nmethod 0x0000022bceabf310
Event: 13.630 Thread 0x0000022be974de40 flushing  nmethod 0x0000022bceabfc10
Event: 13.630 Thread 0x0000022be974de40 flushing  nmethod 0x0000022bceac1210
Event: 13.630 Thread 0x0000022be974de40 flushing  nmethod 0x0000022bceac1990
Event: 13.630 Thread 0x0000022be974de40 flushing  nmethod 0x0000022bceac1e90
Event: 13.630 Thread 0x0000022be974de40 flushing  nmethod 0x0000022bceaed810
Event: 13.630 Thread 0x0000022be974de40 flushing  nmethod 0x0000022bceafa190
Event: 13.630 Thread 0x0000022be974de40 flushing  nmethod 0x0000022bceafa990
Event: 13.630 Thread 0x0000022be974de40 flushing  nmethod 0x0000022bceb24f90

Events (20 events):
Event: 5.295 Thread 0x0000022be9978e50 Thread added: 0x0000022bf2a58ba0
Event: 5.295 Thread 0x0000022be9978e50 Thread added: 0x0000022bf2a53590
Event: 5.296 Thread 0x0000022be9978e50 Thread added: 0x0000022bf2a59fe0
Event: 5.296 Thread 0x0000022be9978e50 Thread added: 0x0000022bf2a5af10
Event: 5.296 Thread 0x0000022be9978e50 Thread added: 0x0000022bf2a53aa0
Event: 5.296 Thread 0x0000022be9978e50 Thread added: 0x0000022bf2a55e10
Event: 5.297 Thread 0x0000022be9978e50 Thread added: 0x0000022bf2a590b0
Event: 5.297 Thread 0x0000022be9978e50 Thread added: 0x0000022bf2a595c0
Event: 5.297 Thread 0x0000022be9978e50 Thread added: 0x0000022bf2a57c70
Event: 5.297 Thread 0x0000022be9978e50 Thread added: 0x0000022bf2a57250
Event: 6.466 Thread 0x0000022be9978e50 Thread added: 0x0000022bf2a53fb0
Event: 10.050 Thread 0x0000022be9978e50 Thread added: 0x0000022bf2a59ad0
Event: 10.057 Thread 0x0000022bf2a59ad0 Thread added: 0x0000022bf2a549d0
Event: 10.057 Thread 0x0000022bf2a59ad0 Thread added: 0x0000022bf2a54ee0
Event: 10.057 Thread 0x0000022bf2a59ad0 Thread added: 0x0000022bf1eb32c0
Event: 10.079 Thread 0x0000022bf2a59ad0 Thread added: 0x0000022bf1eb1970
Event: 11.735 Thread 0x0000022beecacce0 Thread exited: 0x0000022beecacce0
Event: 11.963 Thread 0x0000022be9742860 Thread added: 0x0000022bf2033dd0
Event: 12.866 Thread 0x0000022bf2033dd0 Thread exited: 0x0000022bf2033dd0
Event: 14.219 Thread 0x0000022be9742860 Thread added: 0x0000022bf0180010


Dynamic libraries:
0x00007ff745700000 - 0x00007ff74570e000 	C:\Program Files\Eclipse Adoptium\jdk-17.0.15.6-hotspot\bin\java.exe
0x00007fff25650000 - 0x00007fff25848000 	C:\Windows\SYSTEM32\ntdll.dll
0x00007fff24b80000 - 0x00007fff24c42000 	C:\Windows\System32\KERNEL32.DLL
0x00007fff22ce0000 - 0x00007fff22fd6000 	C:\Windows\System32\KERNELBASE.dll
0x00007fff201d0000 - 0x00007fff20264000 	C:\Windows\SYSTEM32\apphelp.dll
0x00007fff23080000 - 0x00007fff23180000 	C:\Windows\System32\ucrtbase.dll
0x00007fff1eec0000 - 0x00007fff1eede000 	C:\Program Files\Eclipse Adoptium\jdk-17.0.15.6-hotspot\bin\VCRUNTIME140.dll
0x00007fff1eee0000 - 0x00007fff1eef7000 	C:\Program Files\Eclipse Adoptium\jdk-17.0.15.6-hotspot\bin\jli.dll
0x00007fff24c60000 - 0x00007fff24dfd000 	C:\Windows\System32\USER32.dll
0x00007fff23200000 - 0x00007fff23222000 	C:\Windows\System32\win32u.dll
0x00007fff24f00000 - 0x00007fff24f2b000 	C:\Windows\System32\GDI32.dll
0x00007fff16710000 - 0x00007fff169aa000 	C:\Windows\WinSxS\amd64_microsoft.windows.common-controls_6595b64144ccf1df_6.0.19041.4355_none_60b8b9eb71f62e16\COMCTL32.dll
0x00007fff23550000 - 0x00007fff2366a000 	C:\Windows\System32\gdi32full.dll
0x00007fff24e60000 - 0x00007fff24efe000 	C:\Windows\System32\msvcrt.dll
0x00007fff22fe0000 - 0x00007fff2307d000 	C:\Windows\System32\msvcp_win.dll
0x00007fff25230000 - 0x00007fff2525f000 	C:\Windows\System32\IMM32.DLL
0x00007fff200e0000 - 0x00007fff200ec000 	C:\Program Files\Eclipse Adoptium\jdk-17.0.15.6-hotspot\bin\vcruntime140_1.dll
0x00007fff18210000 - 0x00007fff1829d000 	C:\Program Files\Eclipse Adoptium\jdk-17.0.15.6-hotspot\bin\msvcp140.dll
0x00007ffec35e0000 - 0x00007ffec424b000 	C:\Program Files\Eclipse Adoptium\jdk-17.0.15.6-hotspot\bin\server\jvm.dll
0x00007fff23670000 - 0x00007fff2371f000 	C:\Windows\System32\ADVAPI32.dll
0x00007fff24560000 - 0x00007fff245ff000 	C:\Windows\System32\sechost.dll
0x00007fff25260000 - 0x00007fff25383000 	C:\Windows\System32\RPCRT4.dll
0x00007fff23230000 - 0x00007fff23257000 	C:\Windows\System32\bcrypt.dll
0x00007fff250e0000 - 0x00007fff2514b000 	C:\Windows\System32\WS2_32.dll
0x00007fff22b40000 - 0x00007fff22b8b000 	C:\Windows\SYSTEM32\POWRPROF.dll
0x00007fff19870000 - 0x00007fff1987a000 	C:\Windows\SYSTEM32\VERSION.dll
0x00007fff165f0000 - 0x00007fff16617000 	C:\Windows\SYSTEM32\WINMM.dll
0x00007fff22b20000 - 0x00007fff22b32000 	C:\Windows\SYSTEM32\UMPDC.dll
0x00007fff20b80000 - 0x00007fff20b92000 	C:\Windows\SYSTEM32\kernel.appcore.dll
0x00007fff1dae0000 - 0x00007fff1daea000 	C:\Program Files\Eclipse Adoptium\jdk-17.0.15.6-hotspot\bin\jimage.dll
0x00007fff16ac0000 - 0x00007fff16ca4000 	C:\Windows\SYSTEM32\DBGHELP.DLL
0x00007fff0b4d0000 - 0x00007fff0b504000 	C:\Windows\SYSTEM32\dbgcore.DLL
0x00007fff23260000 - 0x00007fff232e2000 	C:\Windows\System32\bcryptPrimitives.dll
0x00007fff19330000 - 0x00007fff19355000 	C:\Program Files\Eclipse Adoptium\jdk-17.0.15.6-hotspot\bin\java.dll
0x00007ffee79a0000 - 0x00007ffee7a77000 	C:\Program Files\Eclipse Adoptium\jdk-17.0.15.6-hotspot\bin\jsvml.dll
0x00007fff23850000 - 0x00007fff23fbf000 	C:\Windows\System32\SHELL32.dll
0x00007fff20d80000 - 0x00007fff21523000 	C:\Windows\SYSTEM32\windows.storage.dll
0x00007fff24630000 - 0x00007fff24985000 	C:\Windows\System32\combase.dll
0x00007fff22640000 - 0x00007fff2266b000 	C:\Windows\SYSTEM32\Wldp.dll
0x00007fff24ab0000 - 0x00007fff24b7d000 	C:\Windows\System32\OLEAUT32.dll
0x00007fff25560000 - 0x00007fff2560d000 	C:\Windows\System32\SHCORE.dll
0x00007fff244a0000 - 0x00007fff244f5000 	C:\Windows\System32\shlwapi.dll
0x00007fff22c10000 - 0x00007fff22c35000 	C:\Windows\SYSTEM32\profapi.dll
0x00007fff1c780000 - 0x00007fff1c799000 	C:\Program Files\Eclipse Adoptium\jdk-17.0.15.6-hotspot\bin\net.dll
0x00007fff1d540000 - 0x00007fff1d64a000 	C:\Windows\SYSTEM32\WINHTTP.dll
0x00007fff223a0000 - 0x00007fff2240c000 	C:\Windows\system32\mswsock.dll
0x00007fff1c0f0000 - 0x00007fff1c106000 	C:\Program Files\Eclipse Adoptium\jdk-17.0.15.6-hotspot\bin\nio.dll
0x00007fff19310000 - 0x00007fff19328000 	C:\Program Files\Eclipse Adoptium\jdk-17.0.15.6-hotspot\bin\zip.dll
0x00007fff1cdb0000 - 0x00007fff1cdc0000 	C:\Program Files\Eclipse Adoptium\jdk-17.0.15.6-hotspot\bin\verify.dll
0x00007fff040d0000 - 0x00007fff040f7000 	C:\Users\Alaa\.gradle\native\e1d6ef7f7dcc3fd88c89a11ec53ec762bb8ba0a96d01ffa2cd45eb1d1d8dd5c5\windows-amd64\native-platform.dll
0x00007ffee4db0000 - 0x00007ffee4ef4000 	C:\Users\Alaa\.gradle\native\0d407fdbe67a94daf76414ababcb853783967236a71b16ec16e742cd7a986fd3\windows-amd64\native-platform-file-events.dll
0x00007fff1c910000 - 0x00007fff1c91a000 	C:\Program Files\Eclipse Adoptium\jdk-17.0.15.6-hotspot\bin\management.dll
0x00007fff1c0d0000 - 0x00007fff1c0db000 	C:\Program Files\Eclipse Adoptium\jdk-17.0.15.6-hotspot\bin\management_ext.dll
0x00007fff24a10000 - 0x00007fff24a18000 	C:\Windows\System32\PSAPI.DLL
0x00007fff225a0000 - 0x00007fff225b8000 	C:\Windows\SYSTEM32\CRYPTSP.dll
0x00007fff21cc0000 - 0x00007fff21cf8000 	C:\Windows\system32\rsaenh.dll
0x00007fff22bd0000 - 0x00007fff22bfe000 	C:\Windows\SYSTEM32\USERENV.dll
0x00007fff22590000 - 0x00007fff2259c000 	C:\Windows\SYSTEM32\CRYPTBASE.dll
0x00007fff22080000 - 0x00007fff220bb000 	C:\Windows\SYSTEM32\IPHLPAPI.DLL
0x00007fff24600000 - 0x00007fff24608000 	C:\Windows\System32\NSI.dll
0x00007fff1ba30000 - 0x00007fff1ba47000 	C:\Windows\SYSTEM32\dhcpcsvc6.DLL
0x00007fff1c6b0000 - 0x00007fff1c6cd000 	C:\Windows\SYSTEM32\dhcpcsvc.DLL
0x00007fff220c0000 - 0x00007fff2218a000 	C:\Windows\SYSTEM32\DNSAPI.dll
0x00007fff19300000 - 0x00007fff19309000 	C:\Program Files\Eclipse Adoptium\jdk-17.0.15.6-hotspot\bin\extnet.dll
0x00007fff18360000 - 0x00007fff1836e000 	C:\Program Files\Eclipse Adoptium\jdk-17.0.15.6-hotspot\bin\sunmscapi.dll
0x00007fff233f0000 - 0x00007fff2354d000 	C:\Windows\System32\CRYPT32.dll
0x00007fff226b0000 - 0x00007fff226d7000 	C:\Windows\SYSTEM32\ncrypt.dll
0x00007fff22670000 - 0x00007fff226ab000 	C:\Windows\SYSTEM32\NTASN1.dll
0x00007fff16f50000 - 0x00007fff16f57000 	C:\Windows\system32\wshunix.dll
0x0000000074ce0000 - 0x0000000074d06000 	C:\Program Files\Bonjour\mdnsNSP.dll
0x00007fff18de0000 - 0x00007fff18dea000 	C:\Windows\System32\rasadhlp.dll
0x00007fff1a320000 - 0x00007fff1a3a0000 	C:\Windows\System32\fwpuclnt.dll
0x00007fff21f10000 - 0x00007fff21f43000 	C:\Windows\SYSTEM32\ntmarta.dll

dbghelp: loaded successfully - version: 4.0.5 - missing functions: none
symbol engine: initialized successfully - sym options: 0x614 - pdb path: .;C:\Program Files\Eclipse Adoptium\jdk-17.0.15.6-hotspot\bin;C:\Windows\SYSTEM32;C:\Windows\WinSxS\amd64_microsoft.windows.common-controls_6595b64144ccf1df_6.0.19041.4355_none_60b8b9eb71f62e16;C:\Program Files\Eclipse Adoptium\jdk-17.0.15.6-hotspot\bin\server;C:\Users\Alaa\.gradle\native\e1d6ef7f7dcc3fd88c89a11ec53ec762bb8ba0a96d01ffa2cd45eb1d1d8dd5c5\windows-amd64;C:\Users\Alaa\.gradle\native\0d407fdbe67a94daf76414ababcb853783967236a71b16ec16e742cd7a986fd3\windows-amd64;C:\Program Files\Bonjour

VM Arguments:
jvm_args: --add-opens=java.base/java.util=ALL-UNNAMED --add-opens=java.base/java.lang=ALL-UNNAMED --add-opens=java.base/java.lang.invoke=ALL-UNNAMED --add-opens=java.base/java.util=ALL-UNNAMED --add-opens=java.prefs/java.util.prefs=ALL-UNNAMED --add-opens=java.prefs/java.util.prefs=ALL-UNNAMED --add-opens=java.base/java.nio.charset=ALL-UNNAMED --add-opens=java.base/java.net=ALL-UNNAMED --add-opens=java.base/java.util.concurrent.atomic=ALL-UNNAMED -Xmx4536m -Dfile.encoding=windows-1252 -Duser.country=US -Duser.language=en -Duser.variant 
java_command: org.gradle.launcher.daemon.bootstrap.GradleDaemon 7.4.2
java_class_path (initial): C:\Users\Alaa\.gradle\wrapper\dists\gradle-7.4.2-bin\48ivgl02cpt2ed3fh9dbalvx8\gradle-7.4.2\lib\gradle-launcher-7.4.2.jar
Launcher Type: SUN_STANDARD

[Global flags]
     intx CICompilerCount                          = 3                                         {product} {ergonomic}
     uint ConcGCThreads                            = 1                                         {product} {ergonomic}
     uint G1ConcRefinementThreads                  = 4                                         {product} {ergonomic}
   size_t G1HeapRegionSize                         = 4194304                                   {product} {ergonomic}
    uintx GCDrainStackTargetSize                   = 64                                        {product} {ergonomic}
   size_t InitialHeapSize                          = 130023424                                 {product} {ergonomic}
   size_t MarkStackSize                            = 4194304                                   {product} {ergonomic}
   size_t MaxHeapSize                              = 4756340736                                {product} {command line}
   size_t MaxNewSize                               = 2852126720                                {product} {ergonomic}
   size_t MinHeapDeltaBytes                        = 4194304                                   {product} {ergonomic}
   size_t MinHeapSize                              = 8388608                                   {product} {ergonomic}
    uintx NonNMethodCodeHeapSize                   = 5832780                                {pd product} {ergonomic}
    uintx NonProfiledCodeHeapSize                  = 122912730                              {pd product} {ergonomic}
    uintx ProfiledCodeHeapSize                     = 122912730                              {pd product} {ergonomic}
    uintx ReservedCodeCacheSize                    = 251658240                              {pd product} {ergonomic}
     bool SegmentedCodeCache                       = true                                      {product} {ergonomic}
   size_t SoftMaxHeapSize                          = 4756340736                             {manageable} {ergonomic}
     bool UseCompressedClassPointers               = true                           {product lp64_product} {ergonomic}
     bool UseCompressedOops                        = true                           {product lp64_product} {ergonomic}
     bool UseG1GC                                  = true                                      {product} {ergonomic}
     bool UseLargePagesIndividualAllocation        = false                                  {pd product} {ergonomic}

Logging:
Log output configuration:
 #0: stdout all=warning uptime,level,tags
 #1: stderr all=off uptime,level,tags

Environment Variables:
JAVA_HOME=C:\Program Files\Eclipse Adoptium\jdk-17.0.15.6-hotspot
CLASSPATH=F:\InfiniteRunner-main\Backup O\android\build\\gradle\wrapper\gradle-wrapper.jar
PATH=C:\Program Files\Eclipse Adoptium\jdk-17.0.15.6-hotspot\bin;C:\Windows\system32;C:\Windows;C:\Windows\System32\Wbem;C:\Windows\System32\WindowsPowerShell\v1.0\;C:\Windows\System32\OpenSSH\;C:\Program Files\nodejs\;C:\Program Files\dotnet\;C:\Program Files\Docker\Docker\resources\bin;C:\Program Files\Git\cmd;C:\Users\Alaa\AppData\Local\Programs\Python\Python313\Scripts\;C:\Users\Alaa\AppData\Local\Programs\Python\Python313\;C:\Users\Alaa\AppData\Local\Programs\Python\Launcher\;F:\apps;C:\Users\Alaa\AppData\Local\GitHubDesktop\bin;C:\Users\Alaa\Downloads\Windows-64bit\Beave;C:\Users\Alaa\Downloads\Knight_of_the_Condemend;F:\apps\godot;C:\Users\Alaa\Documents\BUCKSHOT.ROULETTE.v1.2.2\BUCKSHOT.ROULETTE.v1.2.2;C:\Users\Alaa\AppData\Roaming\npm
USERNAME=Alaa
OS=Windows_NT
PROCESSOR_IDENTIFIER=Intel64 Family 6 Model 60 Stepping 3, GenuineIntel
TMP=C:\Users\Alaa\AppData\Local\Temp
TEMP=C:\Users\Alaa\AppData\Local\Temp



Periodic native trim disabled


---------------  S Y S T E M  ---------------

OS:
 Windows 10 , 64 bit Build 19041 (10.0.19041.5678)
OS uptime: 0 days 1:58 hours

CPU: total 4 (initial active 4) (4 cores per cpu, 1 threads per core) family 6 model 60 stepping 3 microcode 0x27, cx8, cmov, fxsr, mmx, sse, sse2, sse3, ssse3, sse4.1, sse4.2, popcnt, lzcnt, tsc, tscinvbit, avx, avx2, aes, erms, clmul, bmi1, bmi2, fma, vzeroupper, clflush
Processor Information for all 4 processors :
  Max Mhz: 3301, Current Mhz: 3301, Mhz Limit: 3301

Memory: 4k page, system-wide physical 7878M (1168M free)
TotalPageFile size 9901M (AvailPageFile size 70M)
current process WorkingSet (physical memory assigned to process): 705M, peak: 713M
current process commit charge ("private bytes"): 968M, peak: 1112M

vm_info: OpenJDK 64-Bit Server VM (17.0.15+6) for windows-amd64 JRE (17.0.15+6), built on Apr 15 2025 21:25:47 by "admin" with MS VC++ 17.7 (VS2022)

END.
